<?xml version="1.0" encoding="utf-8"?>
<CoverageSession xmlns:xsd="http://www.w3.org/2001/XMLSchema" xmlns:xsi="http://www.w3.org/2001/XMLSchema-instance">
  <Summary numSequencePoints="1657" visitedSequencePoints="1577" numBranchPoints="922" visitedBranchPoints="769" sequenceCoverage="95.17" branchCoverage="83.41" maxCyclomaticComplexity="31" minCyclomaticComplexity="1" />
  <Modules>
    <Module skippedDueTo="Filter" hash="9F-2C-35-C9-C2-56-F9-13-24-3D-34-BA-07-41-CA-21-16-AA-DC-5C">
      <FullName>C:\WINDOWS\assembly\GAC_64\mscorlib\2.0.0.0__b77a5c561934e089\mscorlib.dll</FullName>
      <ModuleName>mscorlib</ModuleName>
      <Classes />
    </Module>
    <Module skippedDueTo="Filter" hash="F9-04-A8-31-CD-FB-23-72-95-63-5D-14-9A-A0-66-8E-7F-44-93-7A">
      <FullName>C:\WINDOWS\assembly\GAC_64\mscorlib\2.0.0.0__b77a5c561934e089\sorttbls.nlp</FullName>
      <ModuleName>mscorlib</ModuleName>
      <Classes />
    </Module>
    <Module skippedDueTo="Filter" hash="6E-30-2E-50-36-FB-60-2C-8E-50-C0-83-54-8B-CC-EA-A8-91-B6-CC">
      <FullName>C:\WINDOWS\assembly\GAC_64\mscorlib\2.0.0.0__b77a5c561934e089\sortkey.nlp</FullName>
      <ModuleName>mscorlib</ModuleName>
      <Classes />
    </Module>
    <Module skippedDueTo="Filter" hash="15-F9-CC-81-CD-CD-F1-5D-31-3E-DE-51-94-0C-FB-02-80-CA-17-6B">
      <FullName>C:\Projects\opencover.git\working\main\packages\NUnit.Runners.2.6.2\tools\nunit-console.exe</FullName>
      <ModuleName>nunit-console</ModuleName>
      <Classes />
    </Module>
    <Module skippedDueTo="Filter" hash="79-F8-9A-22-4E-29-52-37-00-CF-81-FF-1F-EA-05-EC-74-2A-2E-C8">
      <FullName>C:\Projects\opencover.git\working\main\packages\NUnit.Runners.2.6.2\tools\lib\nunit-console-runner.dll</FullName>
      <ModuleName>nunit-console-runner</ModuleName>
      <Classes />
    </Module>
    <Module skippedDueTo="Filter" hash="23-35-8C-86-05-D5-AE-FE-3C-1F-09-A0-86-02-40-7C-4F-CA-59-41">
      <FullName>C:\Projects\opencover.git\working\main\packages\NUnit.Runners.2.6.2\tools\lib\nunit.core.dll</FullName>
      <ModuleName>nunit.core</ModuleName>
      <Classes />
    </Module>
    <Module skippedDueTo="Filter" hash="57-DD-20-42-DA-33-B3-EE-DA-8C-8E-25-C9-E5-07-B5-08-62-0F-88">
      <FullName>C:\Projects\opencover.git\working\main\packages\NUnit.Runners.2.6.2\tools\lib\nunit.util.dll</FullName>
      <ModuleName>nunit.util</ModuleName>
      <Classes />
    </Module>
    <Module skippedDueTo="Filter" hash="AD-76-2F-3C-5E-F6-77-0D-C6-AD-AF-A3-90-85-28-07-2D-A0-59-50">
      <FullName>C:\Projects\opencover.git\working\main\packages\NUnit.Runners.2.6.2\tools\lib\nunit.core.interfaces.dll</FullName>
      <ModuleName>nunit.core.interfaces</ModuleName>
      <Classes />
    </Module>
    <Module skippedDueTo="Filter" hash="9C-94-42-8B-62-A5-15-B5-51-84-5C-71-7F-D3-E7-5A-7E-85-31-87">
      <FullName>C:\WINDOWS\assembly\GAC_MSIL\System.Configuration\2.0.0.0__b03f5f7f11d50a3a\System.Configuration.dll</FullName>
      <ModuleName>System.Configuration</ModuleName>
      <Classes />
    </Module>
    <Module skippedDueTo="Filter" hash="E6-2E-3C-6A-7C-F7-D2-62-DF-6E-50-C5-89-8F-C2-74-C0-77-53-79">
      <FullName>C:\WINDOWS\assembly\GAC_MSIL\System\2.0.0.0__b77a5c561934e089\System.dll</FullName>
      <ModuleName>System</ModuleName>
      <Classes />
    </Module>
    <Module skippedDueTo="Filter" hash="F1-7D-6A-27-58-B4-36-F8-0B-89-50-5E-CA-EE-F6-22-99-A8-65-41">
      <FullName>C:\WINDOWS\assembly\GAC_MSIL\System.Xml\2.0.0.0__b77a5c561934e089\System.Xml.dll</FullName>
      <ModuleName>System.Xml</ModuleName>
      <Classes />
    </Module>
    <Module skippedDueTo="Filter" hash="FD-F4-B7-70-2D-F1-F3-04-39-92-18-C8-86-1A-16-F8-F1-3D-F4-B5">
      <FullName>C:\WINDOWS\assembly\GAC_MSIL\System.Runtime.Remoting\2.0.0.0__b77a5c561934e089\System.Runtime.Remoting.dll</FullName>
      <ModuleName>System.Runtime.Remoting</ModuleName>
      <Classes />
    </Module>
    <Module skippedDueTo="Filter" hash="28-AC-43-43-3F-69-94-59-0A-98-91-C3-7E-67-FD-0E-6A-53-72-20">
      <FullName>C:\WINDOWS\Microsoft.Net\assembly\GAC_64\mscorlib\v4.0_4.0.0.0__b77a5c561934e089\mscorlib.dll</FullName>
      <ModuleName>mscorlib</ModuleName>
      <Classes />
    </Module>
    <Module skippedDueTo="Filter" hash="FB-85-03-F6-E1-75-BB-8A-0F-44-79-E7-A8-B3-A4-E6-DF-72-B0-75">
      <FullName>C:\Projects\opencover.git\working\main\packages\NUnit.Runners.2.6.2\tools\nunit-agent.exe</FullName>
      <ModuleName>nunit-agent</ModuleName>
      <Classes />
    </Module>
    <Module skippedDueTo="Filter" hash="23-35-8C-86-05-D5-AE-FE-3C-1F-09-A0-86-02-40-7C-4F-CA-59-41">
      <FullName>C:\Projects\opencover.git\working\main\packages\NUnit.Runners.2.6.2\tools\lib\nunit.core.dll</FullName>
      <ModuleName>nunit.core</ModuleName>
      <Classes />
    </Module>
    <Module skippedDueTo="Filter" hash="57-DD-20-42-DA-33-B3-EE-DA-8C-8E-25-C9-E5-07-B5-08-62-0F-88">
      <FullName>C:\Projects\opencover.git\working\main\packages\NUnit.Runners.2.6.2\tools\lib\nunit.util.dll</FullName>
      <ModuleName>nunit.util</ModuleName>
      <Classes />
    </Module>
    <Module skippedDueTo="Filter" hash="AD-76-2F-3C-5E-F6-77-0D-C6-AD-AF-A3-90-85-28-07-2D-A0-59-50">
      <FullName>C:\Projects\opencover.git\working\main\packages\NUnit.Runners.2.6.2\tools\lib\nunit.core.interfaces.dll</FullName>
      <ModuleName>nunit.core.interfaces</ModuleName>
      <Classes />
    </Module>
    <Module skippedDueTo="Filter" hash="CA-AC-BC-58-33-04-2D-56-AD-2D-1A-4A-3F-54-AD-BE-FE-AE-9D-EE">
      <FullName>C:\WINDOWS\Microsoft.Net\assembly\GAC_MSIL\System\v4.0_4.0.0.0__b77a5c561934e089\System.dll</FullName>
      <ModuleName>System</ModuleName>
      <Classes />
    </Module>
    <Module skippedDueTo="Filter" hash="84-64-E1-D2-0A-E2-91-23-AD-BD-B9-7A-3C-89-7B-66-65-58-46-1C">
      <FullName>C:\WINDOWS\Microsoft.Net\assembly\GAC_MSIL\System.Runtime.Remoting\v4.0_4.0.0.0__b77a5c561934e089\System.Runtime.Remoting.dll</FullName>
      <ModuleName>System.Runtime.Remoting</ModuleName>
      <Classes />
    </Module>
    <Module skippedDueTo="Filter" hash="80-32-3B-47-08-F0-74-C4-64-F6-98-9B-54-B3-69-B5-B9-29-D3-E9">
      <FullName>C:\WINDOWS\Microsoft.Net\assembly\GAC_MSIL\System.Configuration\v4.0_4.0.0.0__b03f5f7f11d50a3a\System.Configuration.dll</FullName>
      <ModuleName>System.Configuration</ModuleName>
      <Classes />
    </Module>
    <Module skippedDueTo="Filter" hash="4B-C6-12-DA-61-6B-39-09-CD-DF-A1-00-79-12-63-F9-8E-72-76-27">
      <FullName>C:\WINDOWS\Microsoft.Net\assembly\GAC_MSIL\System.Xml\v4.0_4.0.0.0__b77a5c561934e089\System.Xml.dll</FullName>
      <ModuleName>System.Xml</ModuleName>
      <Classes />
    </Module>
    <Module skippedDueTo="Filter" hash="59-42-E6-F8-DD-8B-B7-45-80-77-BD-4E-59-0E-95-5F-C2-7C-53-D8">
      <FullName>C:\WINDOWS\Microsoft.Net\assembly\GAC_64\System.Web\v4.0_4.0.0.0__b03f5f7f11d50a3a\System.Web.dll</FullName>
      <ModuleName>System.Web</ModuleName>
      <Classes />
    </Module>
    <Module skippedDueTo="Filter" hash="33-1B-4C-D6-28-A3-2C-70-5A-64-4E-DB-C9-FA-04-E4-02-01-D4-27">
      <FullName>C:\WINDOWS\assembly\GAC_64\System.Web\2.0.0.0__b03f5f7f11d50a3a\System.Web.dll</FullName>
      <ModuleName>System.Web</ModuleName>
      <Classes />
    </Module>
    <Module skippedDueTo="Filter" hash="23-35-8C-86-05-D5-AE-FE-3C-1F-09-A0-86-02-40-7C-4F-CA-59-41">
      <FullName>C:\Projects\opencover.git\working\main\packages\NUnit.Runners.2.6.2\tools\lib\nunit.core.dll</FullName>
      <ModuleName>nunit.core</ModuleName>
      <Classes />
    </Module>
    <Module skippedDueTo="Filter" hash="CA-AC-BC-58-33-04-2D-56-AD-2D-1A-4A-3F-54-AD-BE-FE-AE-9D-EE">
      <FullName>C:\WINDOWS\Microsoft.Net\assembly\GAC_MSIL\System\v4.0_4.0.0.0__b77a5c561934e089\System.dll</FullName>
      <ModuleName>System</ModuleName>
      <Classes />
    </Module>
    <Module skippedDueTo="Filter" hash="C8-69-A6-5A-0E-1E-E0-29-EB-EF-CA-C5-2C-E2-B7-EB-F6-D9-64-1A">
      <FullName>C:\Projects\opencover.git\working\main\packages\NUnit.Runners.2.6.2\tools\pnunit.framework.dll</FullName>
      <ModuleName>pnunit.framework</ModuleName>
      <Classes />
    </Module>
    <Module skippedDueTo="Filter" hash="F9-30-3E-D0-DF-D4-B8-50-24-2D-CB-99-08-61-9C-77-28-1C-6D-29">
      <FullName>C:\Projects\opencover.git\working\main\packages\NUnit.Runners.2.6.2\tools\pnunit-agent.exe</FullName>
      <ModuleName>pnunit-agent</ModuleName>
      <Classes />
    </Module>
    <Module skippedDueTo="Filter" hash="AD-76-2F-3C-5E-F6-77-0D-C6-AD-AF-A3-90-85-28-07-2D-A0-59-50">
      <FullName>C:\Projects\opencover.git\working\main\packages\NUnit.Runners.2.6.2\tools\lib\nunit.core.interfaces.dll</FullName>
      <ModuleName>nunit.core.interfaces</ModuleName>
      <Classes />
    </Module>
    <Module skippedDueTo="Filter" hash="DD-C7-A4-7B-11-C7-A0-E1-A2-8C-24-0F-E4-65-6C-79-65-CC-42-92">
      <FullName>C:\Projects\opencover.git\working\main\bin\Debug\OpenCover.Test.dll</FullName>
      <ModuleName>OpenCover.Test</ModuleName>
      <Classes />
    </Module>
    <Module hash="B0-C2-FD-A1-3A-C9-E1-62-0F-2F-6D-EB-74-68-5A-20-27-5F-00-BC">
      <Summary numSequencePoints="1657" visitedSequencePoints="1577" numBranchPoints="922" visitedBranchPoints="769" sequenceCoverage="95.17" branchCoverage="83.41" maxCyclomaticComplexity="31" minCyclomaticComplexity="1" />
      <FullName>C:\Projects\opencover.git\working\main\bin\Debug\OpenCover.Framework.dll</FullName>
      <ModuleName>OpenCover.Framework</ModuleName>
      <Files>
        <File uid="1" fullPath="c:\Projects\opencover.git\working\main\OpenCover.Framework\Bootstrapper.cs" />
        <File uid="2" fullPath="c:\Projects\opencover.git\working\main\OpenCover.Framework\CommandLineParserBase.cs" />
        <File uid="3" fullPath="c:\Projects\opencover.git\working\main\OpenCover.Framework\CommandLineParser.cs" />
        <File uid="5" fullPath="c:\Projects\opencover.git\working\main\OpenCover.Framework\Communication\MarshalWapper.cs" />
        <File uid="6" fullPath="c:\Projects\opencover.git\working\main\OpenCover.Framework\Manager\MemoryManager.cs" />
        <File uid="7" fullPath="c:\Projects\opencover.git\working\main\OpenCover.Framework\Manager\ProfilerManager.cs" />
        <File uid="9" fullPath="c:\Projects\opencover.git\working\main\OpenCover.Framework\Communication\MessageHandler.cs" />
        <File uid="10" fullPath="c:\Projects\opencover.git\working\main\OpenCover.Framework\Model\InstrumentationPoint.cs" />
        <File uid="12" fullPath="c:\Projects\opencover.git\working\main\OpenCover.Framework\Model\InstrumentationModelBuilderFactory.cs" />
        <File uid="13" fullPath="c:\Projects\opencover.git\working\main\OpenCover.Framework\Model\SkippedEntity.cs" />
        <File uid="14" fullPath="c:\Projects\opencover.git\working\main\OpenCover.Framework\Model\TrackedMethod.cs" />
        <File uid="15" fullPath="c:\Projects\opencover.git\working\main\OpenCover.Framework\Persistance\BasePersistance.cs" />
        <File uid="25" fullPath="c:\Projects\opencover.git\working\main\OpenCover.Framework\Persistance\FilePersistance.cs" />
        <File uid="26" fullPath="c:\Projects\opencover.git\working\main\OpenCover.Framework\Filter.cs" />
        <File uid="34" fullPath="c:\Projects\opencover.git\working\main\OpenCover.Framework\Model\InstrumentationModelBuilder.cs" />
        <File uid="35" fullPath="c:\Projects\opencover.git\working\main\OpenCover.Framework\Model\Class.cs" />
        <File uid="36" fullPath="c:\Projects\opencover.git\working\main\OpenCover.Framework\Model\CoverageSession.cs" />
        <File uid="37" fullPath="c:\Projects\opencover.git\working\main\OpenCover.Framework\Model\File.cs" />
        <File uid="39" fullPath="c:\Projects\opencover.git\working\main\OpenCover.Framework\Model\Method.cs" />
        <File uid="40" fullPath="c:\Projects\opencover.git\working\main\OpenCover.Framework\Model\Module.cs" />
        <File uid="41" fullPath="c:\Projects\opencover.git\working\main\OpenCover.Framework\ProfilerRegistration.cs" />
        <File uid="42" fullPath="c:\Projects\opencover.git\working\main\OpenCover.Framework\Service\ProfilerCommunication.cs" />
        <File uid="45" fullPath="c:\Projects\opencover.git\working\main\OpenCover.Framework\Strategy\TrackMSTestTestMethods.cs" />
        <File uid="46" fullPath="c:\Projects\opencover.git\working\main\OpenCover.Framework\Strategy\TrackNUnitTestMethods.cs" />
        <File uid="47" fullPath="c:\Projects\opencover.git\working\main\OpenCover.Framework\Symbols\CecilSymbolManager.cs" />
      </Files>
      <Classes>
        <Class>
          <Summary numSequencePoints="0" visitedSequencePoints="0" numBranchPoints="0" visitedBranchPoints="0" sequenceCoverage="0" branchCoverage="0" maxCyclomaticComplexity="0" minCyclomaticComplexity="0" />
          <FullName>&lt;Module&gt;</FullName>
          <Methods />
        </Class>
        <Class>
          <Summary numSequencePoints="22" visitedSequencePoints="22" numBranchPoints="3" visitedBranchPoints="3" sequenceCoverage="100" branchCoverage="100" maxCyclomaticComplexity="1" minCyclomaticComplexity="1" />
          <FullName>OpenCover.Framework.Bootstrapper</FullName>
          <Methods>
            <Method visited="true" cyclomaticComplexity="1" sequenceCoverage="100" branchCoverage="100" isConstructor="false" isStatic="false" isGetter="true" isSetter="false">
              <Summary numSequencePoints="3" visitedSequencePoints="3" numBranchPoints="1" visitedBranchPoints="1" sequenceCoverage="100" branchCoverage="100" maxCyclomaticComplexity="1" minCyclomaticComplexity="1" />
              <MetadataToken>100663298</MetadataToken>
              <Name>Microsoft.Practices.Unity.IUnityContainer OpenCover.Framework.Bootstrapper::get_Container()</Name>
              <FileRef uid="1" />
              <SequencePoints>
                <SequencePoint vc="2" uspid="1" ordinal="0" offset="0" sl="46" sc="17" el="46" ec="18" />
                <SequencePoint vc="2" uspid="2" ordinal="1" offset="1" sl="46" sc="19" el="46" ec="37" />
                <SequencePoint vc="2" uspid="3" ordinal="2" offset="10" sl="46" sc="38" el="46" ec="39" />
              </SequencePoints>
              <BranchPoints />
              <MethodPoint xsi:type="SequencePoint" vc="2" uspid="1" ordinal="0" offset="0" sl="46" sc="17" el="46" ec="18" />
            </Method>
            <Method visited="true" cyclomaticComplexity="1" sequenceCoverage="100" branchCoverage="100" isConstructor="true" isStatic="false" isGetter="false" isSetter="false">
              <Summary numSequencePoints="5" visitedSequencePoints="5" numBranchPoints="1" visitedBranchPoints="1" sequenceCoverage="100" branchCoverage="100" maxCyclomaticComplexity="1" minCyclomaticComplexity="1" />
              <MetadataToken>100663297</MetadataToken>
              <Name>System.Void OpenCover.Framework.Bootstrapper::.ctor(log4net.ILog)</Name>
              <FileRef uid="1" />
              <SequencePoints>
                <SequencePoint vc="2" uspid="4" ordinal="0" offset="0" sl="35" sc="9" el="35" ec="41" />
                <SequencePoint vc="2" uspid="5" ordinal="1" offset="7" sl="36" sc="9" el="36" ec="10" />
                <SequencePoint vc="2" uspid="6" ordinal="2" offset="8" sl="37" sc="13" el="37" ec="30" />
                <SequencePoint vc="2" uspid="7" ordinal="3" offset="15" sl="38" sc="13" el="38" ec="47" />
                <SequencePoint vc="2" uspid="8" ordinal="4" offset="26" sl="39" sc="9" el="39" ec="10" />
              </SequencePoints>
              <BranchPoints />
              <MethodPoint xsi:type="SequencePoint" vc="2" uspid="4" ordinal="0" offset="0" sl="35" sc="9" el="35" ec="41" />
            </Method>
            <Method visited="true" cyclomaticComplexity="1" sequenceCoverage="100" branchCoverage="100" isConstructor="false" isStatic="false" isGetter="false" isSetter="false">
              <Summary numSequencePoints="14" visitedSequencePoints="14" numBranchPoints="1" visitedBranchPoints="1" sequenceCoverage="100" branchCoverage="100" maxCyclomaticComplexity="1" minCyclomaticComplexity="1" />
              <MetadataToken>100663299</MetadataToken>
              <Name>System.Void OpenCover.Framework.Bootstrapper::Initialise(OpenCover.Framework.IFilter,OpenCover.Framework.ICommandLine,OpenCover.Framework.Persistance.IPersistance,OpenCover.Framework.Manager.IMemoryManager)</Name>
              <FileRef uid="1" />
              <SequencePoints>
                <SequencePoint vc="2" uspid="9" ordinal="0" offset="0" sl="56" sc="9" el="56" ec="10" />
                <SequencePoint vc="2" uspid="10" ordinal="1" offset="1" sl="57" sc="13" el="57" ec="50" />
                <SequencePoint vc="2" uspid="11" ordinal="2" offset="19" sl="58" sc="13" el="58" ec="49" />
                <SequencePoint vc="2" uspid="12" ordinal="3" offset="32" sl="59" sc="13" el="59" ec="54" />
                <SequencePoint vc="2" uspid="13" ordinal="4" offset="45" sl="60" sc="13" el="60" ec="54" />
                <SequencePoint vc="2" uspid="14" ordinal="5" offset="58" sl="61" sc="13" el="61" ec="56" />
                <SequencePoint vc="2" uspid="15" ordinal="6" offset="72" sl="62" sc="13" el="62" ec="112" />
                <SequencePoint vc="2" uspid="16" ordinal="7" offset="90" sl="63" sc="13" el="63" ec="74" />
                <SequencePoint vc="2" uspid="17" ordinal="8" offset="108" sl="64" sc="13" el="64" ec="86" />
                <SequencePoint vc="2" uspid="18" ordinal="9" offset="126" sl="65" sc="13" el="65" ec="72" />
                <SequencePoint vc="2" uspid="19" ordinal="10" offset="144" sl="66" sc="13" el="66" ec="72" />
                <SequencePoint vc="2" uspid="20" ordinal="11" offset="162" sl="67" sc="13" el="67" ec="124" />
                <SequencePoint vc="2" uspid="21" ordinal="12" offset="195" sl="68" sc="13" el="68" ec="126" />
                <SequencePoint vc="2" uspid="22" ordinal="13" offset="228" sl="69" sc="9" el="69" ec="10" />
              </SequencePoints>
              <BranchPoints />
              <MethodPoint xsi:type="SequencePoint" vc="2" uspid="9" ordinal="0" offset="0" sl="56" sc="9" el="56" ec="10" />
            </Method>
          </Methods>
        </Class>
        <Class>
          <Summary numSequencePoints="41" visitedSequencePoints="41" numBranchPoints="17" visitedBranchPoints="17" sequenceCoverage="100" branchCoverage="100" maxCyclomaticComplexity="6" minCyclomaticComplexity="1" />
          <FullName>OpenCover.Framework.CommandLineParserBase</FullName>
          <Methods>
            <Method visited="true" cyclomaticComplexity="1" sequenceCoverage="0" branchCoverage="0" isConstructor="false" isStatic="false" isGetter="true" isSetter="false">
              <Summary numSequencePoints="0" visitedSequencePoints="0" numBranchPoints="0" visitedBranchPoints="0" sequenceCoverage="0" branchCoverage="0" maxCyclomaticComplexity="1" minCyclomaticComplexity="1" />
              <MetadataToken>100663301</MetadataToken>
              <Name>System.Collections.Generic.IDictionary`2&lt;System.String,System.String&gt; OpenCover.Framework.CommandLineParserBase::get_ParsedArguments()</Name>
              <SequencePoints />
              <BranchPoints />
              <MethodPoint vc="259" uspid="23" ordinal="0" offset="0" />
            </Method>
            <Method visited="true" cyclomaticComplexity="1" sequenceCoverage="0" branchCoverage="0" isConstructor="false" isStatic="false" isGetter="false" isSetter="true">
              <Summary numSequencePoints="0" visitedSequencePoints="0" numBranchPoints="0" visitedBranchPoints="0" sequenceCoverage="0" branchCoverage="0" maxCyclomaticComplexity="1" minCyclomaticComplexity="1" />
              <MetadataToken>100663302</MetadataToken>
              <Name>System.Void OpenCover.Framework.CommandLineParserBase::set_ParsedArguments(System.Collections.Generic.IDictionary`2&lt;System.String,System.String&gt;)</Name>
              <SequencePoints />
              <BranchPoints />
              <MethodPoint vc="47" uspid="24" ordinal="0" offset="0" />
            </Method>
            <Method visited="true" cyclomaticComplexity="1" sequenceCoverage="100" branchCoverage="100" isConstructor="false" isStatic="false" isGetter="true" isSetter="false">
              <Summary numSequencePoints="3" visitedSequencePoints="3" numBranchPoints="1" visitedBranchPoints="1" sequenceCoverage="100" branchCoverage="100" maxCyclomaticComplexity="1" minCyclomaticComplexity="1" />
              <MetadataToken>100663304</MetadataToken>
              <Name>System.Int32 OpenCover.Framework.CommandLineParserBase::get_ArgumentCount()</Name>
              <FileRef uid="2" />
              <SequencePoints>
                <SequencePoint vc="8" uspid="25" ordinal="0" offset="0" sl="56" sc="40" el="56" ec="41" />
                <SequencePoint vc="8" uspid="26" ordinal="1" offset="1" sl="56" sc="42" el="56" ec="71" />
                <SequencePoint vc="8" uspid="27" ordinal="2" offset="15" sl="56" sc="72" el="56" ec="73" />
              </SequencePoints>
              <BranchPoints />
              <MethodPoint xsi:type="SequencePoint" vc="8" uspid="25" ordinal="0" offset="0" sl="56" sc="40" el="56" ec="41" />
            </Method>
            <Method visited="true" cyclomaticComplexity="1" sequenceCoverage="100" branchCoverage="100" isConstructor="true" isStatic="false" isGetter="false" isSetter="false">
              <Summary numSequencePoints="6" visitedSequencePoints="6" numBranchPoints="1" visitedBranchPoints="1" sequenceCoverage="100" branchCoverage="100" maxCyclomaticComplexity="1" minCyclomaticComplexity="1" />
              <MetadataToken>100663300</MetadataToken>
              <Name>System.Void OpenCover.Framework.CommandLineParserBase::.ctor(System.String[])</Name>
              <FileRef uid="2" />
              <SequencePoints>
                <SequencePoint vc="47" uspid="28" ordinal="0" offset="0" sl="20" sc="9" el="20" ec="60" />
                <SequencePoint vc="47" uspid="29" ordinal="1" offset="7" sl="21" sc="9" el="21" ec="10" />
                <SequencePoint vc="47" uspid="30" ordinal="2" offset="8" sl="22" sc="13" el="22" ec="36" />
                <SequencePoint vc="47" uspid="31" ordinal="3" offset="15" sl="23" sc="13" el="23" ec="64" />
                <SequencePoint vc="47" uspid="32" ordinal="4" offset="27" sl="24" sc="13" el="24" ec="30" />
                <SequencePoint vc="47" uspid="33" ordinal="5" offset="34" sl="25" sc="9" el="25" ec="10" />
              </SequencePoints>
              <BranchPoints />
              <MethodPoint xsi:type="SequencePoint" vc="47" uspid="28" ordinal="0" offset="0" sl="20" sc="9" el="20" ec="60" />
            </Method>
            <Method visited="true" cyclomaticComplexity="6" sequenceCoverage="100" branchCoverage="100" isConstructor="false" isStatic="false" isGetter="false" isSetter="false">
              <Summary numSequencePoints="26" visitedSequencePoints="26" numBranchPoints="11" visitedBranchPoints="11" sequenceCoverage="100" branchCoverage="100" maxCyclomaticComplexity="6" minCyclomaticComplexity="6" />
              <MetadataToken>100663303</MetadataToken>
              <Name>System.Void OpenCover.Framework.CommandLineParserBase::ParseArguments()</Name>
              <FileRef uid="2" />
              <SequencePoints>
                <SequencePoint vc="47" uspid="34" ordinal="0" offset="0" sl="30" sc="9" el="30" ec="10" />
                <SequencePoint vc="47" uspid="35" ordinal="1" offset="1" sl="31" sc="13" el="31" ec="36" />
                <SequencePoint vc="1" uspid="36" ordinal="2" offset="19" sl="31" sc="37" el="31" ec="44" />
                <SequencePoint vc="46" uspid="37" ordinal="3" offset="24" sl="33" sc="13" el="33" ec="20" />
                <SequencePoint vc="46" uspid="38" ordinal="4" offset="25" sl="33" sc="38" el="33" ec="48" />
                <SequencePoint vc="82" uspid="39" ordinal="5" offset="41" sl="33" sc="22" el="33" ec="34" />
                <SequencePoint vc="82" uspid="40" ordinal="6" offset="47" sl="34" sc="13" el="34" ec="14" />
                <SequencePoint vc="82" uspid="41" ordinal="7" offset="48" sl="35" sc="17" el="35" ec="47" />
                <SequencePoint vc="82" uspid="42" ordinal="8" offset="55" sl="36" sc="17" el="36" ec="46" />
                <SequencePoint vc="3" uspid="43" ordinal="9" offset="72" sl="36" sc="47" el="36" ec="56" />
                <SequencePoint vc="79" uspid="44" ordinal="10" offset="74" sl="37" sc="17" el="37" ec="48" />
                <SequencePoint vc="79" uspid="45" ordinal="11" offset="82" sl="38" sc="17" el="38" ec="51" />
                <SequencePoint vc="1" uspid="46" ordinal="12" offset="97" sl="38" sc="52" el="38" ec="61" />
                <SequencePoint vc="78" uspid="47" ordinal="13" offset="99" sl="39" sc="17" el="39" ec="53" />
                <SequencePoint vc="78" uspid="48" ordinal="14" offset="108" sl="40" sc="17" el="40" ec="32" />
                <SequencePoint vc="63" uspid="49" ordinal="15" offset="121" sl="41" sc="17" el="41" ec="18" />
                <SequencePoint vc="63" uspid="50" ordinal="16" offset="122" sl="42" sc="21" el="42" ec="62" />
                <SequencePoint vc="63" uspid="51" ordinal="17" offset="131" sl="43" sc="21" el="43" ec="63" />
                <SequencePoint vc="63" uspid="52" ordinal="18" offset="142" sl="44" sc="21" el="44" ec="51" />
                <SequencePoint vc="63" uspid="53" ordinal="19" offset="157" sl="45" sc="17" el="45" ec="18" />
                <SequencePoint vc="15" uspid="54" ordinal="20" offset="160" sl="47" sc="17" el="47" ec="18" />
                <SequencePoint vc="15" uspid="55" ordinal="21" offset="161" sl="48" sc="21" el="48" ec="64" />
                <SequencePoint vc="15" uspid="56" ordinal="22" offset="179" sl="49" sc="17" el="49" ec="18" />
                <SequencePoint vc="78" uspid="57" ordinal="23" offset="180" sl="50" sc="13" el="50" ec="14" />
                <SequencePoint vc="128" uspid="58" ordinal="24" offset="187" sl="33" sc="35" el="33" ec="37" />
                <SequencePoint vc="47" uspid="59" ordinal="25" offset="204" sl="51" sc="9" el="51" ec="10" />
              </SequencePoints>
              <BranchPoints>
                <BranchPoint vc="1" uspid="60" ordinal="0" offset="17" path="0" />
                <BranchPoint vc="46" uspid="61" ordinal="1" offset="17" path="1" />
                <BranchPoint vc="3" uspid="62" ordinal="2" offset="70" path="0" />
                <BranchPoint vc="79" uspid="63" ordinal="3" offset="70" path="1" />
                <BranchPoint vc="1" uspid="64" ordinal="4" offset="95" path="0" />
                <BranchPoint vc="78" uspid="65" ordinal="5" offset="95" path="1" />
                <BranchPoint vc="63" uspid="66" ordinal="6" offset="119" path="0" />
                <BranchPoint vc="15" uspid="67" ordinal="7" offset="119" path="1" />
                <BranchPoint vc="46" uspid="68" ordinal="8" offset="199" path="0" />
                <BranchPoint vc="82" uspid="69" ordinal="9" offset="199" path="1" />
              </BranchPoints>
              <MethodPoint xsi:type="SequencePoint" vc="47" uspid="34" ordinal="0" offset="0" sl="30" sc="9" el="30" ec="10" />
            </Method>
            <Method visited="true" cyclomaticComplexity="1" sequenceCoverage="100" branchCoverage="100" isConstructor="false" isStatic="false" isGetter="false" isSetter="false">
              <Summary numSequencePoints="3" visitedSequencePoints="3" numBranchPoints="1" visitedBranchPoints="1" sequenceCoverage="100" branchCoverage="100" maxCyclomaticComplexity="1" minCyclomaticComplexity="1" />
              <MetadataToken>100663305</MetadataToken>
              <Name>System.Boolean OpenCover.Framework.CommandLineParserBase::HasArgument(System.String)</Name>
              <FileRef uid="2" />
              <SequencePoints>
                <SequencePoint vc="74" uspid="70" ordinal="0" offset="0" sl="64" sc="9" el="64" ec="10" />
                <SequencePoint vc="74" uspid="71" ordinal="1" offset="1" sl="65" sc="13" el="65" ec="58" />
                <SequencePoint vc="74" uspid="72" ordinal="2" offset="16" sl="66" sc="9" el="66" ec="10" />
              </SequencePoints>
              <BranchPoints />
              <MethodPoint xsi:type="SequencePoint" vc="74" uspid="70" ordinal="0" offset="0" sl="64" sc="9" el="64" ec="10" />
            </Method>
            <Method visited="true" cyclomaticComplexity="3" sequenceCoverage="100" branchCoverage="100" isConstructor="false" isStatic="false" isGetter="false" isSetter="false">
              <Summary numSequencePoints="3" visitedSequencePoints="3" numBranchPoints="3" visitedBranchPoints="3" sequenceCoverage="100" branchCoverage="100" maxCyclomaticComplexity="3" minCyclomaticComplexity="3" />
              <MetadataToken>100663306</MetadataToken>
              <Name>System.String OpenCover.Framework.CommandLineParserBase::GetArgumentValue(System.String)</Name>
              <FileRef uid="2" />
              <SequencePoints>
                <SequencePoint vc="64" uspid="73" ordinal="0" offset="0" sl="74" sc="9" el="74" ec="10" />
                <SequencePoint vc="64" uspid="74" ordinal="1" offset="1" sl="75" sc="13" el="75" ec="85" />
                <SequencePoint vc="64" uspid="75" ordinal="2" offset="33" sl="76" sc="9" el="76" ec="10" />
              </SequencePoints>
              <BranchPoints>
                <BranchPoint vc="1" uspid="76" ordinal="0" offset="8" path="0" />
                <BranchPoint vc="63" uspid="77" ordinal="1" offset="8" path="1" />
              </BranchPoints>
              <MethodPoint xsi:type="SequencePoint" vc="64" uspid="73" ordinal="0" offset="0" sl="74" sc="9" el="74" ec="10" />
            </Method>
          </Methods>
        </Class>
        <Class>
          <Summary numSequencePoints="142" visitedSequencePoints="142" numBranchPoints="59" visitedBranchPoints="55" sequenceCoverage="100" branchCoverage="93.22" maxCyclomaticComplexity="30" minCyclomaticComplexity="1" />
          <FullName>OpenCover.Framework.CommandLineParser</FullName>
          <Methods>
            <Method visited="true" cyclomaticComplexity="1" sequenceCoverage="0" branchCoverage="0" isConstructor="false" isStatic="false" isGetter="true" isSetter="false">
              <Summary numSequencePoints="0" visitedSequencePoints="0" numBranchPoints="0" visitedBranchPoints="0" sequenceCoverage="0" branchCoverage="0" maxCyclomaticComplexity="1" minCyclomaticComplexity="1" />
              <MetadataToken>100663316</MetadataToken>
              <Name>System.Boolean OpenCover.Framework.CommandLineParser::get_Register()</Name>
              <SequencePoints />
              <BranchPoints />
              <MethodPoint vc="3" uspid="78" ordinal="0" offset="0" />
            </Method>
            <Method visited="true" cyclomaticComplexity="1" sequenceCoverage="0" branchCoverage="0" isConstructor="false" isStatic="false" isGetter="false" isSetter="true">
              <Summary numSequencePoints="0" visitedSequencePoints="0" numBranchPoints="0" visitedBranchPoints="0" sequenceCoverage="0" branchCoverage="0" maxCyclomaticComplexity="1" minCyclomaticComplexity="1" />
              <MetadataToken>100663317</MetadataToken>
              <Name>System.Void OpenCover.Framework.CommandLineParser::set_Register(System.Boolean)</Name>
              <SequencePoints />
              <BranchPoints />
              <MethodPoint vc="2" uspid="79" ordinal="0" offset="0" />
            </Method>
            <Method visited="true" cyclomaticComplexity="1" sequenceCoverage="0" branchCoverage="0" isConstructor="false" isStatic="false" isGetter="true" isSetter="false">
              <Summary numSequencePoints="0" visitedSequencePoints="0" numBranchPoints="0" visitedBranchPoints="0" sequenceCoverage="0" branchCoverage="0" maxCyclomaticComplexity="1" minCyclomaticComplexity="1" />
              <MetadataToken>100663318</MetadataToken>
              <Name>System.Boolean OpenCover.Framework.CommandLineParser::get_UserRegistration()</Name>
              <SequencePoints />
              <BranchPoints />
              <MethodPoint vc="3" uspid="80" ordinal="0" offset="0" />
            </Method>
            <Method visited="true" cyclomaticComplexity="1" sequenceCoverage="0" branchCoverage="0" isConstructor="false" isStatic="false" isGetter="false" isSetter="true">
              <Summary numSequencePoints="0" visitedSequencePoints="0" numBranchPoints="0" visitedBranchPoints="0" sequenceCoverage="0" branchCoverage="0" maxCyclomaticComplexity="1" minCyclomaticComplexity="1" />
              <MetadataToken>100663319</MetadataToken>
              <Name>System.Void OpenCover.Framework.CommandLineParser::set_UserRegistration(System.Boolean)</Name>
              <SequencePoints />
              <BranchPoints />
              <MethodPoint vc="2" uspid="81" ordinal="0" offset="0" />
            </Method>
            <Method visited="true" cyclomaticComplexity="1" sequenceCoverage="0" branchCoverage="0" isConstructor="false" isStatic="false" isGetter="true" isSetter="false">
              <Summary numSequencePoints="0" visitedSequencePoints="0" numBranchPoints="0" visitedBranchPoints="0" sequenceCoverage="0" branchCoverage="0" maxCyclomaticComplexity="1" minCyclomaticComplexity="1" />
              <MetadataToken>100663320</MetadataToken>
              <Name>System.String OpenCover.Framework.CommandLineParser::get_Target()</Name>
              <SequencePoints />
              <BranchPoints />
              <MethodPoint vc="31" uspid="82" ordinal="0" offset="0" />
            </Method>
            <Method visited="true" cyclomaticComplexity="1" sequenceCoverage="0" branchCoverage="0" isConstructor="false" isStatic="false" isGetter="false" isSetter="true">
              <Summary numSequencePoints="0" visitedSequencePoints="0" numBranchPoints="0" visitedBranchPoints="0" sequenceCoverage="0" branchCoverage="0" maxCyclomaticComplexity="1" minCyclomaticComplexity="1" />
              <MetadataToken>100663321</MetadataToken>
              <Name>System.Void OpenCover.Framework.CommandLineParser::set_Target(System.String)</Name>
              <SequencePoints />
              <BranchPoints />
              <MethodPoint vc="30" uspid="83" ordinal="0" offset="0" />
            </Method>
            <Method visited="true" cyclomaticComplexity="1" sequenceCoverage="0" branchCoverage="0" isConstructor="false" isStatic="false" isGetter="true" isSetter="false">
              <Summary numSequencePoints="0" visitedSequencePoints="0" numBranchPoints="0" visitedBranchPoints="0" sequenceCoverage="0" branchCoverage="0" maxCyclomaticComplexity="1" minCyclomaticComplexity="1" />
              <MetadataToken>100663322</MetadataToken>
              <Name>System.String OpenCover.Framework.CommandLineParser::get_TargetDir()</Name>
              <SequencePoints />
              <BranchPoints />
              <MethodPoint vc="1" uspid="84" ordinal="0" offset="0" />
            </Method>
            <Method visited="true" cyclomaticComplexity="1" sequenceCoverage="0" branchCoverage="0" isConstructor="false" isStatic="false" isGetter="false" isSetter="true">
              <Summary numSequencePoints="0" visitedSequencePoints="0" numBranchPoints="0" visitedBranchPoints="0" sequenceCoverage="0" branchCoverage="0" maxCyclomaticComplexity="1" minCyclomaticComplexity="1" />
              <MetadataToken>100663323</MetadataToken>
              <Name>System.Void OpenCover.Framework.CommandLineParser::set_TargetDir(System.String)</Name>
              <SequencePoints />
              <BranchPoints />
              <MethodPoint vc="1" uspid="85" ordinal="0" offset="0" />
            </Method>
            <Method visited="true" cyclomaticComplexity="1" sequenceCoverage="0" branchCoverage="0" isConstructor="false" isStatic="false" isGetter="true" isSetter="false">
              <Summary numSequencePoints="0" visitedSequencePoints="0" numBranchPoints="0" visitedBranchPoints="0" sequenceCoverage="0" branchCoverage="0" maxCyclomaticComplexity="1" minCyclomaticComplexity="1" />
              <MetadataToken>100663324</MetadataToken>
              <Name>System.String OpenCover.Framework.CommandLineParser::get_TargetArgs()</Name>
              <SequencePoints />
              <BranchPoints />
              <MethodPoint vc="1" uspid="86" ordinal="0" offset="0" />
            </Method>
            <Method visited="true" cyclomaticComplexity="1" sequenceCoverage="0" branchCoverage="0" isConstructor="false" isStatic="false" isGetter="false" isSetter="true">
              <Summary numSequencePoints="0" visitedSequencePoints="0" numBranchPoints="0" visitedBranchPoints="0" sequenceCoverage="0" branchCoverage="0" maxCyclomaticComplexity="1" minCyclomaticComplexity="1" />
              <MetadataToken>100663325</MetadataToken>
              <Name>System.Void OpenCover.Framework.CommandLineParser::set_TargetArgs(System.String)</Name>
              <SequencePoints />
              <BranchPoints />
              <MethodPoint vc="1" uspid="87" ordinal="0" offset="0" />
            </Method>
            <Method visited="true" cyclomaticComplexity="1" sequenceCoverage="0" branchCoverage="0" isConstructor="false" isStatic="false" isGetter="true" isSetter="false">
              <Summary numSequencePoints="0" visitedSequencePoints="0" numBranchPoints="0" visitedBranchPoints="0" sequenceCoverage="0" branchCoverage="0" maxCyclomaticComplexity="1" minCyclomaticComplexity="1" />
              <MetadataToken>100663326</MetadataToken>
              <Name>System.Boolean OpenCover.Framework.CommandLineParser::get_PrintUsage()</Name>
              <SequencePoints />
              <BranchPoints />
              <MethodPoint vc="32" uspid="88" ordinal="0" offset="0" />
            </Method>
            <Method visited="true" cyclomaticComplexity="1" sequenceCoverage="0" branchCoverage="0" isConstructor="false" isStatic="false" isGetter="false" isSetter="true">
              <Summary numSequencePoints="0" visitedSequencePoints="0" numBranchPoints="0" visitedBranchPoints="0" sequenceCoverage="0" branchCoverage="0" maxCyclomaticComplexity="1" minCyclomaticComplexity="1" />
              <MetadataToken>100663327</MetadataToken>
              <Name>System.Void OpenCover.Framework.CommandLineParser::set_PrintUsage(System.Boolean)</Name>
              <SequencePoints />
              <BranchPoints />
              <MethodPoint vc="1" uspid="89" ordinal="0" offset="0" />
            </Method>
            <Method visited="true" cyclomaticComplexity="1" sequenceCoverage="0" branchCoverage="0" isConstructor="false" isStatic="false" isGetter="true" isSetter="false">
              <Summary numSequencePoints="0" visitedSequencePoints="0" numBranchPoints="0" visitedBranchPoints="0" sequenceCoverage="0" branchCoverage="0" maxCyclomaticComplexity="1" minCyclomaticComplexity="1" />
              <MetadataToken>100663328</MetadataToken>
              <Name>System.String OpenCover.Framework.CommandLineParser::get_OutputFile()</Name>
              <SequencePoints />
              <BranchPoints />
              <MethodPoint vc="1" uspid="90" ordinal="0" offset="0" />
            </Method>
            <Method visited="true" cyclomaticComplexity="1" sequenceCoverage="0" branchCoverage="0" isConstructor="false" isStatic="false" isGetter="false" isSetter="true">
              <Summary numSequencePoints="0" visitedSequencePoints="0" numBranchPoints="0" visitedBranchPoints="0" sequenceCoverage="0" branchCoverage="0" maxCyclomaticComplexity="1" minCyclomaticComplexity="1" />
              <MetadataToken>100663329</MetadataToken>
              <Name>System.Void OpenCover.Framework.CommandLineParser::set_OutputFile(System.String)</Name>
              <SequencePoints />
              <BranchPoints />
              <MethodPoint vc="38" uspid="91" ordinal="0" offset="0" />
            </Method>
            <Method visited="true" cyclomaticComplexity="1" sequenceCoverage="0" branchCoverage="0" isConstructor="false" isStatic="false" isGetter="true" isSetter="false">
              <Summary numSequencePoints="0" visitedSequencePoints="0" numBranchPoints="0" visitedBranchPoints="0" sequenceCoverage="0" branchCoverage="0" maxCyclomaticComplexity="1" minCyclomaticComplexity="1" />
              <MetadataToken>100663330</MetadataToken>
              <Name>System.Boolean OpenCover.Framework.CommandLineParser::get_NoDefaultFilters()</Name>
              <SequencePoints />
              <BranchPoints />
              <MethodPoint vc="2" uspid="92" ordinal="0" offset="0" />
            </Method>
            <Method visited="true" cyclomaticComplexity="1" sequenceCoverage="0" branchCoverage="0" isConstructor="false" isStatic="false" isGetter="false" isSetter="true">
              <Summary numSequencePoints="0" visitedSequencePoints="0" numBranchPoints="0" visitedBranchPoints="0" sequenceCoverage="0" branchCoverage="0" maxCyclomaticComplexity="1" minCyclomaticComplexity="1" />
              <MetadataToken>100663331</MetadataToken>
              <Name>System.Void OpenCover.Framework.CommandLineParser::set_NoDefaultFilters(System.Boolean)</Name>
              <SequencePoints />
              <BranchPoints />
              <MethodPoint vc="1" uspid="93" ordinal="0" offset="0" />
            </Method>
            <Method visited="true" cyclomaticComplexity="1" sequenceCoverage="0" branchCoverage="0" isConstructor="false" isStatic="false" isGetter="true" isSetter="false">
              <Summary numSequencePoints="0" visitedSequencePoints="0" numBranchPoints="0" visitedBranchPoints="0" sequenceCoverage="0" branchCoverage="0" maxCyclomaticComplexity="1" minCyclomaticComplexity="1" />
              <MetadataToken>100663332</MetadataToken>
              <Name>System.Boolean OpenCover.Framework.CommandLineParser::get_MergeByHash()</Name>
              <SequencePoints />
              <BranchPoints />
              <MethodPoint vc="2" uspid="94" ordinal="0" offset="0" />
            </Method>
            <Method visited="true" cyclomaticComplexity="1" sequenceCoverage="0" branchCoverage="0" isConstructor="false" isStatic="false" isGetter="false" isSetter="true">
              <Summary numSequencePoints="0" visitedSequencePoints="0" numBranchPoints="0" visitedBranchPoints="0" sequenceCoverage="0" branchCoverage="0" maxCyclomaticComplexity="1" minCyclomaticComplexity="1" />
              <MetadataToken>100663333</MetadataToken>
              <Name>System.Void OpenCover.Framework.CommandLineParser::set_MergeByHash(System.Boolean)</Name>
              <SequencePoints />
              <BranchPoints />
              <MethodPoint vc="1" uspid="95" ordinal="0" offset="0" />
            </Method>
            <Method visited="true" cyclomaticComplexity="1" sequenceCoverage="0" branchCoverage="0" isConstructor="false" isStatic="false" isGetter="true" isSetter="false">
              <Summary numSequencePoints="0" visitedSequencePoints="0" numBranchPoints="0" visitedBranchPoints="0" sequenceCoverage="0" branchCoverage="0" maxCyclomaticComplexity="1" minCyclomaticComplexity="1" />
              <MetadataToken>100663334</MetadataToken>
              <Name>System.Boolean OpenCover.Framework.CommandLineParser::get_ShowUnvisited()</Name>
              <SequencePoints />
              <BranchPoints />
              <MethodPoint vc="2" uspid="96" ordinal="0" offset="0" />
            </Method>
            <Method visited="true" cyclomaticComplexity="1" sequenceCoverage="0" branchCoverage="0" isConstructor="false" isStatic="false" isGetter="false" isSetter="true">
              <Summary numSequencePoints="0" visitedSequencePoints="0" numBranchPoints="0" visitedBranchPoints="0" sequenceCoverage="0" branchCoverage="0" maxCyclomaticComplexity="1" minCyclomaticComplexity="1" />
              <MetadataToken>100663335</MetadataToken>
              <Name>System.Void OpenCover.Framework.CommandLineParser::set_ShowUnvisited(System.Boolean)</Name>
              <SequencePoints />
              <BranchPoints />
              <MethodPoint vc="1" uspid="97" ordinal="0" offset="0" />
            </Method>
            <Method visited="true" cyclomaticComplexity="1" sequenceCoverage="0" branchCoverage="0" isConstructor="false" isStatic="false" isGetter="true" isSetter="false">
              <Summary numSequencePoints="0" visitedSequencePoints="0" numBranchPoints="0" visitedBranchPoints="0" sequenceCoverage="0" branchCoverage="0" maxCyclomaticComplexity="1" minCyclomaticComplexity="1" />
              <MetadataToken>100663336</MetadataToken>
              <Name>System.Boolean OpenCover.Framework.CommandLineParser::get_ReturnTargetCode()</Name>
              <SequencePoints />
              <BranchPoints />
              <MethodPoint vc="2" uspid="98" ordinal="0" offset="0" />
            </Method>
            <Method visited="true" cyclomaticComplexity="1" sequenceCoverage="0" branchCoverage="0" isConstructor="false" isStatic="false" isGetter="false" isSetter="true">
              <Summary numSequencePoints="0" visitedSequencePoints="0" numBranchPoints="0" visitedBranchPoints="0" sequenceCoverage="0" branchCoverage="0" maxCyclomaticComplexity="1" minCyclomaticComplexity="1" />
              <MetadataToken>100663337</MetadataToken>
              <Name>System.Void OpenCover.Framework.CommandLineParser::set_ReturnTargetCode(System.Boolean)</Name>
              <SequencePoints />
              <BranchPoints />
              <MethodPoint vc="3" uspid="99" ordinal="0" offset="0" />
            </Method>
            <Method visited="true" cyclomaticComplexity="1" sequenceCoverage="0" branchCoverage="0" isConstructor="false" isStatic="false" isGetter="true" isSetter="false">
              <Summary numSequencePoints="0" visitedSequencePoints="0" numBranchPoints="0" visitedBranchPoints="0" sequenceCoverage="0" branchCoverage="0" maxCyclomaticComplexity="1" minCyclomaticComplexity="1" />
              <MetadataToken>100663338</MetadataToken>
              <Name>System.Collections.Generic.List`1&lt;System.String&gt; OpenCover.Framework.CommandLineParser::get_Filters()</Name>
              <SequencePoints />
              <BranchPoints />
              <MethodPoint vc="7" uspid="100" ordinal="0" offset="0" />
            </Method>
            <Method visited="true" cyclomaticComplexity="1" sequenceCoverage="0" branchCoverage="0" isConstructor="false" isStatic="false" isGetter="false" isSetter="true">
              <Summary numSequencePoints="0" visitedSequencePoints="0" numBranchPoints="0" visitedBranchPoints="0" sequenceCoverage="0" branchCoverage="0" maxCyclomaticComplexity="1" minCyclomaticComplexity="1" />
              <MetadataToken>100663339</MetadataToken>
              <Name>System.Void OpenCover.Framework.CommandLineParser::set_Filters(System.Collections.Generic.List`1&lt;System.String&gt;)</Name>
              <SequencePoints />
              <BranchPoints />
              <MethodPoint vc="40" uspid="101" ordinal="0" offset="0" />
            </Method>
            <Method visited="true" cyclomaticComplexity="1" sequenceCoverage="0" branchCoverage="0" isConstructor="false" isStatic="false" isGetter="true" isSetter="false">
              <Summary numSequencePoints="0" visitedSequencePoints="0" numBranchPoints="0" visitedBranchPoints="0" sequenceCoverage="0" branchCoverage="0" maxCyclomaticComplexity="1" minCyclomaticComplexity="1" />
              <MetadataToken>100663340</MetadataToken>
              <Name>System.String OpenCover.Framework.CommandLineParser::get_FilterFile()</Name>
              <SequencePoints />
              <BranchPoints />
              <MethodPoint vc="1" uspid="102" ordinal="0" offset="0" />
            </Method>
            <Method visited="true" cyclomaticComplexity="1" sequenceCoverage="0" branchCoverage="0" isConstructor="false" isStatic="false" isGetter="false" isSetter="true">
              <Summary numSequencePoints="0" visitedSequencePoints="0" numBranchPoints="0" visitedBranchPoints="0" sequenceCoverage="0" branchCoverage="0" maxCyclomaticComplexity="1" minCyclomaticComplexity="1" />
              <MetadataToken>100663341</MetadataToken>
              <Name>System.Void OpenCover.Framework.CommandLineParser::set_FilterFile(System.String)</Name>
              <SequencePoints />
              <BranchPoints />
              <MethodPoint vc="1" uspid="103" ordinal="0" offset="0" />
            </Method>
            <Method visited="true" cyclomaticComplexity="1" sequenceCoverage="0" branchCoverage="0" isConstructor="false" isStatic="false" isGetter="true" isSetter="false">
              <Summary numSequencePoints="0" visitedSequencePoints="0" numBranchPoints="0" visitedBranchPoints="0" sequenceCoverage="0" branchCoverage="0" maxCyclomaticComplexity="1" minCyclomaticComplexity="1" />
              <MetadataToken>100663342</MetadataToken>
              <Name>System.Int32 OpenCover.Framework.CommandLineParser::get_ReturnCodeOffset()</Name>
              <SequencePoints />
              <BranchPoints />
              <MethodPoint vc="2" uspid="104" ordinal="0" offset="0" />
            </Method>
            <Method visited="true" cyclomaticComplexity="1" sequenceCoverage="0" branchCoverage="0" isConstructor="false" isStatic="false" isGetter="false" isSetter="true">
              <Summary numSequencePoints="0" visitedSequencePoints="0" numBranchPoints="0" visitedBranchPoints="0" sequenceCoverage="0" branchCoverage="0" maxCyclomaticComplexity="1" minCyclomaticComplexity="1" />
              <MetadataToken>100663343</MetadataToken>
              <Name>System.Void OpenCover.Framework.CommandLineParser::set_ReturnCodeOffset(System.Int32)</Name>
              <SequencePoints />
              <BranchPoints />
              <MethodPoint vc="1" uspid="105" ordinal="0" offset="0" />
            </Method>
            <Method visited="true" cyclomaticComplexity="1" sequenceCoverage="0" branchCoverage="0" isConstructor="false" isStatic="false" isGetter="true" isSetter="false">
              <Summary numSequencePoints="0" visitedSequencePoints="0" numBranchPoints="0" visitedBranchPoints="0" sequenceCoverage="0" branchCoverage="0" maxCyclomaticComplexity="1" minCyclomaticComplexity="1" />
              <MetadataToken>100663344</MetadataToken>
              <Name>System.Collections.Generic.List`1&lt;System.String&gt; OpenCover.Framework.CommandLineParser::get_AttributeExclusionFilters()</Name>
              <SequencePoints />
              <BranchPoints />
              <MethodPoint vc="6" uspid="106" ordinal="0" offset="0" />
            </Method>
            <Method visited="true" cyclomaticComplexity="1" sequenceCoverage="0" branchCoverage="0" isConstructor="false" isStatic="false" isGetter="false" isSetter="true">
              <Summary numSequencePoints="0" visitedSequencePoints="0" numBranchPoints="0" visitedBranchPoints="0" sequenceCoverage="0" branchCoverage="0" maxCyclomaticComplexity="1" minCyclomaticComplexity="1" />
              <MetadataToken>100663345</MetadataToken>
              <Name>System.Void OpenCover.Framework.CommandLineParser::set_AttributeExclusionFilters(System.Collections.Generic.List`1&lt;System.String&gt;)</Name>
              <SequencePoints />
              <BranchPoints />
              <MethodPoint vc="39" uspid="107" ordinal="0" offset="0" />
            </Method>
            <Method visited="true" cyclomaticComplexity="1" sequenceCoverage="0" branchCoverage="0" isConstructor="false" isStatic="false" isGetter="true" isSetter="false">
              <Summary numSequencePoints="0" visitedSequencePoints="0" numBranchPoints="0" visitedBranchPoints="0" sequenceCoverage="0" branchCoverage="0" maxCyclomaticComplexity="1" minCyclomaticComplexity="1" />
              <MetadataToken>100663346</MetadataToken>
              <Name>System.Collections.Generic.List`1&lt;System.String&gt; OpenCover.Framework.CommandLineParser::get_FileExclusionFilters()</Name>
              <SequencePoints />
              <BranchPoints />
              <MethodPoint vc="6" uspid="108" ordinal="0" offset="0" />
            </Method>
            <Method visited="true" cyclomaticComplexity="1" sequenceCoverage="0" branchCoverage="0" isConstructor="false" isStatic="false" isGetter="false" isSetter="true">
              <Summary numSequencePoints="0" visitedSequencePoints="0" numBranchPoints="0" visitedBranchPoints="0" sequenceCoverage="0" branchCoverage="0" maxCyclomaticComplexity="1" minCyclomaticComplexity="1" />
              <MetadataToken>100663347</MetadataToken>
              <Name>System.Void OpenCover.Framework.CommandLineParser::set_FileExclusionFilters(System.Collections.Generic.List`1&lt;System.String&gt;)</Name>
              <SequencePoints />
              <BranchPoints />
              <MethodPoint vc="39" uspid="109" ordinal="0" offset="0" />
            </Method>
            <Method visited="true" cyclomaticComplexity="1" sequenceCoverage="0" branchCoverage="0" isConstructor="false" isStatic="false" isGetter="true" isSetter="false">
              <Summary numSequencePoints="0" visitedSequencePoints="0" numBranchPoints="0" visitedBranchPoints="0" sequenceCoverage="0" branchCoverage="0" maxCyclomaticComplexity="1" minCyclomaticComplexity="1" />
              <MetadataToken>100663348</MetadataToken>
              <Name>System.Collections.Generic.List`1&lt;System.String&gt; OpenCover.Framework.CommandLineParser::get_TestFilters()</Name>
              <SequencePoints />
              <BranchPoints />
              <MethodPoint vc="4" uspid="110" ordinal="0" offset="0" />
            </Method>
            <Method visited="true" cyclomaticComplexity="1" sequenceCoverage="0" branchCoverage="0" isConstructor="false" isStatic="false" isGetter="false" isSetter="true">
              <Summary numSequencePoints="0" visitedSequencePoints="0" numBranchPoints="0" visitedBranchPoints="0" sequenceCoverage="0" branchCoverage="0" maxCyclomaticComplexity="1" minCyclomaticComplexity="1" />
              <MetadataToken>100663349</MetadataToken>
              <Name>System.Void OpenCover.Framework.CommandLineParser::set_TestFilters(System.Collections.Generic.List`1&lt;System.String&gt;)</Name>
              <SequencePoints />
              <BranchPoints />
              <MethodPoint vc="38" uspid="111" ordinal="0" offset="0" />
            </Method>
            <Method visited="true" cyclomaticComplexity="1" sequenceCoverage="0" branchCoverage="0" isConstructor="false" isStatic="false" isGetter="true" isSetter="false">
              <Summary numSequencePoints="0" visitedSequencePoints="0" numBranchPoints="0" visitedBranchPoints="0" sequenceCoverage="0" branchCoverage="0" maxCyclomaticComplexity="1" minCyclomaticComplexity="1" />
              <MetadataToken>100663350</MetadataToken>
              <Name>System.Collections.Generic.List`1&lt;OpenCover.Framework.Model.SkippedMethod&gt; OpenCover.Framework.CommandLineParser::get_HideSkipped()</Name>
              <SequencePoints />
              <BranchPoints />
              <MethodPoint vc="11" uspid="112" ordinal="0" offset="0" />
            </Method>
            <Method visited="true" cyclomaticComplexity="1" sequenceCoverage="0" branchCoverage="0" isConstructor="false" isStatic="false" isGetter="false" isSetter="true">
              <Summary numSequencePoints="0" visitedSequencePoints="0" numBranchPoints="0" visitedBranchPoints="0" sequenceCoverage="0" branchCoverage="0" maxCyclomaticComplexity="1" minCyclomaticComplexity="1" />
              <MetadataToken>100663351</MetadataToken>
              <Name>System.Void OpenCover.Framework.CommandLineParser::set_HideSkipped(System.Collections.Generic.List`1&lt;OpenCover.Framework.Model.SkippedMethod&gt;)</Name>
              <SequencePoints />
              <BranchPoints />
              <MethodPoint vc="43" uspid="113" ordinal="0" offset="0" />
            </Method>
            <Method visited="true" cyclomaticComplexity="1" sequenceCoverage="0" branchCoverage="0" isConstructor="false" isStatic="false" isGetter="true" isSetter="false">
              <Summary numSequencePoints="0" visitedSequencePoints="0" numBranchPoints="0" visitedBranchPoints="0" sequenceCoverage="0" branchCoverage="0" maxCyclomaticComplexity="1" minCyclomaticComplexity="1" />
              <MetadataToken>100663352</MetadataToken>
              <Name>log4net.Core.Level OpenCover.Framework.CommandLineParser::get_LogLevel()</Name>
              <SequencePoints />
              <BranchPoints />
              <MethodPoint vc="1" uspid="114" ordinal="0" offset="0" />
            </Method>
            <Method visited="true" cyclomaticComplexity="1" sequenceCoverage="0" branchCoverage="0" isConstructor="false" isStatic="false" isGetter="false" isSetter="true">
              <Summary numSequencePoints="0" visitedSequencePoints="0" numBranchPoints="0" visitedBranchPoints="0" sequenceCoverage="0" branchCoverage="0" maxCyclomaticComplexity="1" minCyclomaticComplexity="1" />
              <MetadataToken>100663353</MetadataToken>
              <Name>System.Void OpenCover.Framework.CommandLineParser::set_LogLevel(log4net.Core.Level)</Name>
              <SequencePoints />
              <BranchPoints />
              <MethodPoint vc="38" uspid="115" ordinal="0" offset="0" />
            </Method>
            <Method visited="true" cyclomaticComplexity="1" sequenceCoverage="0" branchCoverage="0" isConstructor="false" isStatic="false" isGetter="true" isSetter="false">
              <Summary numSequencePoints="0" visitedSequencePoints="0" numBranchPoints="0" visitedBranchPoints="0" sequenceCoverage="0" branchCoverage="0" maxCyclomaticComplexity="1" minCyclomaticComplexity="1" />
              <MetadataToken>100663354</MetadataToken>
              <Name>System.Boolean OpenCover.Framework.CommandLineParser::get_Service()</Name>
              <SequencePoints />
              <BranchPoints />
              <MethodPoint vc="2" uspid="116" ordinal="0" offset="0" />
            </Method>
            <Method visited="true" cyclomaticComplexity="1" sequenceCoverage="0" branchCoverage="0" isConstructor="false" isStatic="false" isGetter="false" isSetter="true">
              <Summary numSequencePoints="0" visitedSequencePoints="0" numBranchPoints="0" visitedBranchPoints="0" sequenceCoverage="0" branchCoverage="0" maxCyclomaticComplexity="1" minCyclomaticComplexity="1" />
              <MetadataToken>100663355</MetadataToken>
              <Name>System.Void OpenCover.Framework.CommandLineParser::set_Service(System.Boolean)</Name>
              <SequencePoints />
              <BranchPoints />
              <MethodPoint vc="1" uspid="117" ordinal="0" offset="0" />
            </Method>
            <Method visited="true" cyclomaticComplexity="1" sequenceCoverage="0" branchCoverage="0" isConstructor="false" isStatic="false" isGetter="true" isSetter="false">
              <Summary numSequencePoints="0" visitedSequencePoints="0" numBranchPoints="0" visitedBranchPoints="0" sequenceCoverage="0" branchCoverage="0" maxCyclomaticComplexity="1" minCyclomaticComplexity="1" />
              <MetadataToken>100663356</MetadataToken>
              <Name>System.Boolean OpenCover.Framework.CommandLineParser::get_OldStyleInstrumentation()</Name>
              <SequencePoints />
              <BranchPoints />
              <MethodPoint vc="1" uspid="118" ordinal="0" offset="0" />
            </Method>
            <Method visited="true" cyclomaticComplexity="1" sequenceCoverage="0" branchCoverage="0" isConstructor="false" isStatic="false" isGetter="false" isSetter="true">
              <Summary numSequencePoints="0" visitedSequencePoints="0" numBranchPoints="0" visitedBranchPoints="0" sequenceCoverage="0" branchCoverage="0" maxCyclomaticComplexity="1" minCyclomaticComplexity="1" />
              <MetadataToken>100663357</MetadataToken>
              <Name>System.Void OpenCover.Framework.CommandLineParser::set_OldStyleInstrumentation(System.Boolean)</Name>
              <SequencePoints />
              <BranchPoints />
              <MethodPoint vc="1" uspid="119" ordinal="0" offset="0" />
            </Method>
            <Method visited="true" cyclomaticComplexity="1" sequenceCoverage="100" branchCoverage="100" isConstructor="true" isStatic="false" isGetter="false" isSetter="false">
              <Summary numSequencePoints="10" visitedSequencePoints="10" numBranchPoints="1" visitedBranchPoints="1" sequenceCoverage="100" branchCoverage="100" maxCyclomaticComplexity="1" minCyclomaticComplexity="1" />
              <MetadataToken>100663311</MetadataToken>
              <Name>System.Void OpenCover.Framework.CommandLineParser::.ctor(System.String[])</Name>
              <FileRef uid="3" />
              <SequencePoints>
                <SequencePoint vc="37" uspid="120" ordinal="0" offset="0" sl="28" sc="9" el="29" ec="30" />
                <SequencePoint vc="37" uspid="121" ordinal="1" offset="8" sl="30" sc="9" el="30" ec="10" />
                <SequencePoint vc="37" uspid="122" ordinal="2" offset="9" sl="31" sc="13" el="31" ec="40" />
                <SequencePoint vc="37" uspid="123" ordinal="3" offset="21" sl="32" sc="13" el="32" ec="42" />
                <SequencePoint vc="37" uspid="124" ordinal="4" offset="33" sl="33" sc="13" el="33" ec="60" />
                <SequencePoint vc="37" uspid="125" ordinal="5" offset="45" sl="34" sc="13" el="34" ec="55" />
                <SequencePoint vc="37" uspid="126" ordinal="6" offset="57" sl="35" sc="13" el="35" ec="46" />
                <SequencePoint vc="37" uspid="127" ordinal="7" offset="69" sl="36" sc="13" el="36" ec="35" />
                <SequencePoint vc="37" uspid="128" ordinal="8" offset="81" sl="37" sc="13" el="37" ec="53" />
                <SequencePoint vc="37" uspid="129" ordinal="9" offset="93" sl="38" sc="9" el="38" ec="10" />
              </SequencePoints>
              <BranchPoints />
              <MethodPoint xsi:type="SequencePoint" vc="37" uspid="120" ordinal="0" offset="0" sl="28" sc="9" el="29" ec="30" />
            </Method>
            <Method visited="true" cyclomaticComplexity="1" sequenceCoverage="100" branchCoverage="100" isConstructor="false" isStatic="false" isGetter="false" isSetter="false">
              <Summary numSequencePoints="39" visitedSequencePoints="39" numBranchPoints="1" visitedBranchPoints="1" sequenceCoverage="100" branchCoverage="100" maxCyclomaticComplexity="1" minCyclomaticComplexity="1" />
              <MetadataToken>100663312</MetadataToken>
              <Name>System.String OpenCover.Framework.CommandLineParser::Usage()</Name>
              <FileRef uid="3" />
              <SequencePoints>
                <SequencePoint vc="1" uspid="130" ordinal="0" offset="0" sl="45" sc="9" el="45" ec="10" />
                <SequencePoint vc="1" uspid="131" ordinal="1" offset="1" sl="46" sc="13" el="46" ec="47" />
                <SequencePoint vc="1" uspid="132" ordinal="2" offset="7" sl="47" sc="13" el="47" ec="42" />
                <SequencePoint vc="1" uspid="133" ordinal="3" offset="19" sl="48" sc="13" el="48" ec="76" />
                <SequencePoint vc="1" uspid="134" ordinal="4" offset="31" sl="49" sc="13" el="49" ec="79" />
                <SequencePoint vc="1" uspid="135" ordinal="5" offset="43" sl="50" sc="13" el="50" ec="96" />
                <SequencePoint vc="1" uspid="136" ordinal="6" offset="55" sl="51" sc="13" el="51" ec="58" />
                <SequencePoint vc="1" uspid="137" ordinal="7" offset="67" sl="52" sc="13" el="52" ec="72" />
                <SequencePoint vc="1" uspid="138" ordinal="8" offset="79" sl="53" sc="13" el="53" ec="83" />
                <SequencePoint vc="1" uspid="139" ordinal="9" offset="91" sl="54" sc="13" el="54" ec="76" />
                <SequencePoint vc="1" uspid="140" ordinal="10" offset="103" sl="55" sc="13" el="55" ec="59" />
                <SequencePoint vc="1" uspid="141" ordinal="11" offset="115" sl="56" sc="13" el="56" ec="54" />
                <SequencePoint vc="1" uspid="142" ordinal="12" offset="127" sl="57" sc="13" el="57" ec="56" />
                <SequencePoint vc="1" uspid="143" ordinal="13" offset="139" sl="58" sc="13" el="58" ec="89" />
                <SequencePoint vc="1" uspid="144" ordinal="14" offset="151" sl="59" sc="13" el="59" ec="92" />
                <SequencePoint vc="1" uspid="145" ordinal="15" offset="163" sl="60" sc="13" el="60" ec="87" />
                <SequencePoint vc="1" uspid="146" ordinal="16" offset="175" sl="61" sc="13" el="61" ec="85" />
                <SequencePoint vc="1" uspid="147" ordinal="17" offset="187" sl="62" sc="13" el="62" ec="130" />
                <SequencePoint vc="1" uspid="148" ordinal="18" offset="199" sl="63" sc="13" el="63" ec="92" />
                <SequencePoint vc="1" uspid="149" ordinal="19" offset="211" sl="64" sc="13" el="64" ec="50" />
                <SequencePoint vc="1" uspid="150" ordinal="20" offset="223" sl="65" sc="13" el="65" ec="51" />
                <SequencePoint vc="1" uspid="151" ordinal="21" offset="235" sl="66" sc="13" el="66" ec="38" />
                <SequencePoint vc="1" uspid="152" ordinal="22" offset="247" sl="67" sc="13" el="67" ec="42" />
                <SequencePoint vc="1" uspid="153" ordinal="23" offset="259" sl="68" sc="13" el="68" ec="36" />
                <SequencePoint vc="1" uspid="154" ordinal="24" offset="271" sl="69" sc="13" el="69" ec="101" />
                <SequencePoint vc="1" uspid="155" ordinal="25" offset="283" sl="70" sc="13" el="70" ec="87" />
                <SequencePoint vc="1" uspid="156" ordinal="26" offset="295" sl="71" sc="13" el="71" ec="36" />
                <SequencePoint vc="1" uspid="157" ordinal="27" offset="307" sl="72" sc="13" el="72" ec="44" />
                <SequencePoint vc="1" uspid="158" ordinal="28" offset="319" sl="73" sc="13" el="73" ec="107" />
                <SequencePoint vc="1" uspid="159" ordinal="29" offset="331" sl="74" sc="13" el="74" ec="112" />
                <SequencePoint vc="1" uspid="160" ordinal="30" offset="343" sl="75" sc="13" el="75" ec="107" />
                <SequencePoint vc="1" uspid="161" ordinal="31" offset="355" sl="76" sc="13" el="76" ec="48" />
                <SequencePoint vc="1" uspid="162" ordinal="32" offset="367" sl="77" sc="13" el="77" ec="44" />
                <SequencePoint vc="1" uspid="163" ordinal="33" offset="379" sl="78" sc="13" el="78" ec="109" />
                <SequencePoint vc="1" uspid="164" ordinal="34" offset="391" sl="79" sc="13" el="79" ec="88" />
                <SequencePoint vc="1" uspid="165" ordinal="35" offset="403" sl="80" sc="13" el="80" ec="42" />
                <SequencePoint vc="1" uspid="166" ordinal="36" offset="415" sl="81" sc="13" el="81" ec="114" />
                <SequencePoint vc="1" uspid="167" ordinal="37" offset="427" sl="83" sc="13" el="83" ec="39" />
                <SequencePoint vc="1" uspid="168" ordinal="38" offset="436" sl="84" sc="9" el="84" ec="10" />
              </SequencePoints>
              <BranchPoints />
              <MethodPoint xsi:type="SequencePoint" vc="1" uspid="130" ordinal="0" offset="0" sl="45" sc="9" el="45" ec="10" />
            </Method>
            <Method visited="true" cyclomaticComplexity="30" sequenceCoverage="100" branchCoverage="92.31" isConstructor="false" isStatic="false" isGetter="false" isSetter="false">
              <Summary numSequencePoints="63" visitedSequencePoints="63" numBranchPoints="39" visitedBranchPoints="36" sequenceCoverage="100" branchCoverage="92.31" maxCyclomaticComplexity="30" minCyclomaticComplexity="30" />
              <MetadataToken>100663313</MetadataToken>
              <Name>System.Void OpenCover.Framework.CommandLineParser::ExtractAndValidateArguments()</Name>
              <FileRef uid="3" />
              <SequencePoints>
                <SequencePoint vc="36" uspid="169" ordinal="0" offset="0" sl="90" sc="9" el="90" ec="10" />
                <SequencePoint vc="36" uspid="170" ordinal="1" offset="1" sl="91" sc="13" el="91" ec="20" />
                <SequencePoint vc="36" uspid="171" ordinal="2" offset="2" sl="91" sc="33" el="91" ec="53" />
                <SequencePoint vc="64" uspid="172" ordinal="3" offset="25" sl="91" sc="22" el="91" ec="29" />
                <SequencePoint vc="64" uspid="173" ordinal="4" offset="33" sl="92" sc="13" el="92" ec="14" />
                <SequencePoint vc="64" uspid="174" ordinal="5" offset="34" sl="93" sc="17" el="93" ec="52" />
                <SequencePoint vc="64" uspid="175" ordinal="6" offset="48" sl="94" sc="17" el="94" ec="30" />
                <SequencePoint vc="2" uspid="176" ordinal="7" offset="431" sl="97" sc="25" el="97" ec="41" />
                <SequencePoint vc="2" uspid="177" ordinal="8" offset="439" sl="98" sc="25" el="98" ec="104" />
                <SequencePoint vc="2" uspid="178" ordinal="9" offset="472" sl="99" sc="25" el="99" ec="31" />
                <SequencePoint vc="30" uspid="179" ordinal="10" offset="477" sl="101" sc="25" el="101" ec="61" />
                <SequencePoint vc="30" uspid="180" ordinal="11" offset="495" sl="102" sc="25" el="102" ec="31" />
                <SequencePoint vc="1" uspid="181" ordinal="12" offset="500" sl="104" sc="25" el="104" ec="67" />
                <SequencePoint vc="1" uspid="182" ordinal="13" offset="518" sl="105" sc="25" el="105" ec="31" />
                <SequencePoint vc="1" uspid="183" ordinal="14" offset="523" sl="107" sc="25" el="107" ec="69" />
                <SequencePoint vc="1" uspid="184" ordinal="15" offset="541" sl="108" sc="25" el="108" ec="31" />
                <SequencePoint vc="1" uspid="185" ordinal="16" offset="546" sl="110" sc="25" el="110" ec="65" />
                <SequencePoint vc="1" uspid="186" ordinal="17" offset="564" sl="111" sc="25" el="111" ec="31" />
                <SequencePoint vc="1" uspid="187" ordinal="18" offset="569" sl="113" sc="25" el="113" ec="49" />
                <SequencePoint vc="1" uspid="188" ordinal="19" offset="577" sl="114" sc="25" el="114" ec="31" />
                <SequencePoint vc="1" uspid="189" ordinal="20" offset="582" sl="116" sc="25" el="116" ec="44" />
                <SequencePoint vc="1" uspid="190" ordinal="21" offset="590" sl="117" sc="25" el="117" ec="31" />
                <SequencePoint vc="1" uspid="191" ordinal="22" offset="595" sl="119" sc="25" el="119" ec="46" />
                <SequencePoint vc="1" uspid="192" ordinal="23" offset="603" sl="120" sc="25" el="120" ec="31" />
                <SequencePoint vc="3" uspid="193" ordinal="24" offset="608" sl="122" sc="25" el="122" ec="49" />
                <SequencePoint vc="3" uspid="194" ordinal="25" offset="616" sl="123" sc="25" el="123" ec="77" />
                <SequencePoint vc="3" uspid="195" ordinal="26" offset="628" sl="124" sc="25" el="124" ec="54" />
                <SequencePoint vc="2" uspid="196" ordinal="27" offset="648" sl="125" sc="25" el="125" ec="26" />
                <SequencePoint vc="2" uspid="197" ordinal="28" offset="649" sl="127" sc="29" el="127" ec="68" />
                <SequencePoint vc="1" uspid="198" ordinal="29" offset="666" sl="128" sc="33" el="128" ec="59" />
                <SequencePoint vc="1" uspid="199" ordinal="30" offset="676" sl="130" sc="33" el="130" ec="121" />
                <SequencePoint vc="1" uspid="200" ordinal="31" offset="687" sl="131" sc="25" el="131" ec="26" />
                <SequencePoint vc="2" uspid="201" ordinal="32" offset="688" sl="132" sc="25" el="132" ec="31" />
                <SequencePoint vc="3" uspid="202" ordinal="33" offset="693" sl="134" sc="25" el="134" ec="78" />
                <SequencePoint vc="3" uspid="203" ordinal="34" offset="716" sl="135" sc="25" el="135" ec="31" />
                <SequencePoint vc="1" uspid="204" ordinal="35" offset="721" sl="137" sc="25" el="137" ec="69" />
                <SequencePoint vc="1" uspid="205" ordinal="36" offset="739" sl="138" sc="25" el="138" ec="31" />
                <SequencePoint vc="2" uspid="206" ordinal="37" offset="744" sl="140" sc="25" el="141" ec="50" />
                <SequencePoint vc="2" uspid="207" ordinal="38" offset="788" sl="142" sc="25" el="142" ec="31" />
                <SequencePoint vc="2" uspid="208" ordinal="39" offset="793" sl="144" sc="25" el="145" ec="50" />
                <SequencePoint vc="2" uspid="209" ordinal="40" offset="837" sl="146" sc="25" el="146" ec="31" />
                <SequencePoint vc="7" uspid="210" ordinal="41" offset="842" sl="148" sc="25" el="148" ec="87" />
                <SequencePoint vc="6" uspid="211" ordinal="42" offset="865" sl="149" sc="25" el="149" ec="31" />
                <SequencePoint vc="1" uspid="212" ordinal="43" offset="870" sl="151" sc="25" el="152" ec="50" />
                <SequencePoint vc="1" uspid="213" ordinal="44" offset="914" sl="153" sc="25" el="153" ec="31" />
                <SequencePoint vc="2" uspid="214" ordinal="45" offset="919" sl="155" sc="25" el="155" ec="61" />
                <SequencePoint vc="2" uspid="215" ordinal="46" offset="937" sl="156" sc="25" el="157" ec="137" />
                <SequencePoint vc="1" uspid="216" ordinal="47" offset="999" sl="158" sc="25" el="158" ec="31" />
                <SequencePoint vc="1" uspid="217" ordinal="48" offset="1001" sl="160" sc="25" el="160" ec="40" />
                <SequencePoint vc="1" uspid="218" ordinal="49" offset="1009" sl="161" sc="25" el="161" ec="31" />
                <SequencePoint vc="1" uspid="219" ordinal="50" offset="1011" sl="163" sc="25" el="163" ec="56" />
                <SequencePoint vc="1" uspid="220" ordinal="51" offset="1019" sl="164" sc="25" el="164" ec="31" />
                <SequencePoint vc="1" uspid="221" ordinal="52" offset="1021" sl="166" sc="25" el="166" ec="43" />
                <SequencePoint vc="1" uspid="222" ordinal="53" offset="1029" sl="167" sc="25" el="167" ec="31" />
                <SequencePoint vc="2" uspid="223" ordinal="54" offset="1031" sl="169" sc="25" el="169" ec="119" />
                <SequencePoint vc="59" uspid="224" ordinal="55" offset="1048" sl="171" sc="13" el="171" ec="14" />
                <SequencePoint vc="95" uspid="225" ordinal="56" offset="1049" sl="91" sc="30" el="91" ec="32" />
                <SequencePoint vc="31" uspid="226" ordinal="57" offset="1088" sl="173" sc="13" el="173" ec="28" />
                <SequencePoint vc="1" uspid="227" ordinal="58" offset="1103" sl="173" sc="29" el="173" ec="36" />
                <SequencePoint vc="30" uspid="228" ordinal="59" offset="1105" sl="175" sc="13" el="175" ec="51" />
                <SequencePoint vc="1" uspid="229" ordinal="60" offset="1125" sl="176" sc="13" el="176" ec="14" />
                <SequencePoint vc="1" uspid="230" ordinal="61" offset="1126" sl="177" sc="17" el="177" ec="88" />
                <SequencePoint vc="30" uspid="231" ordinal="62" offset="1137" sl="179" sc="9" el="179" ec="10" />
              </SequencePoints>
              <BranchPoints>
                <BranchPoint vc="64" uspid="232" ordinal="0" offset="53" path="0" />
                <BranchPoint vc="0" uspid="233" ordinal="1" offset="53" path="1" />
                <BranchPoint vc="1" uspid="234" ordinal="2" offset="65" path="0" />
                <BranchPoint vc="63" uspid="235" ordinal="3" offset="65" path="1" />
                <BranchPoint vc="62" uspid="236" ordinal="4" offset="338" path="0" />
                <BranchPoint vc="2" uspid="237" ordinal="5" offset="338" path="1" />
                <BranchPoint vc="0" uspid="238" ordinal="6" offset="345" path="0" />
                <BranchPoint vc="2" uspid="239" ordinal="7" offset="345" path="1" />
                <BranchPoint vc="30" uspid="240" ordinal="8" offset="345" path="2" />
                <BranchPoint vc="1" uspid="241" ordinal="9" offset="345" path="3" />
                <BranchPoint vc="1" uspid="242" ordinal="10" offset="345" path="4" />
                <BranchPoint vc="1" uspid="243" ordinal="11" offset="345" path="5" />
                <BranchPoint vc="1" uspid="244" ordinal="12" offset="345" path="6" />
                <BranchPoint vc="1" uspid="245" ordinal="13" offset="345" path="7" />
                <BranchPoint vc="1" uspid="246" ordinal="14" offset="345" path="8" />
                <BranchPoint vc="3" uspid="247" ordinal="15" offset="345" path="9" />
                <BranchPoint vc="3" uspid="248" ordinal="16" offset="345" path="10" />
                <BranchPoint vc="1" uspid="249" ordinal="17" offset="345" path="11" />
                <BranchPoint vc="2" uspid="250" ordinal="18" offset="345" path="12" />
                <BranchPoint vc="2" uspid="251" ordinal="19" offset="345" path="13" />
                <BranchPoint vc="7" uspid="252" ordinal="20" offset="345" path="14" />
                <BranchPoint vc="1" uspid="253" ordinal="21" offset="345" path="15" />
                <BranchPoint vc="2" uspid="254" ordinal="22" offset="345" path="16" />
                <BranchPoint vc="1" uspid="255" ordinal="23" offset="345" path="17" />
                <BranchPoint vc="1" uspid="256" ordinal="24" offset="345" path="18" />
                <BranchPoint vc="1" uspid="257" ordinal="25" offset="345" path="19" />
                <BranchPoint vc="2" uspid="258" ordinal="26" offset="646" path="0" />
                <BranchPoint vc="1" uspid="259" ordinal="27" offset="646" path="1" />
                <BranchPoint vc="1" uspid="260" ordinal="28" offset="664" path="0" />
                <BranchPoint vc="1" uspid="261" ordinal="29" offset="664" path="1" />
                <BranchPoint vc="31" uspid="262" ordinal="30" offset="1060" path="0" />
                <BranchPoint vc="64" uspid="263" ordinal="31" offset="1060" path="1" />
                <BranchPoint vc="36" uspid="264" ordinal="32" offset="1076" path="0" />
                <BranchPoint vc="0" uspid="265" ordinal="33" offset="1076" path="1" />
                <BranchPoint vc="1" uspid="266" ordinal="34" offset="1101" path="0" />
                <BranchPoint vc="30" uspid="267" ordinal="35" offset="1101" path="1" />
                <BranchPoint vc="1" uspid="268" ordinal="36" offset="1123" path="0" />
                <BranchPoint vc="29" uspid="269" ordinal="37" offset="1123" path="1" />
              </BranchPoints>
              <MethodPoint xsi:type="SequencePoint" vc="36" uspid="169" ordinal="0" offset="0" sl="90" sc="9" el="90" ec="10" />
            </Method>
            <Method visited="true" cyclomaticComplexity="3" sequenceCoverage="100" branchCoverage="100" isConstructor="false" isStatic="true" isGetter="false" isSetter="false">
              <Summary numSequencePoints="4" visitedSequencePoints="4" numBranchPoints="5" visitedBranchPoints="5" sequenceCoverage="100" branchCoverage="100" maxCyclomaticComplexity="3" minCyclomaticComplexity="3" />
              <MetadataToken>100663314</MetadataToken>
              <Name>System.Collections.Generic.List`1&lt;System.String&gt; OpenCover.Framework.CommandLineParser::ExtractFilters(System.String)</Name>
              <FileRef uid="3" />
              <SequencePoints>
                <SequencePoint vc="3" uspid="270" ordinal="0" offset="0" sl="182" sc="9" el="182" ec="10" />
                <SequencePoint vc="3" uspid="271" ordinal="1" offset="1" sl="185" sc="13" el="185" ec="63" />
                <SequencePoint vc="3" uspid="272" ordinal="2" offset="13" sl="187" sc="13" el="187" ec="131" />
                <SequencePoint vc="3" uspid="273" ordinal="3" offset="105" sl="188" sc="9" el="188" ec="10" />
              </SequencePoints>
              <BranchPoints>
                <BranchPoint vc="1" uspid="274" ordinal="0" offset="30" path="0" />
                <BranchPoint vc="2" uspid="275" ordinal="1" offset="30" path="1" />
[...]
          <Methods />
        </Class>
        <Class>
          <Summary numSequencePoints="0" visitedSequencePoints="0" numBranchPoints="4" visitedBranchPoints="0" sequenceCoverage="0" branchCoverage="0" maxCyclomaticComplexity="3" minCyclomaticComplexity="1" />
          <FullName>&lt;&gt;f__AnonymousType0`2</FullName>
          <Methods>
            <Method visited="true" cyclomaticComplexity="1" sequenceCoverage="0" branchCoverage="0" isConstructor="false" isStatic="false" isGetter="true" isSetter="false">
              <Summary numSequencePoints="0" visitedSequencePoints="0" numBranchPoints="0" visitedBranchPoints="0" sequenceCoverage="0" branchCoverage="0" maxCyclomaticComplexity="1" minCyclomaticComplexity="1" />
              <MetadataToken>100663748</MetadataToken>
              <Name>&lt;file&gt;j__TPar &lt;&gt;f__AnonymousType0`2::get_file()</Name>
              <SequencePoints />
              <BranchPoints />
              <MethodPoint vc="3" uspid="2576" ordinal="0" offset="0" />
            </Method>
            <Method visited="true" cyclomaticComplexity="1" sequenceCoverage="0" branchCoverage="0" isConstructor="false" isStatic="false" isGetter="true" isSetter="false">
              <Summary numSequencePoints="0" visitedSequencePoints="0" numBranchPoints="0" visitedBranchPoints="0" sequenceCoverage="0" branchCoverage="0" maxCyclomaticComplexity="1" minCyclomaticComplexity="1" />
              <MetadataToken>100663749</MetadataToken>
              <Name>&lt;class&gt;j__TPar &lt;&gt;f__AnonymousType0`2::get_class()</Name>
              <SequencePoints />
              <BranchPoints />
              <MethodPoint vc="2" uspid="2577" ordinal="0" offset="0" />
            </Method>
            <Method visited="true" cyclomaticComplexity="1" sequenceCoverage="0" branchCoverage="0" isConstructor="true" isStatic="false" isGetter="false" isSetter="false">
              <Summary numSequencePoints="0" visitedSequencePoints="0" numBranchPoints="0" visitedBranchPoints="0" sequenceCoverage="0" branchCoverage="0" maxCyclomaticComplexity="1" minCyclomaticComplexity="1" />
              <MetadataToken>100663747</MetadataToken>
              <Name>System.Void &lt;&gt;f__AnonymousType0`2::.ctor(&lt;file&gt;j__TPar,&lt;class&gt;j__TPar)</Name>
              <SequencePoints />
              <BranchPoints />
              <MethodPoint vc="2" uspid="2578" ordinal="0" offset="0" />
            </Method>
            <Method visited="false" cyclomaticComplexity="1" sequenceCoverage="0" branchCoverage="0" isConstructor="false" isStatic="false" isGetter="false" isSetter="false">
              <Summary numSequencePoints="0" visitedSequencePoints="0" numBranchPoints="0" visitedBranchPoints="0" sequenceCoverage="0" branchCoverage="0" maxCyclomaticComplexity="1" minCyclomaticComplexity="1" />
              <MetadataToken>100663750</MetadataToken>
              <Name>System.String &lt;&gt;f__AnonymousType0`2::ToString()</Name>
              <SequencePoints />
              <BranchPoints />
              <MethodPoint vc="0" uspid="2579" ordinal="0" offset="0" />
            </Method>
            <Method visited="false" cyclomaticComplexity="3" sequenceCoverage="0" branchCoverage="0" isConstructor="false" isStatic="false" isGetter="false" isSetter="false">
              <Summary numSequencePoints="0" visitedSequencePoints="0" numBranchPoints="4" visitedBranchPoints="0" sequenceCoverage="0" branchCoverage="0" maxCyclomaticComplexity="3" minCyclomaticComplexity="3" />
              <MetadataToken>100663751</MetadataToken>
              <Name>System.Boolean &lt;&gt;f__AnonymousType0`2::Equals(System.Object)</Name>
              <SequencePoints />
              <BranchPoints>
                <BranchPoint vc="0" uspid="2581" ordinal="0" offset="8" path="0" />
                <BranchPoint vc="0" uspid="2582" ordinal="1" offset="8" path="1" />
                <BranchPoint vc="0" uspid="2583" ordinal="2" offset="32" path="0" />
                <BranchPoint vc="0" uspid="2584" ordinal="3" offset="32" path="1" />
              </BranchPoints>
              <MethodPoint vc="0" uspid="2580" ordinal="0" offset="0" />
            </Method>
            <Method visited="false" cyclomaticComplexity="1" sequenceCoverage="0" branchCoverage="0" isConstructor="false" isStatic="false" isGetter="false" isSetter="false">
              <Summary numSequencePoints="0" visitedSequencePoints="0" numBranchPoints="0" visitedBranchPoints="0" sequenceCoverage="0" branchCoverage="0" maxCyclomaticComplexity="1" minCyclomaticComplexity="1" />
              <MetadataToken>100663752</MetadataToken>
              <Name>System.Int32 &lt;&gt;f__AnonymousType0`2::GetHashCode()</Name>
              <SequencePoints />
              <BranchPoints />
              <MethodPoint vc="0" uspid="2585" ordinal="0" offset="0" />
            </Method>
          </Methods>
        </Class>
        <Class>
          <Summary numSequencePoints="0" visitedSequencePoints="0" numBranchPoints="4" visitedBranchPoints="0" sequenceCoverage="0" branchCoverage="0" maxCyclomaticComplexity="3" minCyclomaticComplexity="1" />
          <FullName>&lt;&gt;f__AnonymousType1`2</FullName>
          <Methods>
            <Method visited="false" cyclomaticComplexity="1" sequenceCoverage="0" branchCoverage="0" isConstructor="false" isStatic="false" isGetter="true" isSetter="false">
              <Summary numSequencePoints="0" visitedSequencePoints="0" numBranchPoints="0" visitedBranchPoints="0" sequenceCoverage="0" branchCoverage="0" maxCyclomaticComplexity="1" minCyclomaticComplexity="1" />
              <MetadataToken>100663787</MetadataToken>
              <Name>&lt;typeDefinition&gt;j__TPar &lt;&gt;f__AnonymousType1`2::get_typeDefinition()</Name>
              <SequencePoints />
              <BranchPoints />
              <MethodPoint vc="0" uspid="2586" ordinal="0" offset="0" />
            </Method>
            <Method visited="true" cyclomaticComplexity="1" sequenceCoverage="0" branchCoverage="0" isConstructor="false" isStatic="false" isGetter="true" isSetter="false">
              <Summary numSequencePoints="0" visitedSequencePoints="0" numBranchPoints="0" visitedBranchPoints="0" sequenceCoverage="0" branchCoverage="0" maxCyclomaticComplexity="1" minCyclomaticComplexity="1" />
              <MetadataToken>100663788</MetadataToken>
              <Name>&lt;methodDefinition&gt;j__TPar &lt;&gt;f__AnonymousType1`2::get_methodDefinition()</Name>
              <SequencePoints />
              <BranchPoints />
              <MethodPoint vc="938" uspid="2587" ordinal="0" offset="0" />
            </Method>
            <Method visited="true" cyclomaticComplexity="1" sequenceCoverage="0" branchCoverage="0" isConstructor="true" isStatic="false" isGetter="false" isSetter="false">
              <Summary numSequencePoints="0" visitedSequencePoints="0" numBranchPoints="0" visitedBranchPoints="0" sequenceCoverage="0" branchCoverage="0" maxCyclomaticComplexity="1" minCyclomaticComplexity="1" />
              <MetadataToken>100663786</MetadataToken>
              <Name>System.Void &lt;&gt;f__AnonymousType1`2::.ctor(&lt;typeDefinition&gt;j__TPar,&lt;methodDefinition&gt;j__TPar)</Name>
              <SequencePoints />
              <BranchPoints />
              <MethodPoint vc="622" uspid="2588" ordinal="0" offset="0" />
            </Method>
            <Method visited="false" cyclomaticComplexity="1" sequenceCoverage="0" branchCoverage="0" isConstructor="false" isStatic="false" isGetter="false" isSetter="false">
              <Summary numSequencePoints="0" visitedSequencePoints="0" numBranchPoints="0" visitedBranchPoints="0" sequenceCoverage="0" branchCoverage="0" maxCyclomaticComplexity="1" minCyclomaticComplexity="1" />
              <MetadataToken>100663789</MetadataToken>
              <Name>System.String &lt;&gt;f__AnonymousType1`2::ToString()</Name>
              <SequencePoints />
              <BranchPoints />
              <MethodPoint vc="0" uspid="2589" ordinal="0" offset="0" />
            </Method>
            <Method visited="false" cyclomaticComplexity="3" sequenceCoverage="0" branchCoverage="0" isConstructor="false" isStatic="false" isGetter="false" isSetter="false">
              <Summary numSequencePoints="0" visitedSequencePoints="0" numBranchPoints="4" visitedBranchPoints="0" sequenceCoverage="0" branchCoverage="0" maxCyclomaticComplexity="3" minCyclomaticComplexity="3" />
              <MetadataToken>100663790</MetadataToken>
              <Name>System.Boolean &lt;&gt;f__AnonymousType1`2::Equals(System.Object)</Name>
              <SequencePoints />
              <BranchPoints>
                <BranchPoint vc="0" uspid="2591" ordinal="0" offset="8" path="0" />
                <BranchPoint vc="0" uspid="2592" ordinal="1" offset="8" path="1" />
                <BranchPoint vc="0" uspid="2593" ordinal="2" offset="32" path="0" />
                <BranchPoint vc="0" uspid="2594" ordinal="3" offset="32" path="1" />
              </BranchPoints>
              <MethodPoint vc="0" uspid="2590" ordinal="0" offset="0" />
            </Method>
            <Method visited="false" cyclomaticComplexity="1" sequenceCoverage="0" branchCoverage="0" isConstructor="false" isStatic="false" isGetter="false" isSetter="false">
              <Summary numSequencePoints="0" visitedSequencePoints="0" numBranchPoints="0" visitedBranchPoints="0" sequenceCoverage="0" branchCoverage="0" maxCyclomaticComplexity="1" minCyclomaticComplexity="1" />
              <MetadataToken>100663791</MetadataToken>
              <Name>System.Int32 &lt;&gt;f__AnonymousType1`2::GetHashCode()</Name>
              <SequencePoints />
              <BranchPoints />
              <MethodPoint vc="0" uspid="2595" ordinal="0" offset="0" />
            </Method>
          </Methods>
        </Class>
        <Class>
          <Summary numSequencePoints="0" visitedSequencePoints="0" numBranchPoints="4" visitedBranchPoints="0" sequenceCoverage="0" branchCoverage="0" maxCyclomaticComplexity="3" minCyclomaticComplexity="1" />
          <FullName>&lt;&gt;f__AnonymousType2`2</FullName>
          <Methods>
            <Method visited="true" cyclomaticComplexity="1" sequenceCoverage="0" branchCoverage="0" isConstructor="false" isStatic="false" isGetter="true" isSetter="false">
              <Summary numSequencePoints="0" visitedSequencePoints="0" numBranchPoints="0" visitedBranchPoints="0" sequenceCoverage="0" branchCoverage="0" maxCyclomaticComplexity="1" minCyclomaticComplexity="1" />
              <MetadataToken>100663793</MetadataToken>
              <Name>&lt;&lt;&gt;h__TransparentIdentifier0&gt;j__TPar &lt;&gt;f__AnonymousType2`2::get_&lt;&gt;h__TransparentIdentifier0()</Name>
              <SequencePoints />
              <BranchPoints />
              <MethodPoint vc="316" uspid="2596" ordinal="0" offset="0" />
            </Method>
            <Method visited="true" cyclomaticComplexity="1" sequenceCoverage="0" branchCoverage="0" isConstructor="false" isStatic="false" isGetter="true" isSetter="false">
              <Summary numSequencePoints="0" visitedSequencePoints="0" numBranchPoints="0" visitedBranchPoints="0" sequenceCoverage="0" branchCoverage="0" maxCyclomaticComplexity="1" minCyclomaticComplexity="1" />
              <MetadataToken>100663794</MetadataToken>
              <Name>&lt;customAttribute&gt;j__TPar &lt;&gt;f__AnonymousType2`2::get_customAttribute()</Name>
              <SequencePoints />
              <BranchPoints />
              <MethodPoint vc="511" uspid="2597" ordinal="0" offset="0" />
            </Method>
            <Method visited="true" cyclomaticComplexity="1" sequenceCoverage="0" branchCoverage="0" isConstructor="true" isStatic="false" isGetter="false" isSetter="false">
              <Summary numSequencePoints="0" visitedSequencePoints="0" numBranchPoints="0" visitedBranchPoints="0" sequenceCoverage="0" branchCoverage="0" maxCyclomaticComplexity="1" minCyclomaticComplexity="1" />
              <MetadataToken>100663792</MetadataToken>
              <Name>System.Void &lt;&gt;f__AnonymousType2`2::.ctor(&lt;&lt;&gt;h__TransparentIdentifier0&gt;j__TPar,&lt;customAttribute&gt;j__TPar)</Name>
              <SequencePoints />
              <BranchPoints />
              <MethodPoint vc="511" uspid="2598" ordinal="0" offset="0" />
            </Method>
            <Method visited="false" cyclomaticComplexity="1" sequenceCoverage="0" branchCoverage="0" isConstructor="false" isStatic="false" isGetter="false" isSetter="false">
              <Summary numSequencePoints="0" visitedSequencePoints="0" numBranchPoints="0" visitedBranchPoints="0" sequenceCoverage="0" branchCoverage="0" maxCyclomaticComplexity="1" minCyclomaticComplexity="1" />
              <MetadataToken>100663795</MetadataToken>
              <Name>System.String &lt;&gt;f__AnonymousType2`2::ToString()</Name>
              <SequencePoints />
              <BranchPoints />
              <MethodPoint vc="0" uspid="2599" ordinal="0" offset="0" />
            </Method>
            <Method visited="false" cyclomaticComplexity="3" sequenceCoverage="0" branchCoverage="0" isConstructor="false" isStatic="false" isGetter="false" isSetter="false">
              <Summary numSequencePoints="0" visitedSequencePoints="0" numBranchPoints="4" visitedBranchPoints="0" sequenceCoverage="0" branchCoverage="0" maxCyclomaticComplexity="3" minCyclomaticComplexity="3" />
              <MetadataToken>100663796</MetadataToken>
              <Name>System.Boolean &lt;&gt;f__AnonymousType2`2::Equals(System.Object)</Name>
              <SequencePoints />
              <BranchPoints>
                <BranchPoint vc="0" uspid="2601" ordinal="0" offset="8" path="0" />
                <BranchPoint vc="0" uspid="2602" ordinal="1" offset="8" path="1" />
                <BranchPoint vc="0" uspid="2603" ordinal="2" offset="32" path="0" />
                <BranchPoint vc="0" uspid="2604" ordinal="3" offset="32" path="1" />
              </BranchPoints>
              <MethodPoint vc="0" uspid="2600" ordinal="0" offset="0" />
            </Method>
            <Method visited="false" cyclomaticComplexity="1" sequenceCoverage="0" branchCoverage="0" isConstructor="false" isStatic="false" isGetter="false" isSetter="false">
              <Summary numSequencePoints="0" visitedSequencePoints="0" numBranchPoints="0" visitedBranchPoints="0" sequenceCoverage="0" branchCoverage="0" maxCyclomaticComplexity="1" minCyclomaticComplexity="1" />
              <MetadataToken>100663797</MetadataToken>
              <Name>System.Int32 &lt;&gt;f__AnonymousType2`2::GetHashCode()</Name>
              <SequencePoints />
              <BranchPoints />
              <MethodPoint vc="0" uspid="2605" ordinal="0" offset="0" />
            </Method>
          </Methods>
        </Class>
      </Classes>
    </Module>
    <Module skippedDueTo="Filter" hash="13-4C-94-D1-A1-A5-D9-8F-F1-E4-CE-A7-87-EF-CC-42-FC-6B-CA-BC">
      <FullName>C:\Projects\opencover.git\working\main\bin\Debug\nunit.framework.dll</FullName>
      <ModuleName>nunit.framework</ModuleName>
      <Classes />
    </Module>
    <Module skippedDueTo="Filter" hash="1A-8E-7F-63-79-81-73-62-C8-B6-77-39-F8-97-1B-CB-6B-2B-67-76">
      <FullName>C:\WINDOWS\Microsoft.Net\assembly\GAC_MSIL\Microsoft.VisualStudio.QualityTools.UnitTestFramework\v4.0_10.0.0.0__b03f5f7f11d50a3a\Microsoft.VisualStudio.QualityTools.UnitTestFramework.dll</FullName>
      <ModuleName>Microsoft.VisualStudio.QualityTools.UnitTestFramework</ModuleName>
      <Classes />
    </Module>
    <Module skippedDueTo="Filter" hash="3F-30-D4-1E-29-17-B3-6B-DB-A7-82-2B-2A-6D-0E-07-65-EE-77-A0">
      <FullName>C:\Projects\opencover.git\working\main\bin\Debug\Moq.dll</FullName>
      <ModuleName>Moq</ModuleName>
      <Classes />
    </Module>
    <Module skippedDueTo="Filter" hash="A3-24-11-39-F8-79-95-4F-05-15-1C-84-CE-09-0C-65-42-CD-C2-C7">
      <FullName>C:\Projects\opencover.git\working\main\bin\Debug\Microsoft.Practices.Unity.dll</FullName>
      <ModuleName>Microsoft.Practices.Unity</ModuleName>
      <Classes />
    </Module>
    <Module skippedDueTo="Filter" hash="C9-9E-CD-25-91-A0-3C-D4-9D-F6-64-42-5E-C8-14-E7-98-5A-8D-03">
      <FullName>C:\Projects\opencover.git\working\main\bin\Debug\xunit.dll</FullName>
      <ModuleName>xunit</ModuleName>
      <Classes />
    </Module>
    <Module skippedDueTo="Filter" hash="79-F8-9A-22-4E-29-52-37-00-CF-81-FF-1F-EA-05-EC-74-2A-2E-C8">
      <FullName>C:\Projects\opencover.git\working\main\packages\NUnit.Runners.2.6.2\tools\lib\nunit-console-runner.dll</FullName>
      <ModuleName>nunit-console-runner</ModuleName>
      <Classes />
    </Module>
    <Module skippedDueTo="Filter" hash="84-64-E1-D2-0A-E2-91-23-AD-BD-B9-7A-3C-89-7B-66-65-58-46-1C">
      <FullName>C:\WINDOWS\Microsoft.Net\assembly\GAC_MSIL\System.Runtime.Remoting\v4.0_4.0.0.0__b77a5c561934e089\System.Runtime.Remoting.dll</FullName>
      <ModuleName>System.Runtime.Remoting</ModuleName>
      <Classes />
    </Module>
    <Module skippedDueTo="Filter" hash="80-32-3B-47-08-F0-74-C4-64-F6-98-9B-54-B3-69-B5-B9-29-D3-E9">
      <FullName>C:\WINDOWS\Microsoft.Net\assembly\GAC_MSIL\System.Configuration\v4.0_4.0.0.0__b03f5f7f11d50a3a\System.Configuration.dll</FullName>
      <ModuleName>System.Configuration</ModuleName>
      <Classes />
    </Module>
    <Module skippedDueTo="Filter" hash="4B-C6-12-DA-61-6B-39-09-CD-DF-A1-00-79-12-63-F9-8E-72-76-27">
      <FullName>C:\WINDOWS\Microsoft.Net\assembly\GAC_MSIL\System.Xml\v4.0_4.0.0.0__b77a5c561934e089\System.Xml.dll</FullName>
      <ModuleName>System.Xml</ModuleName>
      <Classes />
    </Module>
    <Module skippedDueTo="Filter" hash="8D-DF-74-1B-95-9B-7B-35-66-7B-AF-28-7B-35-EB-3D-F2-1B-0D-6A">
      <FullName>C:\Projects\opencover.git\working\main\bin\Debug\log4net.dll</FullName>
      <ModuleName>log4net</ModuleName>
      <Classes />
    </Module>
    <Module skippedDueTo="Filter" hash="58-95-C1-AF-C4-E5-C6-BB-F3-54-7A-B0-3C-B7-C6-29-C9-42-CA-D4">
      <FullName>C:\WINDOWS\Microsoft.Net\assembly\GAC_MSIL\System.Core\v4.0_4.0.0.0__b77a5c561934e089\System.Core.dll</FullName>
      <ModuleName>System.Core</ModuleName>
      <Classes />
    </Module>
    <Module skippedDueTo="Filter" hash="">
      <FullName>RefEmit_InMemoryManifestModule</FullName>
      <ModuleName>DynamicProxyGenAssembly2</ModuleName>
      <Classes />
    </Module>
    <Module skippedDueTo="Filter" hash="64-3D-85-31-AE-4E-92-4B-57-06-67-78-88-3C-AE-C4-ED-7F-8F-4B">
      <FullName>C:\Projects\opencover.git\working\main\bin\Debug\Mono.Cecil.dll</FullName>
      <ModuleName>Mono.Cecil</ModuleName>
      <Classes />
    </Module>
    <Module skippedDueTo="Filter" hash="">
      <FullName>RefEmit_InMemoryManifestModule</FullName>
      <ModuleName>Anonymously Hosted DynamicMethods Assembly</ModuleName>
      <Classes />
    </Module>
    <Module skippedDueTo="Filter" hash="97-EA-AE-E5-3E-58-7C-BA-61-59-66-7A-3C-4D-49-76-69-B9-89-BF">
      <FullName>C:\Projects\opencover.git\working\main\bin\Debug\Mono.Cecil.Pdb.dll</FullName>
      <ModuleName>Mono.Cecil.Pdb</ModuleName>
      <Classes />
    </Module>
    <Module skippedDueTo="Filter" hash="">
      <FullName>RefEmit_InMemoryManifestModule</FullName>
      <ModuleName>Microsoft.GeneratedCode</ModuleName>
      <Classes />
    </Module>
    <Module skippedDueTo="Filter" hash="B4-27-2F-54-23-AA-55-C2-EC-07-04-80-9D-C8-C3-B1-C2-75-F0-87">
      <FullName>C:\Projects\opencover.git\working\main\bin\Debug\Gendarme.Rules.Maintainability.dll</FullName>
      <ModuleName>Gendarme.Rules.Maintainability</ModuleName>
      <Classes />
    </Module>
    <Module skippedDueTo="Filter" hash="70-2E-5B-8B-05-0C-3D-E1-31-05-34-A1-87-7E-B0-D3-D3-A6-4D-F9">
      <FullName>C:\Projects\opencover.git\working\main\bin\Debug\Gendarme.Framework.dll</FullName>
      <ModuleName>Gendarme.Framework</ModuleName>
      <Classes />
    </Module>
  </Modules>
</CoverageSession>