<?xml version="1.0" encoding="utf-8"?>
<CoverageSession xmlns:xsd="http://www.w3.org/2001/XMLSchema" xmlns:xsi="http://www.w3.org/2001/XMLSchema-instance">
  <Modules>
    <Module hash="6B-65-E9-F5-AF-6E-E7-DE-FB-6C-0A-C7-61-5A-89-41-51-48-91-21">
      <FullName>P:\projects\opencover.git\working\main\bin\Debug\OpenCover.Framework.dll</FullName>
      <ModuleName>OpenCover.Framework</ModuleName>
      <Files>
        <File uid="1" fullPath="P:\projects\opencover.git\working\main\OpenCover.Framework\Persistance\BasePersistance.cs" />
        <File uid="5" fullPath="P:\projects\opencover.git\working\main\OpenCover.Framework\Persistance\FilePersistance.cs" />
        <File uid="6" fullPath="P:\projects\opencover.git\working\main\OpenCover.Framework\CommandLineParserBase.cs" />
        <File uid="7" fullPath="P:\projects\opencover.git\working\main\OpenCover.Framework\CommandLineParser.cs" />
        <File uid="8" fullPath="P:\projects\opencover.git\working\main\OpenCover.Framework\Model\InstrumentationPoint.cs" />
        <File uid="9" fullPath="P:\projects\opencover.git\working\main\OpenCover.Framework\Model\InstrumentationModelBuilder.cs" />
        <File uid="10" fullPath="P:\projects\opencover.git\working\main\OpenCover.Framework\Model\InstrumentationModelBuilderFactory.cs" />
        <File uid="11" fullPath="P:\projects\opencover.git\working\main\OpenCover.Framework\ProfilerRegistration.cs" />
        <File uid="12" fullPath="P:\projects\opencover.git\working\main\OpenCover.Framework\Filter.cs" />
        <File uid="16" fullPath="P:\projects\opencover.git\working\main\OpenCover.Framework\Service\ProfilerCommunication.cs" />
        <File uid="19" fullPath="P:\projects\opencover.git\working\main\OpenCover.Framework\Bootstrapper.cs" />
        <File uid="20" fullPath="P:\projects\opencover.git\working\main\OpenCover.Framework\Communication\MessageHandler.cs" />
        <File uid="21" fullPath="P:\projects\opencover.git\working\main\OpenCover.Framework\Model\Module.cs" />
        <File uid="22" fullPath="P:\projects\opencover.git\working\main\OpenCover.Framework\Model\CoverageSession.cs" />
        <File uid="23" fullPath="P:\projects\opencover.git\working\main\OpenCover.Framework\Symbols\CecilSymbolManager.cs" />
        <File uid="29" fullPath="P:\projects\opencover.git\working\main\OpenCover.Framework\Model\File.cs" />
        <File uid="31" fullPath="P:\projects\opencover.git\working\main\OpenCover.Framework\Manager\ProfilerManager.cs" />
        <File uid="33" fullPath="P:\projects\opencover.git\working\main\OpenCover.Framework\Communication\MarshalWapper.cs" />
      </Files>
      <Classes>
        <Class>
          <FullName>&lt;Module&gt;</FullName>
          <Methods />
        </Class>
        <Class>
          <FullName>OpenCover.Framework.Persistance.BasePersistance</FullName>
          <Methods>
            <Method visited="true" cyclomaticComplexity="1" sequenceCoverage="100" branchCoverage="100">
              <MetadataToken>100663315</MetadataToken>
              <Name>System.Void OpenCover.Framework.Persistance.BasePersistance::.ctor(OpenCover.Framework.ICommandLine)</Name>
              <FileRef uid="1" />
              <SequencePoints>
                <SequencePoint vc="13" uspid="2" ordinal="0" offset="0" sl="13" sc="9" el="13" ec="57" />
                <SequencePoint vc="13" uspid="3" ordinal="1" offset="7" sl="14" sc="9" el="14" ec="10" />
                <SequencePoint vc="13" uspid="4" ordinal="2" offset="8" sl="15" sc="13" el="15" ec="40" />
                <SequencePoint vc="13" uspid="5" ordinal="3" offset="15" sl="16" sc="13" el="16" ec="53" />
                <SequencePoint vc="13" uspid="6" ordinal="4" offset="27" sl="17" sc="9" el="17" ec="10" />
              </SequencePoints>
              <BranchPoints />
              <MethodPoint vc="13" uspid="1" ordinal="0" offset="0" />
            </Method>
            <Method visited="true" cyclomaticComplexity="1" sequenceCoverage="0" branchCoverage="0">
              <MetadataToken>100663316</MetadataToken>
              <Name>OpenCover.Framework.Model.CoverageSession OpenCover.Framework.Persistance.BasePersistance::get_CoverageSession()</Name>
              <SequencePoints />
              <BranchPoints />
              <MethodPoint vc="56" uspid="7" ordinal="0" offset="0" />
            </Method>
            <Method visited="true" cyclomaticComplexity="1" sequenceCoverage="0" branchCoverage="0">
              <MetadataToken>100663317</MetadataToken>
              <Name>System.Void OpenCover.Framework.Persistance.BasePersistance::set_CoverageSession(OpenCover.Framework.Model.CoverageSession)</Name>
              <SequencePoints />
              <BranchPoints />
              <MethodPoint vc="13" uspid="8" ordinal="0" offset="0" />
            </Method>
            <Method visited="true" cyclomaticComplexity="9" sequenceCoverage="100" branchCoverage="75">
              <MetadataToken>100663318</MetadataToken>
              <Name>System.Void OpenCover.Framework.Persistance.BasePersistance::PersistModule(OpenCover.Framework.Model.Module)</Name>
              <FileRef uid="1" />
              <SequencePoints>
                <SequencePoint vc="14" uspid="10" ordinal="0" offset="24" sl="22" sc="9" el="22" ec="10" />
                <SequencePoint vc="14" uspid="11" ordinal="1" offset="25" sl="23" sc="13" el="23" ec="42" />
                <SequencePoint vc="2" uspid="12" ordinal="2" offset="48" sl="24" sc="13" el="24" ec="14" />
                <SequencePoint vc="2" uspid="13" ordinal="3" offset="49" sl="25" sc="17" el="25" ec="72" />
                <SequencePoint vc="2" uspid="14" ordinal="4" offset="71" sl="26" sc="17" el="26" ec="73" />
                <SequencePoint vc="1" uspid="15" ordinal="5" offset="109" sl="27" sc="17" el="27" ec="18" />
                <SequencePoint vc="1" uspid="16" ordinal="6" offset="110" sl="28" sc="21" el="28" ec="96" />
                <SequencePoint vc="1" uspid="17" ordinal="7" offset="140" sl="29" sc="21" el="29" ec="128" />
                <SequencePoint vc="1" uspid="18" ordinal="8" offset="180" sl="30" sc="21" el="30" ec="22" />
                <SequencePoint vc="1" uspid="19" ordinal="9" offset="181" sl="31" sc="25" el="31" ec="69" />
                <SequencePoint vc="1" uspid="20" ordinal="10" offset="205" sl="32" sc="21" el="32" ec="22" />
                <SequencePoint vc="1" uspid="21" ordinal="11" offset="206" sl="33" sc="21" el="33" ec="28" />
                <SequencePoint vc="1" uspid="22" ordinal="12" offset="208" sl="35" sc="13" el="35" ec="14" />
                <SequencePoint vc="13" uspid="23" ordinal="13" offset="209" sl="36" sc="13" el="36" ec="94" />
                <SequencePoint vc="13" uspid="24" ordinal="14" offset="252" sl="37" sc="13" el="37" ec="54" />
                <SequencePoint vc="13" uspid="25" ordinal="15" offset="270" sl="38" sc="9" el="38" ec="10" />
              </SequencePoints>
              <BranchPoints>
                <BranchPoint vc="2" uspid="26" ordinal="0" offset="43" path="0" />
                <BranchPoint vc="12" uspid="27" ordinal="1" offset="43" path="1" />
                <BranchPoint vc="1" uspid="28" ordinal="2" offset="61" path="0" />
                <BranchPoint vc="1" uspid="29" ordinal="3" offset="61" path="1" />
                <BranchPoint vc="2" uspid="30" ordinal="4" offset="74" path="0" />
                <BranchPoint vc="0" uspid="31" ordinal="5" offset="74" path="1" />
                <BranchPoint vc="1" uspid="32" ordinal="6" offset="107" path="0" />
                <BranchPoint vc="1" uspid="33" ordinal="7" offset="107" path="1" />
                <BranchPoint vc="1" uspid="34" ordinal="8" offset="113" path="0" />
                <BranchPoint vc="0" uspid="35" ordinal="9" offset="113" path="1" />
                <BranchPoint vc="1" uspid="36" ordinal="10" offset="148" path="0" />
                <BranchPoint vc="0" uspid="37" ordinal="11" offset="148" path="1" />
                <BranchPoint vc="1" uspid="38" ordinal="12" offset="178" path="0" />
                <BranchPoint vc="0" uspid="39" ordinal="13" offset="178" path="1" />
                <BranchPoint vc="12" uspid="40" ordinal="14" offset="221" path="0" />
                <BranchPoint vc="1" uspid="41" ordinal="15" offset="221" path="1" />
              </BranchPoints>
              <MethodPoint vc="14" uspid="9" ordinal="0" offset="0" />
            </Method>
            <Method visited="true" cyclomaticComplexity="2" sequenceCoverage="80" branchCoverage="50">
              <MetadataToken>100663319</MetadataToken>
              <Name>System.Boolean OpenCover.Framework.Persistance.BasePersistance::IsTracking(System.String)</Name>
              <FileRef uid="1" />
              <SequencePoints>
                <SequencePoint vc="1" uspid="43" ordinal="0" offset="13" sl="41" sc="9" el="41" ec="10" />
                <SequencePoint vc="1" uspid="44" ordinal="1" offset="14" sl="42" sc="13" el="42" ec="49" />
                <SequencePoint vc="0" uspid="45" ordinal="2" offset="35" sl="42" sc="50" el="42" ec="63" />
                <SequencePoint vc="1" uspid="46" ordinal="3" offset="39" sl="43" sc="13" el="43" ec="146" />
                <SequencePoint vc="1" uspid="47" ordinal="4" offset="70" sl="44" sc="9" el="44" ec="10" />
              </SequencePoints>
              <BranchPoints>
                <BranchPoint vc="0" uspid="48" ordinal="0" offset="33" path="0" />
                <BranchPoint vc="1" uspid="49" ordinal="1" offset="33" path="1" />
              </BranchPoints>
              <MethodPoint vc="1" uspid="42" ordinal="0" offset="0" />
            </Method>
            <Method visited="false" cyclomaticComplexity="0" sequenceCoverage="0" branchCoverage="0">
              <MetadataToken>100663320</MetadataToken>
              <Name>System.Void OpenCover.Framework.Persistance.BasePersistance::Commit()</Name>
              <SequencePoints />
              <BranchPoints />
              <MethodPoint vc="0" uspid="50" ordinal="0" offset="0" />
            </Method>
            <Method visited="true" cyclomaticComplexity="2" sequenceCoverage="100" branchCoverage="100">
              <MetadataToken>100663321</MetadataToken>
              <Name>System.Boolean OpenCover.Framework.Persistance.BasePersistance::GetSequencePointsForFunction(System.String,System.Int32,OpenCover.Framework.Model.InstrumentationPoint[]&amp;)</Name>
              <FileRef uid="1" />
              <SequencePoints>
                <SequencePoint vc="4" uspid="52" ordinal="0" offset="0" sl="49" sc="9" el="49" ec="10" />
                <SequencePoint vc="4" uspid="53" ordinal="1" offset="1" sl="50" sc="13" el="50" ec="58" />
                <SequencePoint vc="4" uspid="54" ordinal="2" offset="9" sl="52" sc="13" el="52" ec="75" />
                <SequencePoint vc="4" uspid="55" ordinal="3" offset="20" sl="53" sc="13" el="53" ec="31" />
                <SequencePoint vc="2" uspid="56" ordinal="4" offset="30" sl="54" sc="13" el="54" ec="14" />
                <SequencePoint vc="2" uspid="57" ordinal="5" offset="31" sl="55" sc="17" el="55" ec="127" />
                <SequencePoint vc="2" uspid="58" ordinal="6" offset="77" sl="56" sc="17" el="56" ec="63" />
                <SequencePoint vc="2" uspid="59" ordinal="7" offset="83" sl="57" sc="17" el="57" ec="48" />
                <SequencePoint vc="2" uspid="60" ordinal="8" offset="96" sl="58" sc="17" el="58" ec="56" />
                <SequencePoint vc="2" uspid="61" ordinal="9" offset="109" sl="59" sc="17" el="59" ec="51" />
                <SequencePoint vc="2" uspid="62" ordinal="10" offset="117" sl="60" sc="17" el="60" ec="29" />
                <SequencePoint vc="2" uspid="63" ordinal="11" offset="121" sl="62" sc="13" el="62" ec="26" />
                <SequencePoint vc="4" uspid="64" ordinal="12" offset="125" sl="63" sc="9" el="63" ec="10" />
              </SequencePoints>
              <BranchPoints>
                <BranchPoint vc="2" uspid="65" ordinal="0" offset="28" path="0" />
                <BranchPoint vc="2" uspid="66" ordinal="1" offset="28" path="1" />
              </BranchPoints>
              <MethodPoint vc="4" uspid="51" ordinal="0" offset="0" />
            </Method>
            <Method visited="true" cyclomaticComplexity="2" sequenceCoverage="100" branchCoverage="100">
              <MetadataToken>100663322</MetadataToken>
              <Name>System.Boolean OpenCover.Framework.Persistance.BasePersistance::GetBranchPointsForFunction(System.String,System.Int32,OpenCover.Framework.Model.BranchPoint[]&amp;)</Name>
              <FileRef uid="1" />
              <SequencePoints>
                <SequencePoint vc="2" uspid="68" ordinal="0" offset="0" sl="66" sc="9" el="66" ec="10" />
                <SequencePoint vc="2" uspid="69" ordinal="1" offset="1" sl="67" sc="13" el="67" ec="47" />
                <SequencePoint vc="2" uspid="70" ordinal="2" offset="9" sl="69" sc="13" el="69" ec="75" />
                <SequencePoint vc="2" uspid="71" ordinal="3" offset="20" sl="70" sc="13" el="70" ec="32" />
                <SequencePoint vc="1" uspid="72" ordinal="4" offset="28" sl="71" sc="13" el="71" ec="14" />
                <SequencePoint vc="1" uspid="73" ordinal="5" offset="29" sl="72" sc="17" el="72" ec="62" />
                <SequencePoint vc="1" uspid="74" ordinal="6" offset="42" sl="73" sc="17" el="73" ec="29" />
                <SequencePoint vc="1" uspid="75" ordinal="7" offset="46" sl="75" sc="13" el="75" ec="26" />
                <SequencePoint vc="2" uspid="76" ordinal="8" offset="50" sl="76" sc="9" el="76" ec="10" />
              </SequencePoints>
              <BranchPoints>
                <BranchPoint vc="1" uspid="77" ordinal="0" offset="26" path="0" />
                <BranchPoint vc="1" uspid="78" ordinal="1" offset="26" path="1" />
              </BranchPoints>
              <MethodPoint vc="2" uspid="67" ordinal="0" offset="0" />
            </Method>
            <Method visited="true" cyclomaticComplexity="6" sequenceCoverage="96" branchCoverage="90">
              <MetadataToken>100663323</MetadataToken>
              <Name>OpenCover.Framework.Model.Method OpenCover.Framework.Persistance.BasePersistance::GetMethod(System.String,System.Int32,OpenCover.Framework.Model.Class&amp;)</Name>
              <FileRef uid="1" />
              <SequencePoints>
                <SequencePoint vc="7" uspid="80" ordinal="0" offset="13" sl="79" sc="9" el="79" ec="10" />
                <SequencePoint vc="7" uspid="81" ordinal="1" offset="14" sl="80" sc="13" el="80" ec="27" />
                <SequencePoint vc="7" uspid="82" ordinal="2" offset="17" sl="82" sc="13" el="82" ec="49" />
                <SequencePoint vc="0" uspid="83" ordinal="3" offset="40" sl="82" sc="50" el="82" ec="62" />
                <SequencePoint vc="7" uspid="84" ordinal="4" offset="48" sl="83" sc="13" el="83" ec="163" />
                <SequencePoint vc="7" uspid="85" ordinal="5" offset="77" sl="84" sc="13" el="84" ec="32" />
                <SequencePoint vc="1" uspid="86" ordinal="6" offset="90" sl="84" sc="33" el="84" ec="45" />
                <SequencePoint vc="6" uspid="87" ordinal="7" offset="95" sl="85" sc="13" el="85" ec="20" />
                <SequencePoint vc="6" uspid="88" ordinal="8" offset="96" sl="85" sc="31" el="85" ec="45" />
                <SequencePoint vc="6" uspid="89" ordinal="9" offset="109" sl="85" sc="22" el="85" ec="27" />
                <SequencePoint vc="6" uspid="90" ordinal="10" offset="115" sl="86" sc="13" el="86" ec="14" />
                <SequencePoint vc="6" uspid="91" ordinal="11" offset="116" sl="87" sc="17" el="87" ec="28" />
                <SequencePoint vc="6" uspid="92" ordinal="12" offset="119" sl="88" sc="17" el="88" ec="24" />
                <SequencePoint vc="6" uspid="93" ordinal="13" offset="120" sl="88" sc="40" el="88" ec="49" />
                <SequencePoint vc="6" uspid="94" ordinal="14" offset="133" sl="88" sc="26" el="88" ec="36" />
                <SequencePoint vc="6" uspid="95" ordinal="15" offset="139" sl="89" sc="17" el="89" ec="18" />
                <SequencePoint vc="6" uspid="96" ordinal="16" offset="140" sl="90" sc="21" el="90" ec="63" />
                <SequencePoint vc="4" uspid="97" ordinal="17" offset="158" sl="90" sc="64" el="90" ec="78" />
                <SequencePoint vc="2" uspid="98" ordinal="18" offset="163" sl="91" sc="17" el="91" ec="18" />
                <SequencePoint vc="8" uspid="99" ordinal="19" offset="170" sl="88" sc="37" el="88" ec="39" />
                <SequencePoint vc="2" uspid="100" ordinal="20" offset="184" sl="92" sc="13" el="92" ec="14" />
                <SequencePoint vc="8" uspid="101" ordinal="21" offset="191" sl="85" sc="28" el="85" ec="30" />
                <SequencePoint vc="2" uspid="102" ordinal="22" offset="205" sl="93" sc="13" el="93" ec="27" />
                <SequencePoint vc="2" uspid="103" ordinal="23" offset="208" sl="94" sc="13" el="94" ec="25" />
                <SequencePoint vc="7" uspid="104" ordinal="24" offset="214" sl="95" sc="9" el="95" ec="10" />
              </SequencePoints>
              <BranchPoints>
                <BranchPoint vc="0" uspid="105" ordinal="0" offset="38" path="0" />
                <BranchPoint vc="7" uspid="106" ordinal="1" offset="38" path="1" />
                <BranchPoint vc="1" uspid="107" ordinal="2" offset="88" path="0" />
                <BranchPoint vc="6" uspid="108" ordinal="3" offset="88" path="1" />
                <BranchPoint vc="4" uspid="109" ordinal="4" offset="156" path="0" />
                <BranchPoint vc="2" uspid="110" ordinal="5" offset="156" path="1" />
                <BranchPoint vc="2" uspid="111" ordinal="6" offset="182" path="0" />
                <BranchPoint vc="6" uspid="112" ordinal="7" offset="182" path="1" />
                <BranchPoint vc="2" uspid="113" ordinal="8" offset="203" path="0" />
                <BranchPoint vc="6" uspid="114" ordinal="9" offset="203" path="1" />
              </BranchPoints>
              <MethodPoint vc="7" uspid="79" ordinal="0" offset="0" />
            </Method>
            <Method visited="true" cyclomaticComplexity="3" sequenceCoverage="100" branchCoverage="50">
              <MetadataToken>100663324</MetadataToken>
              <Name>System.String OpenCover.Framework.Persistance.BasePersistance::GetClassFullName(System.String,System.Int32)</Name>
              <FileRef uid="1" />
              <SequencePoints>
                <SequencePoint vc="1" uspid="116" ordinal="0" offset="0" sl="98" sc="9" el="98" ec="10" />
                <SequencePoint vc="1" uspid="117" ordinal="1" offset="1" sl="100" sc="13" el="100" ec="62" />
                <SequencePoint vc="1" uspid="118" ordinal="2" offset="12" sl="101" sc="13" el="101" ec="60" />
                <SequencePoint vc="1" uspid="119" ordinal="3" offset="27" sl="102" sc="9" el="102" ec="10" />
              </SequencePoints>
              <BranchPoints>
                <BranchPoint vc="0" uspid="120" ordinal="0" offset="13" path="0" />
                <BranchPoint vc="1" uspid="121" ordinal="1" offset="13" path="1" />
              </BranchPoints>
              <MethodPoint vc="1" uspid="115" ordinal="0" offset="0" />
            </Method>
            <Method visited="true" cyclomaticComplexity="6" sequenceCoverage="59" branchCoverage="60">
              <MetadataToken>100663325</MetadataToken>
              <Name>System.Void OpenCover.Framework.Persistance.BasePersistance::SaveVisitData(System.Byte[])</Name>
              <FileRef uid="1" />
              <SequencePoints>
                <SequencePoint vc="1" uspid="123" ordinal="0" offset="0" sl="105" sc="9" el="105" ec="10" />
                <SequencePoint vc="1" uspid="124" ordinal="1" offset="1" sl="107" sc="13" el="107" ec="33" />
                <SequencePoint vc="0" uspid="125" ordinal="2" offset="14" sl="108" sc="13" el="108" ec="14" />
                <SequencePoint vc="0" uspid="126" ordinal="3" offset="15" sl="109" sc="17" el="109" ec="99" />
                <SequencePoint vc="0" uspid="127" ordinal="4" offset="26" sl="110" sc="17" el="110" ec="24" />
                <SequencePoint vc="1" uspid="128" ordinal="5" offset="31" sl="112" sc="13" el="112" ec="57" />
                <SequencePoint vc="1" uspid="129" ordinal="6" offset="39" sl="113" sc="13" el="113" ec="46" />
                <SequencePoint vc="0" uspid="130" ordinal="7" offset="61" sl="114" sc="13" el="114" ec="14" />
                <SequencePoint vc="0" uspid="131" ordinal="8" offset="62" sl="115" sc="17" el="115" ec="123" />
                <SequencePoint vc="0" uspid="132" ordinal="9" offset="84" sl="116" sc="17" el="116" ec="24" />
                <SequencePoint vc="1" uspid="133" ordinal="10" offset="86" sl="118" sc="13" el="118" ec="47" />
                <SequencePoint vc="0" uspid="134" ordinal="11" offset="105" sl="119" sc="13" el="119" ec="14" />
                <SequencePoint vc="0" uspid="135" ordinal="12" offset="106" sl="120" sc="17" el="120" ec="161" />
                <SequencePoint vc="0" uspid="136" ordinal="13" offset="136" sl="121" sc="17" el="121" ec="24" />
                <SequencePoint vc="1" uspid="137" ordinal="14" offset="138" sl="124" sc="18" el="124" ec="28" />
                <SequencePoint vc="1" uspid="138" ordinal="15" offset="140" sl="124" sc="29" el="124" ec="37" />
                <SequencePoint vc="4" uspid="139" ordinal="16" offset="144" sl="125" sc="13" el="125" ec="14" />
                <SequencePoint vc="4" uspid="140" ordinal="17" offset="145" sl="126" sc="17" el="126" ec="81" />
                <SequencePoint vc="4" uspid="141" ordinal="18" offset="159" sl="127" sc="13" el="127" ec="14" />
                <SequencePoint vc="4" uspid="142" ordinal="19" offset="160" sl="124" sc="50" el="124" ec="63" />
                <SequencePoint vc="5" uspid="143" ordinal="20" offset="168" sl="124" sc="38" el="124" ec="48" />
                <SequencePoint vc="1" uspid="144" ordinal="21" offset="178" sl="128" sc="9" el="128" ec="10" />
              </SequencePoints>
              <BranchPoints>
                <BranchPoint vc="0" uspid="145" ordinal="0" offset="12" path="0" />
                <BranchPoint vc="1" uspid="146" ordinal="1" offset="12" path="1" />
                <BranchPoint vc="1" uspid="147" ordinal="2" offset="41" path="0" />
                <BranchPoint vc="0" uspid="148" ordinal="3" offset="41" path="1" />
                <BranchPoint vc="0" uspid="149" ordinal="4" offset="59" path="0" />
                <BranchPoint vc="1" uspid="150" ordinal="5" offset="59" path="1" />
                <BranchPoint vc="0" uspid="151" ordinal="6" offset="103" path="0" />
                <BranchPoint vc="1" uspid="152" ordinal="7" offset="103" path="1" />
                <BranchPoint vc="1" uspid="153" ordinal="8" offset="176" path="0" />
                <BranchPoint vc="4" uspid="154" ordinal="9" offset="176" path="1" />
              </BranchPoints>
              <MethodPoint vc="1" uspid="122" ordinal="0" offset="0" />
            </Method>
          </Methods>
        </Class>
        <Class>
          <FullName>OpenCover.Framework.Persistance.BasePersistance/&lt;&gt;c__DisplayClass7</FullName>
          <Methods>
            <Method visited="true" cyclomaticComplexity="1" sequenceCoverage="0" branchCoverage="0">
              <MetadataToken>100663590</MetadataToken>
              <Name>System.Void OpenCover.Framework.Persistance.BasePersistance/&lt;&gt;c__DisplayClass7::.ctor()</Name>
              <SequencePoints />
              <BranchPoints />
              <MethodPoint vc="14" uspid="155" ordinal="0" offset="0" />
            </Method>
            <Method visited="true" cyclomaticComplexity="1" sequenceCoverage="100" branchCoverage="100">
              <MetadataToken>100663591</MetadataToken>
              <Name>System.Boolean OpenCover.Framework.Persistance.BasePersistance/&lt;&gt;c__DisplayClass7::&lt;PersistModule&gt;b__1(OpenCover.Framework.Model.Module)</Name>
              <FileRef uid="1" />
              <SequencePoints>
                <SequencePoint vc="1" uspid="157" ordinal="0" offset="0" sl="26" sc="38" el="26" ec="71" />
              </SequencePoints>
              <BranchPoints />
              <MethodPoint vc="1" uspid="156" ordinal="0" offset="0" />
            </Method>
            <Method visited="true" cyclomaticComplexity="1" sequenceCoverage="100" branchCoverage="100">
              <MetadataToken>100663592</MetadataToken>
              <Name>System.Boolean OpenCover.Framework.Persistance.BasePersistance/&lt;&gt;c__DisplayClass7::&lt;PersistModule&gt;b__2(OpenCover.Framework.Model.Module)</Name>
              <FileRef uid="1" />
              <SequencePoints>
                <SequencePoint vc="1" uspid="159" ordinal="0" offset="0" sl="28" sc="61" el="28" ec="94" />
              </SequencePoints>
              <BranchPoints />
              <MethodPoint vc="1" uspid="158" ordinal="0" offset="0" />
            </Method>
            <Method visited="true" cyclomaticComplexity="1" sequenceCoverage="100" branchCoverage="100">
              <MetadataToken>100663593</MetadataToken>
              <Name>System.Boolean OpenCover.Framework.Persistance.BasePersistance/&lt;&gt;c__DisplayClass7::&lt;PersistModule&gt;b__3(System.String)</Name>
              <FileRef uid="1" />
              <SequencePoints>
                <SequencePoint vc="1" uspid="161" ordinal="0" offset="0" sl="29" sc="56" el="29" ec="126" />
              </SequencePoints>
              <BranchPoints />
              <MethodPoint vc="1" uspid="160" ordinal="0" offset="0" />
            </Method>
          </Methods>
        </Class>
        <Class>
          <FullName>OpenCover.Framework.Persistance.BasePersistance/&lt;&gt;c__DisplayClassb</FullName>
          <Methods>
            <Method visited="true" cyclomaticComplexity="1" sequenceCoverage="0" branchCoverage="0">
              <MetadataToken>100663594</MetadataToken>
              <Name>System.Void OpenCover.Framework.Persistance.BasePersistance/&lt;&gt;c__DisplayClassb::.ctor()</Name>
              <SequencePoints />
              <BranchPoints />
              <MethodPoint vc="1" uspid="162" ordinal="0" offset="0" />
            </Method>
            <Method visited="true" cyclomaticComplexity="1" sequenceCoverage="100" branchCoverage="100">
              <MetadataToken>100663595</MetadataToken>
              <Name>System.Boolean OpenCover.Framework.Persistance.BasePersistance/&lt;&gt;c__DisplayClassb::&lt;IsTracking&gt;b__9(OpenCover.Framework.Model.Module)</Name>
              <FileRef uid="1" />
              <SequencePoints>
                <SequencePoint vc="1" uspid="164" ordinal="0" offset="0" sl="43" sc="53" el="43" ec="144" />
              </SequencePoints>
              <BranchPoints />
              <MethodPoint vc="1" uspid="163" ordinal="0" offset="0" />
            </Method>
            <Method visited="true" cyclomaticComplexity="1" sequenceCoverage="100" branchCoverage="100">
              <MetadataToken>100663596</MetadataToken>
              <Name>System.Boolean OpenCover.Framework.Persistance.BasePersistance/&lt;&gt;c__DisplayClassb::&lt;IsTracking&gt;b__a(System.String)</Name>
              <FileRef uid="1" />
              <SequencePoints>
                <SequencePoint vc="1" uspid="166" ordinal="0" offset="0" sl="43" sc="75" el="43" ec="143" />
              </SequencePoints>
              <BranchPoints />
              <MethodPoint vc="1" uspid="165" ordinal="0" offset="0" />
            </Method>
          </Methods>
        </Class>
        <Class>
          <FullName>OpenCover.Framework.Persistance.BasePersistance/&lt;&gt;c__DisplayClassf</FullName>
          <Methods>
            <Method visited="true" cyclomaticComplexity="1" sequenceCoverage="0" branchCoverage="0">
              <MetadataToken>100663597</MetadataToken>
              <Name>System.Void OpenCover.Framework.Persistance.BasePersistance/&lt;&gt;c__DisplayClassf::.ctor()</Name>
              <SequencePoints />
              <BranchPoints />
              <MethodPoint vc="7" uspid="167" ordinal="0" offset="0" />
            </Method>
            <Method visited="true" cyclomaticComplexity="1" sequenceCoverage="100" branchCoverage="100">
              <MetadataToken>100663598</MetadataToken>
              <Name>System.Boolean OpenCover.Framework.Persistance.BasePersistance/&lt;&gt;c__DisplayClassf::&lt;GetMethod&gt;b__d(OpenCover.Framework.Model.Module)</Name>
              <FileRef uid="1" />
              <SequencePoints>
                <SequencePoint vc="7" uspid="169" ordinal="0" offset="0" sl="83" sc="70" el="83" ec="161" />
              </SequencePoints>
              <BranchPoints />
              <MethodPoint vc="7" uspid="168" ordinal="0" offset="0" />
            </Method>
            <Method visited="true" cyclomaticComplexity="1" sequenceCoverage="100" branchCoverage="100">
              <MetadataToken>100663599</MetadataToken>
              <Name>System.Boolean OpenCover.Framework.Persistance.BasePersistance/&lt;&gt;c__DisplayClassf::&lt;GetMethod&gt;b__e(System.String)</Name>
              <FileRef uid="1" />
              <SequencePoints>
                <SequencePoint vc="6" uspid="171" ordinal="0" offset="0" sl="83" sc="92" el="83" ec="160" />
              </SequencePoints>
              <BranchPoints />
              <MethodPoint vc="6" uspid="170" ordinal="0" offset="0" />
            </Method>
          </Methods>
        </Class>
        <Class>
          <FullName>OpenCover.Framework.Persistance.FilePersistance</FullName>
          <Methods>
            <Method visited="true" cyclomaticComplexity="1" sequenceCoverage="100" branchCoverage="100">
              <MetadataToken>100663326</MetadataToken>
              <Name>System.Void OpenCover.Framework.Persistance.FilePersistance::.ctor(OpenCover.Framework.ICommandLine)</Name>
              <FileRef uid="5" />
              <SequencePoints>
                <SequencePoint vc="1" uspid="173" ordinal="0" offset="0" sl="20" sc="9" el="20" ec="77" />
                <SequencePoint vc="1" uspid="174" ordinal="1" offset="8" sl="21" sc="9" el="21" ec="10" />
                <SequencePoint vc="1" uspid="175" ordinal="2" offset="9" sl="22" sc="9" el="22" ec="10" />
              </SequencePoints>
              <BranchPoints />
              <MethodPoint vc="1" uspid="172" ordinal="0" offset="0" />
            </Method>
            <Method visited="true" cyclomaticComplexity="1" sequenceCoverage="100" branchCoverage="100">
              <MetadataToken>100663327</MetadataToken>
              <Name>System.Void OpenCover.Framework.Persistance.FilePersistance::Initialise(System.String)</Name>
              <FileRef uid="5" />
              <SequencePoints>
                <SequencePoint vc="1" uspid="177" ordinal="0" offset="0" sl="27" sc="9" el="27" ec="10" />
                <SequencePoint vc="1" uspid="178" ordinal="1" offset="1" sl="28" sc="13" el="28" ec="34" />
                <SequencePoint vc="1" uspid="179" ordinal="2" offset="8" sl="29" sc="9" el="29" ec="10" />
              </SequencePoints>
              <BranchPoints />
              <MethodPoint vc="1" uspid="176" ordinal="0" offset="0" />
            </Method>
            <Method visited="true" cyclomaticComplexity="50" sequenceCoverage="39" branchCoverage="29">
              <MetadataToken>100663328</MetadataToken>
              <Name>System.Void OpenCover.Framework.Persistance.FilePersistance::Commit()</Name>
              <FileRef uid="5" />
              <SequencePoints>
                <SequencePoint vc="1" uspid="181" ordinal="0" offset="0" sl="32" sc="9" el="32" ec="10" />
                <SequencePoint vc="1" uspid="182" ordinal="1" offset="1" sl="34" sc="13" el="34" ec="14" />
                <SequencePoint vc="1" uspid="183" ordinal="2" offset="2" sl="35" sc="17" el="35" ec="53" />
                <SequencePoint vc="1" uspid="184" ordinal="3" offset="13" sl="36" sc="17" el="36" ec="24" />
                <SequencePoint vc="1" uspid="185" ordinal="4" offset="14" sl="36" sc="47" el="40" ec="67" />
                <SequencePoint vc="0" uspid="186" ordinal="5" offset="235" sl="36" sc="26" el="36" ec="43" />
                <SequencePoint vc="0" uspid="187" ordinal="6" offset="243" sl="41" sc="17" el="41" ec="18" />
                <SequencePoint vc="0" uspid="188" ordinal="7" offset="244" sl="42" sc="21" el="42" ec="113" />
                <SequencePoint vc="0" uspid="189" ordinal="8" offset="262" sl="43" sc="17" el="43" ec="18" />
                <SequencePoint vc="1" uspid="190" ordinal="9" offset="263" sl="36" sc="44" el="36" ec="46" />
                <SequencePoint vc="1" uspid="191" ordinal="10" offset="299" sl="45" sc="17" el="45" ec="24" />
                <SequencePoint vc="1" uspid="192" ordinal="11" offset="300" sl="45" sc="45" el="49" ec="63" />
                <SequencePoint vc="0" uspid="193" ordinal="12" offset="521" sl="45" sc="26" el="45" ec="41" />
                <SequencePoint vc="0" uspid="194" ordinal="13" offset="529" sl="50" sc="17" el="50" ec="18" />
                <SequencePoint vc="0" uspid="195" ordinal="14" offset="530" sl="51" sc="21" el="51" ec="109" />
                <SequencePoint vc="0" uspid="196" ordinal="15" offset="548" sl="52" sc="17" el="52" ec="18" />
                <SequencePoint vc="1" uspid="197" ordinal="16" offset="549" sl="45" sc="42" el="45" ec="44" />
                <SequencePoint vc="1" uspid="198" ordinal="17" offset="585" sl="54" sc="17" el="54" ec="24" />
                <SequencePoint vc="1" uspid="199" ordinal="18" offset="586" sl="54" sc="40" el="57" ec="53" />
                <SequencePoint vc="0" uspid="200" ordinal="19" offset="743" sl="54" sc="26" el="54" ec="36" />
                <SequencePoint vc="0" uspid="201" ordinal="20" offset="751" sl="58" sc="17" el="58" ec="18" />
                <SequencePoint vc="0" uspid="202" ordinal="21" offset="752" sl="59" sc="21" el="59" ec="123" />
                <SequencePoint vc="0" uspid="203" ordinal="22" offset="780" sl="60" sc="21" el="60" ec="74" />
                <SequencePoint vc="0" uspid="204" ordinal="23" offset="801" sl="62" sc="21" el="62" ec="69" />
                <SequencePoint vc="0" uspid="205" ordinal="24" offset="813" sl="63" sc="21" el="63" ec="101" />
                <SequencePoint vc="0" uspid="206" ordinal="25" offset="862" sl="64" sc="21" el="64" ec="72" />
                <SequencePoint vc="0" uspid="207" ordinal="26" offset="875" sl="65" sc="21" el="65" ec="104" />
                <SequencePoint vc="0" uspid="208" ordinal="27" offset="924" sl="67" sc="21" el="67" ec="44" />
                <SequencePoint vc="0" uspid="209" ordinal="28" offset="938" sl="68" sc="25" el="68" ec="91" />
                <SequencePoint vc="0" uspid="210" ordinal="29" offset="953" sl="70" sc="21" el="70" ec="44" />
                <SequencePoint vc="0" uspid="211" ordinal="30" offset="966" sl="71" sc="21" el="71" ec="22" />
                <SequencePoint vc="0" uspid="212" ordinal="31" offset="967" sl="72" sc="25" el="72" ec="48" />
                <SequencePoint vc="0" uspid="213" ordinal="32" offset="981" sl="72" sc="49" el="72" ec="77" />
                <SequencePoint vc="0" uspid="214" ordinal="33" offset="990" sl="73" sc="21" el="73" ec="22" />
                <SequencePoint vc="0" uspid="215" ordinal="34" offset="993" sl="75" sc="25" el="75" ec="87" />
                <SequencePoint vc="0" uspid="216" ordinal="35" offset="1007" sl="76" sc="17" el="76" ec="18" />
                <SequencePoint vc="1" uspid="217" ordinal="36" offset="1008" sl="54" sc="37" el="54" ec="39" />
                <SequencePoint vc="1" uspid="218" ordinal="37" offset="1047" sl="78" sc="17" el="78" ec="138" />
                <SequencePoint vc="1" uspid="219" ordinal="38" offset="1116" sl="79" sc="17" el="79" ec="69" />
                <SequencePoint vc="1" uspid="220" ordinal="39" offset="1130" sl="80" sc="17" el="80" ec="71" />
                <SequencePoint vc="1" uspid="221" ordinal="40" offset="1144" sl="81" sc="17" el="81" ec="63" />
                <SequencePoint vc="1" uspid="222" ordinal="41" offset="1160" sl="82" sc="17" el="82" ec="32" />
                <SequencePoint vc="1" uspid="223" ordinal="42" offset="1168" sl="84" sc="17" el="84" ec="38" />
                <SequencePoint vc="1" uspid="224" ordinal="43" offset="1171" sl="85" sc="17" el="85" ec="40" />
                <SequencePoint vc="1" uspid="225" ordinal="44" offset="1174" sl="87" sc="17" el="87" ec="41" />
                <SequencePoint vc="1" uspid="226" ordinal="45" offset="1177" sl="88" sc="17" el="88" ec="43" />
                <SequencePoint vc="1" uspid="227" ordinal="46" offset="1180" sl="90" sc="17" el="90" ec="39" />
                <SequencePoint vc="1" uspid="228" ordinal="47" offset="1183" sl="91" sc="17" el="91" ec="41" />
                <SequencePoint vc="1" uspid="229" ordinal="48" offset="1186" sl="92" sc="17" el="92" ec="38" />
                <SequencePoint vc="1" uspid="230" ordinal="49" offset="1189" sl="93" sc="17" el="93" ec="40" />
                <SequencePoint vc="1" uspid="231" ordinal="50" offset="1192" sl="95" sc="17" el="95" ec="41" />
                <SequencePoint vc="1" uspid="232" ordinal="51" offset="1195" sl="96" sc="17" el="96" ec="43" />
                <SequencePoint vc="1" uspid="233" ordinal="52" offset="1198" sl="98" sc="17" el="98" ec="38" />
                <SequencePoint vc="1" uspid="234" ordinal="53" offset="1201" sl="99" sc="17" el="99" ec="40" />
                <SequencePoint vc="1" uspid="235" ordinal="54" offset="1204" sl="101" sc="17" el="101" ec="59" />
                <SequencePoint vc="1" uspid="236" ordinal="55" offset="1211" sl="102" sc="17" el="102" ec="59" />
                <SequencePoint vc="1" uspid="237" ordinal="56" offset="1218" sl="104" sc="17" el="104" ec="53" />
                <SequencePoint vc="1" uspid="238" ordinal="57" offset="1241" sl="105" sc="17" el="105" ec="18" />
                <SequencePoint vc="1" uspid="239" ordinal="58" offset="1242" sl="106" sc="21" el="106" ec="28" />
                <SequencePoint vc="1" uspid="240" ordinal="59" offset="1243" sl="107" sc="25" el="109" ec="38" />
                <SequencePoint vc="0" uspid="241" ordinal="60" offset="1333" sl="106" sc="30" el="106" ec="40" />
                <SequencePoint vc="0" uspid="242" ordinal="61" offset="1342" sl="110" sc="21" el="110" ec="22" />
                <SequencePoint vc="0" uspid="243" ordinal="62" offset="1343" sl="111" sc="25" el="111" ec="116" />
                <SequencePoint vc="0" uspid="244" ordinal="63" offset="1400" sl="112" sc="25" el="112" ec="26" />
                <SequencePoint vc="0" uspid="245" ordinal="64" offset="1401" sl="113" sc="29" el="113" ec="49" />
                <SequencePoint vc="0" uspid="246" ordinal="65" offset="1407" sl="114" sc="29" el="114" ec="47" />
                <SequencePoint vc="0" uspid="247" ordinal="66" offset="1413" sl="115" sc="25" el="115" ec="26" />
                <SequencePoint vc="0" uspid="248" ordinal="67" offset="1416" sl="116" sc="30" el="116" ec="87" />
                <SequencePoint vc="0" uspid="249" ordinal="68" offset="1473" sl="117" sc="25" el="117" ec="26" />
                <SequencePoint vc="0" uspid="250" ordinal="69" offset="1474" sl="118" sc="29" el="118" ec="47" />
                <SequencePoint vc="0" uspid="251" ordinal="70" offset="1480" sl="119" sc="29" el="119" ec="67" />
                <SequencePoint vc="0" uspid="252" ordinal="71" offset="1495" sl="120" sc="25" el="120" ec="26" />
                <SequencePoint vc="0" uspid="253" ordinal="72" offset="1496" sl="122" sc="25" el="122" ec="70" />
                <SequencePoint vc="0" uspid="254" ordinal="73" offset="1553" sl="123" sc="25" el="123" ec="26" />
                <SequencePoint vc="0" uspid="255" ordinal="74" offset="1554" sl="124" sc="29" el="124" ec="52" />
                <SequencePoint vc="0" uspid="256" ordinal="75" offset="1560" sl="125" sc="29" el="125" ec="50" />
                <SequencePoint vc="0" uspid="257" ordinal="76" offset="1566" sl="126" sc="25" el="126" ec="26" />
                <SequencePoint vc="0" uspid="258" ordinal="77" offset="1569" sl="127" sc="30" el="127" ec="55" />
                <SequencePoint vc="0" uspid="259" ordinal="78" offset="1590" sl="128" sc="25" el="128" ec="26" />
                <SequencePoint vc="0" uspid="260" ordinal="79" offset="1591" sl="129" sc="29" el="129" ec="50" />
                <SequencePoint vc="0" uspid="261" ordinal="80" offset="1597" sl="130" sc="25" el="130" ec="26" />
                <SequencePoint vc="0" uspid="262" ordinal="81" offset="1598" sl="132" sc="25" el="132" ec="52" />
                <SequencePoint vc="0" uspid="263" ordinal="82" offset="1617" sl="132" sc="53" el="132" ec="62" />
                <SequencePoint vc="0" uspid="264" ordinal="83" offset="1622" sl="134" sc="25" el="134" ec="32" />
                <SequencePoint vc="0" uspid="265" ordinal="84" offset="1623" sl="134" sc="48" el="134" ec="62" />
                <SequencePoint vc="0" uspid="266" ordinal="85" offset="1640" sl="134" sc="34" el="134" ec="44" />
                <SequencePoint vc="0" uspid="267" ordinal="86" offset="1646" sl="135" sc="25" el="135" ec="26" />
                <SequencePoint vc="0" uspid="268" ordinal="87" offset="1647" sl="136" sc="29" el="136" ec="92" />
                <SequencePoint vc="0" uspid="269" ordinal="88" offset="1703" sl="137" sc="29" el="137" ec="30" />
                <SequencePoint vc="0" uspid="270" ordinal="89" offset="1704" sl="138" sc="33" el="138" ec="53" />
                <SequencePoint vc="0" uspid="271" ordinal="90" offset="1710" sl="139" sc="33" el="139" ec="51" />
                <SequencePoint vc="0" uspid="272" ordinal="91" offset="1716" sl="140" sc="29" el="140" ec="30" />
                <SequencePoint vc="0" uspid="273" ordinal="92" offset="1719" sl="141" sc="34" el="141" ec="61" />
                <SequencePoint vc="0" uspid="274" ordinal="93" offset="1734" sl="142" sc="29" el="142" ec="30" />
                <SequencePoint vc="0" uspid="275" ordinal="94" offset="1735" sl="143" sc="33" el="143" ec="51" />
                <SequencePoint vc="0" uspid="276" ordinal="95" offset="1741" sl="144" sc="33" el="144" ec="89" />
                <SequencePoint vc="0" uspid="277" ordinal="96" offset="1765" sl="145" sc="29" el="145" ec="30" />
                <SequencePoint vc="0" uspid="278" ordinal="97" offset="1766" sl="147" sc="29" el="147" ec="50" />
                <SequencePoint vc="0" uspid="279" ordinal="98" offset="1772" sl="148" sc="29" el="148" ec="48" />
                <SequencePoint vc="0" uspid="280" ordinal="99" offset="1787" sl="149" sc="29" el="149" ec="30" />
                <SequencePoint vc="0" uspid="281" ordinal="100" offset="1788" sl="150" sc="33" el="150" ec="56" />
                <SequencePoint vc="0" uspid="282" ordinal="101" offset="1794" sl="151" sc="29" el="151" ec="30" />
                <SequencePoint vc="0" uspid="283" ordinal="102" offset="1795" sl="153" sc="29" el="153" ec="76" />
                <SequencePoint vc="0" uspid="284" ordinal="103" offset="1811" sl="154" sc="29" el="154" ec="110" />
                <SequencePoint vc="0" uspid="285" ordinal="104" offset="1863" sl="156" sc="29" el="156" ec="73" />
                <SequencePoint vc="0" uspid="286" ordinal="105" offset="1879" sl="157" sc="29" el="157" ec="107" />
                <SequencePoint vc="0" uspid="287" ordinal="106" offset="1931" sl="158" sc="25" el="158" ec="26" />
                <SequencePoint vc="0" uspid="288" ordinal="107" offset="1938" sl="134" sc="45" el="134" ec="47" />
                <SequencePoint vc="0" uspid="289" ordinal="108" offset="1955" sl="159" sc="21" el="159" ec="22" />
                <SequencePoint vc="1" uspid="290" ordinal="109" offset="1956" sl="106" sc="41" el="106" ec="43" />
                <SequencePoint vc="1" uspid="291" ordinal="110" offset="1995" sl="160" sc="17" el="160" ec="18" />
                <SequencePoint vc="1" uspid="292" ordinal="111" offset="1996" sl="162" sc="17" el="163" ec="90" />
                <SequencePoint vc="1" uspid="293" ordinal="112" offset="2043" sl="164" sc="17" el="165" ec="90" />
                <SequencePoint vc="1" uspid="294" ordinal="113" offset="2090" sl="166" sc="17" el="167" ec="93" />
                <SequencePoint vc="1" uspid="295" ordinal="114" offset="2137" sl="168" sc="17" el="169" ec="90" />
                <SequencePoint vc="1" uspid="296" ordinal="115" offset="2184" sl="171" sc="17" el="171" ec="39" />
                <SequencePoint vc="1" uspid="297" ordinal="116" offset="2195" sl="172" sc="17" el="172" ec="136" />
                <SequencePoint vc="1" uspid="298" ordinal="117" offset="2206" sl="173" sc="17" el="174" ec="99" />
                <SequencePoint vc="1" uspid="299" ordinal="118" offset="2253" sl="175" sc="17" el="176" ec="99" />
                <SequencePoint vc="1" uspid="300" ordinal="119" offset="2300" sl="178" sc="17" el="178" ec="39" />
                <SequencePoint vc="1" uspid="301" ordinal="120" offset="2311" sl="179" sc="17" el="179" ec="64" />
                <SequencePoint vc="1" uspid="302" ordinal="121" offset="2322" sl="180" sc="17" el="180" ec="24" />
                <SequencePoint vc="1" uspid="303" ordinal="122" offset="2323" sl="180" sc="48" el="180" ec="64" />
                <SequencePoint vc="0" uspid="304" ordinal="123" offset="2334" sl="180" sc="26" el="180" ec="44" />
                <SequencePoint vc="0" uspid="305" ordinal="124" offset="2343" sl="181" sc="17" el="181" ec="18" />
                <SequencePoint vc="0" uspid="306" ordinal="125" offset="2344" sl="182" sc="21" el="182" ec="55" />
                <SequencePoint vc="0" uspid="307" ordinal="126" offset="2352" sl="183" sc="17" el="183" ec="18" />
                <SequencePoint vc="1" uspid="308" ordinal="127" offset="2353" sl="180" sc="45" el="180" ec="47" />
                <SequencePoint vc="1" uspid="309" ordinal="128" offset="2384" sl="185" sc="17" el="185" ec="39" />
                <SequencePoint vc="1" uspid="310" ordinal="129" offset="2395" sl="186" sc="17" el="186" ec="64" />
                <SequencePoint vc="1" uspid="311" ordinal="130" offset="2406" sl="187" sc="17" el="187" ec="24" />
                <SequencePoint vc="1" uspid="312" ordinal="131" offset="2407" sl="187" sc="49" el="187" ec="65" />
                <SequencePoint vc="0" uspid="313" ordinal="132" offset="2418" sl="187" sc="26" el="187" ec="45" />
                <SequencePoint vc="0" uspid="314" ordinal="133" offset="2427" sl="188" sc="17" el="188" ec="18" />
                <SequencePoint vc="0" uspid="315" ordinal="134" offset="2428" sl="189" sc="21" el="189" ec="56" />
                <SequencePoint vc="0" uspid="316" ordinal="135" offset="2436" sl="190" sc="17" el="190" ec="18" />
                <SequencePoint vc="1" uspid="317" ordinal="136" offset="2437" sl="187" sc="46" el="187" ec="48" />
                <SequencePoint vc="1" uspid="318" ordinal="137" offset="2468" sl="191" sc="13" el="191" ec="14" />
                <SequencePoint vc="0" uspid="319" ordinal="138" offset="2471" sl="192" sc="13" el="192" ec="33" />
                <SequencePoint vc="0" uspid="320" ordinal="139" offset="2473" sl="193" sc="13" el="193" ec="14" />
                <SequencePoint vc="0" uspid="321" ordinal="140" offset="2474" sl="194" sc="17" el="194" ec="45" />
                <SequencePoint vc="0" uspid="322" ordinal="141" offset="2487" sl="195" sc="17" el="195" ec="48" />
                <SequencePoint vc="0" uspid="323" ordinal="142" offset="2500" sl="196" sc="13" el="196" ec="14" />
                <SequencePoint vc="1" uspid="324" ordinal="143" offset="2504" sl="197" sc="9" el="197" ec="10" />
              </SequencePoints>
              <BranchPoints>
                <BranchPoint vc="1" uspid="325" ordinal="0" offset="30" path="0" />
                <BranchPoint vc="0" uspid="326" ordinal="1" offset="30" path="1" />
                <BranchPoint vc="1" uspid="327" ordinal="2" offset="61" path="0" />
                <BranchPoint vc="0" uspid="328" ordinal="3" offset="61" path="1" />
                <BranchPoint vc="1" uspid="329" ordinal="4" offset="97" path="0" />
                <BranchPoint vc="0" uspid="330" ordinal="5" offset="97" path="1" />
                <BranchPoint vc="1" uspid="331" ordinal="6" offset="128" path="0" />
                <BranchPoint vc="0" uspid="332" ordinal="7" offset="128" path="1" />
                <BranchPoint vc="1" uspid="333" ordinal="8" offset="164" path="0" />
                <BranchPoint vc="0" uspid="334" ordinal="9" offset="164" path="1" />
                <BranchPoint vc="1" uspid="335" ordinal="10" offset="195" path="0" />
                <BranchPoint vc="0" uspid="336" ordinal="11" offset="195" path="1" />
                <BranchPoint vc="1" uspid="337" ordinal="12" offset="274" path="0" />
                <BranchPoint vc="0" uspid="338" ordinal="13" offset="274" path="1" />
                <BranchPoint vc="1" uspid="339" ordinal="14" offset="287" path="0" />
                <BranchPoint vc="0" uspid="340" ordinal="15" offset="287" path="1" />
                <BranchPoint vc="1" uspid="341" ordinal="16" offset="316" path="0" />
                <BranchPoint vc="0" uspid="342" ordinal="17" offset="316" path="1" />
                <BranchPoint vc="1" uspid="343" ordinal="18" offset="347" path="0" />
                <BranchPoint vc="0" uspid="344" ordinal="19" offset="347" path="1" />
                <BranchPoint vc="1" uspid="345" ordinal="20" offset="383" path="0" />
                <BranchPoint vc="0" uspid="346" ordinal="21" offset="383" path="1" />
                <BranchPoint vc="1" uspid="347" ordinal="22" offset="414" path="0" />
                <BranchPoint vc="0" uspid="348" ordinal="23" offset="414" path="1" />
                <BranchPoint vc="1" uspid="349" ordinal="24" offset="450" path="0" />
                <BranchPoint vc="0" uspid="350" ordinal="25" offset="450" path="1" />
                <BranchPoint vc="1" uspid="351" ordinal="26" offset="481" path="0" />
                <BranchPoint vc="0" uspid="352" ordinal="27" offset="481" path="1" />
                <BranchPoint vc="1" uspid="353" ordinal="28" offset="560" path="0" />
                <BranchPoint vc="0" uspid="354" ordinal="29" offset="560" path="1" />
                <BranchPoint vc="1" uspid="355" ordinal="30" offset="573" path="0" />
                <BranchPoint vc="0" uspid="356" ordinal="31" offset="573" path="1" />
                <BranchPoint vc="1" uspid="357" ordinal="32" offset="602" path="0" />
                <BranchPoint vc="0" uspid="358" ordinal="33" offset="602" path="1" />
                <BranchPoint vc="1" uspid="359" ordinal="34" offset="633" path="0" />
                <BranchPoint vc="0" uspid="360" ordinal="35" offset="633" path="1" />
                <BranchPoint vc="1" uspid="361" ordinal="36" offset="669" path="0" />
                <BranchPoint vc="0" uspid="362" ordinal="37" offset="669" path="1" />
                <BranchPoint vc="1" uspid="363" ordinal="38" offset="700" path="0" />
                <BranchPoint vc="0" uspid="364" ordinal="39" offset="700" path="1" />
                <BranchPoint vc="0" uspid="365" ordinal="40" offset="824" path="0" />
                <BranchPoint vc="0" uspid="366" ordinal="41" offset="824" path="1" />
                <BranchPoint vc="0" uspid="367" ordinal="42" offset="886" path="0" />
                <BranchPoint vc="0" uspid="368" ordinal="43" offset="886" path="1" />
                <BranchPoint vc="0" uspid="369" ordinal="44" offset="936" path="0" />
                <BranchPoint vc="0" uspid="370" ordinal="45" offset="936" path="1" />
                <BranchPoint vc="0" uspid="371" ordinal="46" offset="964" path="0" />
                <BranchPoint vc="0" uspid="372" ordinal="47" offset="964" path="1" />
                <BranchPoint vc="0" uspid="373" ordinal="48" offset="979" path="0" />
                <BranchPoint vc="0" uspid="374" ordinal="49" offset="979" path="1" />
                <BranchPoint vc="1" uspid="375" ordinal="50" offset="1019" path="0" />
                <BranchPoint vc="0" uspid="376" ordinal="51" offset="1019" path="1" />
                <BranchPoint vc="1" uspid="377" ordinal="52" offset="1035" path="0" />
                <BranchPoint vc="0" uspid="378" ordinal="53" offset="1035" path="1" />
                <BranchPoint vc="1" uspid="379" ordinal="54" offset="1236" path="0" />
                <BranchPoint vc="0" uspid="380" ordinal="55" offset="1236" path="1" />
                <BranchPoint vc="1" uspid="381" ordinal="56" offset="1259" path="0" />
                <BranchPoint vc="0" uspid="382" ordinal="57" offset="1259" path="1" />
                <BranchPoint vc="1" uspid="383" ordinal="58" offset="1290" path="0" />
                <BranchPoint vc="0" uspid="384" ordinal="59" offset="1290" path="1" />
                <BranchPoint vc="0" uspid="385" ordinal="60" offset="1355" path="0" />
                <BranchPoint vc="0" uspid="386" ordinal="61" offset="1355" path="1" />
                <BranchPoint vc="0" uspid="387" ordinal="62" offset="1398" path="0" />
                <BranchPoint vc="0" uspid="388" ordinal="63" offset="1398" path="1" />
                <BranchPoint vc="0" uspid="389" ordinal="64" offset="1428" path="0" />
                <BranchPoint vc="0" uspid="390" ordinal="65" offset="1428" path="1" />
                <BranchPoint vc="0" uspid="391" ordinal="66" offset="1471" path="0" />
                <BranchPoint vc="0" uspid="392" ordinal="67" offset="1471" path="1" />
                <BranchPoint vc="0" uspid="393" ordinal="68" offset="1508" path="0" />
                <BranchPoint vc="0" uspid="394" ordinal="69" offset="1508" path="1" />
                <BranchPoint vc="0" uspid="395" ordinal="70" offset="1551" path="0" />
                <BranchPoint vc="0" uspid="396" ordinal="71" offset="1551" path="1" />
                <BranchPoint vc="0" uspid="397" ordinal="72" offset="1588" path="0" />
                <BranchPoint vc="0" uspid="398" ordinal="73" offset="1588" path="1" />
                <BranchPoint vc="0" uspid="399" ordinal="74" offset="1615" path="0" />
                <BranchPoint vc="0" uspid="400" ordinal="75" offset="1615" path="1" />
                <BranchPoint vc="0" uspid="401" ordinal="76" offset="1658" path="0" />
                <BranchPoint vc="0" uspid="402" ordinal="77" offset="1658" path="1" />
                <BranchPoint vc="0" uspid="403" ordinal="78" offset="1701" path="0" />
                <BranchPoint vc="0" uspid="404" ordinal="79" offset="1701" path="1" />
                <BranchPoint vc="0" uspid="405" ordinal="80" offset="1732" path="0" />
                <BranchPoint vc="0" uspid="406" ordinal="81" offset="1732" path="1" />
                <BranchPoint vc="0" uspid="407" ordinal="82" offset="1785" path="0" />
                <BranchPoint vc="0" uspid="408" ordinal="83" offset="1785" path="1" />
                <BranchPoint vc="0" uspid="409" ordinal="84" offset="1824" path="0" />
                <BranchPoint vc="0" uspid="410" ordinal="85" offset="1824" path="1" />
                <BranchPoint vc="0" uspid="411" ordinal="86" offset="1892" path="0" />
                <BranchPoint vc="0" uspid="412" ordinal="87" offset="1892" path="1" />
                <BranchPoint vc="0" uspid="413" ordinal="88" offset="1950" path="0" />
                <BranchPoint vc="0" uspid="414" ordinal="89" offset="1950" path="1" />
                <BranchPoint vc="1" uspid="415" ordinal="90" offset="1967" path="0" />
                <BranchPoint vc="0" uspid="416" ordinal="91" offset="1967" path="1" />
                <BranchPoint vc="1" uspid="417" ordinal="92" offset="1983" path="0" />
                <BranchPoint vc="0" uspid="418" ordinal="93" offset="1983" path="1" />
                <BranchPoint vc="1" uspid="419" ordinal="94" offset="2364" path="0" />
                <BranchPoint vc="0" uspid="420" ordinal="95" offset="2364" path="1" />
                <BranchPoint vc="1" uspid="421" ordinal="96" offset="2448" path="0" />
                <BranchPoint vc="0" uspid="422" ordinal="97" offset="2448" path="1" />
              </BranchPoints>
              <MethodPoint vc="1" uspid="180" ordinal="0" offset="0" />
            </Method>
            <Method visited="true" cyclomaticComplexity="1" sequenceCoverage="100" branchCoverage="100">
              <MetadataToken>100663329</MetadataToken>
              <Name>System.Collections.Generic.IEnumerable`1&lt;OpenCover.Framework.Model.Class&gt; OpenCover.Framework.Persistance.FilePersistance::&lt;Commit&gt;b__1a(OpenCover.Framework.Model.Module)</Name>
              <FileRef uid="5" />
              <SequencePoints>
                <SequencePoint vc="1" uspid="424" ordinal="0" offset="0" sl="37" sc="62" el="37" ec="76" />
              </SequencePoints>
              <BranchPoints />
              <MethodPoint vc="1" uspid="423" ordinal="0" offset="0" />
            </Method>
            <Method visited="false" cyclomaticComplexity="1" sequenceCoverage="0" branchCoverage="0">
              <MetadataToken>100663330</MetadataToken>
              <Name>&lt;&gt;f__AnonymousType0`2&lt;OpenCover.Framework.Model.Module,OpenCover.Framework.Model.Class&gt; OpenCover.Framework.Persistance.FilePersistance::&lt;Commit&gt;b__1b(OpenCover.Framework.Model.Module,OpenCover.Framework.Model.Class)</Name>
              <FileRef uid="5" />
              <SequencePoints>
                <SequencePoint vc="0" uspid="426" ordinal="0" offset="0" sl="37" sc="62" el="37" ec="76" />
              </SequencePoints>
              <BranchPoints />
              <MethodPoint vc="0" uspid="425" ordinal="0" offset="0" />
            </Method>
            <Method visited="false" cyclomaticComplexity="1" sequenceCoverage="0" branchCoverage="0">
              <MetadataToken>100663331</MetadataToken>
              <Name>System.Collections.Generic.IEnumerable`1&lt;OpenCover.Framework.Model.Method&gt; OpenCover.Framework.Persistance.FilePersistance::&lt;Commit&gt;b__1c(&lt;&gt;f__AnonymousType0`2&lt;OpenCover.Framework.Model.Module,OpenCover.Framework.Model.Class&gt;)</Name>
              <FileRef uid="5" />
              <SequencePoints>
                <SequencePoint vc="0" uspid="428" ordinal="0" offset="0" sl="38" sc="62" el="38" ec="76" />
              </SequencePoints>
              <BranchPoints />
              <MethodPoint vc="0" uspid="427" ordinal="0" offset="0" />
            </Method>
            <Method visited="false" cyclomaticComplexity="1" sequenceCoverage="0" branchCoverage="0">
              <MetadataToken>100663332</MetadataToken>
              <Name>&lt;&gt;f__AnonymousType1`2&lt;&lt;&gt;f__AnonymousType0`2&lt;OpenCover.Framework.Model.Module,OpenCover.Framework.Model.Class&gt;,OpenCover.Framework.Model.Method&gt; OpenCover.Framework.Persistance.FilePersistance::&lt;Commit&gt;b__1d(&lt;&gt;f__AnonymousType0`2&lt;OpenCover.Framework.Model.Module,OpenCover.Framework.Model.Class&gt;,OpenCover.Framework.Model.Method)</Name>
              <FileRef uid="5" />
              <SequencePoints>
                <SequencePoint vc="0" uspid="430" ordinal="0" offset="0" sl="38" sc="62" el="38" ec="76" />
              </SequencePoints>
              <BranchPoints />
              <MethodPoint vc="0" uspid="429" ordinal="0" offset="0" />
            </Method>
            <Method visited="false" cyclomaticComplexity="1" sequenceCoverage="0" branchCoverage="0">
              <MetadataToken>100663333</MetadataToken>
              <Name>System.Collections.Generic.IEnumerable`1&lt;OpenCover.Framework.Model.SequencePoint&gt; OpenCover.Framework.Persistance.FilePersistance::&lt;Commit&gt;b__1e(&lt;&gt;f__AnonymousType1`2&lt;&lt;&gt;f__AnonymousType0`2&lt;OpenCover.Framework.Model.Module,OpenCover.Framework.Model.Class&gt;,OpenCover.Framework.Model.Method&gt;)</Name>
              <FileRef uid="5" />
              <SequencePoints>
                <SequencePoint vc="0" uspid="432" ordinal="0" offset="0" sl="39" sc="69" el="39" ec="90" />
              </SequencePoints>
              <BranchPoints />
              <MethodPoint vc="0" uspid="431" ordinal="0" offset="0" />
            </Method>
            <Method visited="false" cyclomaticComplexity="1" sequenceCoverage="0" branchCoverage="0">
              <MetadataToken>100663334</MetadataToken>
              <Name>OpenCover.Framework.Model.SequencePoint OpenCover.Framework.Persistance.FilePersistance::&lt;Commit&gt;b__1f(&lt;&gt;f__AnonymousType1`2&lt;&lt;&gt;f__AnonymousType0`2&lt;OpenCover.Framework.Model.Module,OpenCover.Framework.Model.Class&gt;,OpenCover.Framework.Model.Method&gt;,OpenCover.Framework.Model.SequencePoint)</Name>
              <FileRef uid="5" />
              <SequencePoints>
                <SequencePoint vc="0" uspid="434" ordinal="0" offset="0" sl="40" sc="54" el="40" ec="67" />
              </SequencePoints>
              <BranchPoints />
              <MethodPoint vc="0" uspid="433" ordinal="0" offset="0" />
            </Method>
            <Method visited="true" cyclomaticComplexity="1" sequenceCoverage="100" branchCoverage="100">
              <MetadataToken>100663335</MetadataToken>
              <Name>System.Collections.Generic.IEnumerable`1&lt;OpenCover.Framework.Model.Class&gt; OpenCover.Framework.Persistance.FilePersistance::&lt;Commit&gt;b__20(OpenCover.Framework.Model.Module)</Name>
              <FileRef uid="5" />
              <SequencePoints>
                <SequencePoint vc="1" uspid="436" ordinal="0" offset="0" sl="46" sc="60" el="46" ec="74" />
              </SequencePoints>
              <BranchPoints />
              <MethodPoint vc="1" uspid="435" ordinal="0" offset="0" />
            </Method>
            <Method visited="false" cyclomaticComplexity="1" sequenceCoverage="0" branchCoverage="0">
              <MetadataToken>100663336</MetadataToken>
              <Name>&lt;&gt;f__AnonymousType0`2&lt;OpenCover.Framework.Model.Module,OpenCover.Framework.Model.Class&gt; OpenCover.Framework.Persistance.FilePersistance::&lt;Commit&gt;b__21(OpenCover.Framework.Model.Module,OpenCover.Framework.Model.Class)</Name>
              <FileRef uid="5" />
              <SequencePoints>
                <SequencePoint vc="0" uspid="438" ordinal="0" offset="0" sl="46" sc="60" el="46" ec="74" />
              </SequencePoints>
              <BranchPoints />
              <MethodPoint vc="0" uspid="437" ordinal="0" offset="0" />
            </Method>
            <Method visited="false" cyclomaticComplexity="1" sequenceCoverage="0" branchCoverage="0">
              <MetadataToken>100663337</MetadataToken>
              <Name>System.Collections.Generic.IEnumerable`1&lt;OpenCover.Framework.Model.Method&gt; OpenCover.Framework.Persistance.FilePersistance::&lt;Commit&gt;b__22(&lt;&gt;f__AnonymousType0`2&lt;OpenCover.Framework.Model.Module,OpenCover.Framework.Model.Class&gt;)</Name>
              <FileRef uid="5" />
              <SequencePoints>
                <SequencePoint vc="0" uspid="440" ordinal="0" offset="0" sl="47" sc="60" el="47" ec="74" />
              </SequencePoints>
              <BranchPoints />
              <MethodPoint vc="0" uspid="439" ordinal="0" offset="0" />
            </Method>
            <Method visited="false" cyclomaticComplexity="1" sequenceCoverage="0" branchCoverage="0">
              <MetadataToken>100663338</MetadataToken>
              <Name>&lt;&gt;f__AnonymousType2`2&lt;&lt;&gt;f__AnonymousType0`2&lt;OpenCover.Framework.Model.Module,OpenCover.Framework.Model.Class&gt;,OpenCover.Framework.Model.Method&gt; OpenCover.Framework.Persistance.FilePersistance::&lt;Commit&gt;b__23(&lt;&gt;f__AnonymousType0`2&lt;OpenCover.Framework.Model.Module,OpenCover.Framework.Model.Class&gt;,OpenCover.Framework.Model.Method)</Name>
              <FileRef uid="5" />
              <SequencePoints>
                <SequencePoint vc="0" uspid="442" ordinal="0" offset="0" sl="47" sc="60" el="47" ec="74" />
              </SequencePoints>
              <BranchPoints />
              <MethodPoint vc="0" uspid="441" ordinal="0" offset="0" />
            </Method>
            <Method visited="false" cyclomaticComplexity="1" sequenceCoverage="0" branchCoverage="0">
              <MetadataToken>100663339</MetadataToken>
              <Name>System.Collections.Generic.IEnumerable`1&lt;OpenCover.Framework.Model.BranchPoint&gt; OpenCover.Framework.Persistance.FilePersistance::&lt;Commit&gt;b__24(&lt;&gt;f__AnonymousType2`2&lt;&lt;&gt;f__AnonymousType0`2&lt;OpenCover.Framework.Model.Module,OpenCover.Framework.Model.Class&gt;,OpenCover.Framework.Model.Method&gt;)</Name>
              <FileRef uid="5" />
              <SequencePoints>
                <SequencePoint vc="0" uspid="444" ordinal="0" offset="0" sl="48" sc="65" el="48" ec="84" />
              </SequencePoints>
              <BranchPoints />
              <MethodPoint vc="0" uspid="443" ordinal="0" offset="0" />
            </Method>
            <Method visited="false" cyclomaticComplexity="1" sequenceCoverage="0" branchCoverage="0">
              <MetadataToken>100663340</MetadataToken>
              <Name>OpenCover.Framework.Model.BranchPoint OpenCover.Framework.Persistance.FilePersistance::&lt;Commit&gt;b__25(&lt;&gt;f__AnonymousType2`2&lt;&lt;&gt;f__AnonymousType0`2&lt;OpenCover.Framework.Model.Module,OpenCover.Framework.Model.Class&gt;,OpenCover.Framework.Model.Method&gt;,OpenCover.Framework.Model.BranchPoint)</Name>
              <FileRef uid="5" />
              <SequencePoints>
                <SequencePoint vc="0" uspid="446" ordinal="0" offset="0" sl="49" sc="52" el="49" ec="63" />
              </SequencePoints>
              <BranchPoints />
              <MethodPoint vc="0" uspid="445" ordinal="0" offset="0" />
            </Method>
            <Method visited="true" cyclomaticComplexity="1" sequenceCoverage="100" branchCoverage="100">
              <MetadataToken>100663341</MetadataToken>
              <Name>System.Collections.Generic.IEnumerable`1&lt;OpenCover.Framework.Model.Class&gt; OpenCover.Framework.Persistance.FilePersistance::&lt;Commit&gt;b__26(OpenCover.Framework.Model.Module)</Name>
              <FileRef uid="5" />
              <SequencePoints>
                <SequencePoint vc="1" uspid="448" ordinal="0" offset="0" sl="55" sc="55" el="55" ec="69" />
              </SequencePoints>
              <BranchPoints />
              <MethodPoint vc="1" uspid="447" ordinal="0" offset="0" />
            </Method>
            <Method visited="false" cyclomaticComplexity="1" sequenceCoverage="0" branchCoverage="0">
              <MetadataToken>100663342</MetadataToken>
              <Name>&lt;&gt;f__AnonymousType0`2&lt;OpenCover.Framework.Model.Module,OpenCover.Framework.Model.Class&gt; OpenCover.Framework.Persistance.FilePersistance::&lt;Commit&gt;b__27(OpenCover.Framework.Model.Module,OpenCover.Framework.Model.Class)</Name>
              <FileRef uid="5" />
              <SequencePoints>
                <SequencePoint vc="0" uspid="450" ordinal="0" offset="0" sl="55" sc="55" el="55" ec="69" />
              </SequencePoints>
              <BranchPoints />
              <MethodPoint vc="0" uspid="449" ordinal="0" offset="0" />
            </Method>
            <Method visited="false" cyclomaticComplexity="1" sequenceCoverage="0" branchCoverage="0">
              <MetadataToken>100663343</MetadataToken>
              <Name>System.Collections.Generic.IEnumerable`1&lt;OpenCover.Framework.Model.Method&gt; OpenCover.Framework.Persistance.FilePersistance::&lt;Commit&gt;b__28(&lt;&gt;f__AnonymousType0`2&lt;OpenCover.Framework.Model.Module,OpenCover.Framework.Model.Class&gt;)</Name>
              <FileRef uid="5" />
              <SequencePoints>
                <SequencePoint vc="0" uspid="452" ordinal="0" offset="0" sl="56" sc="55" el="56" ec="69" />
              </SequencePoints>
              <BranchPoints />
              <MethodPoint vc="0" uspid="451" ordinal="0" offset="0" />
            </Method>
            <Method visited="false" cyclomaticComplexity="1" sequenceCoverage="0" branchCoverage="0">
              <MetadataToken>100663344</MetadataToken>
              <Name>OpenCover.Framework.Model.Method OpenCover.Framework.Persistance.FilePersistance::&lt;Commit&gt;b__29(&lt;&gt;f__AnonymousType0`2&lt;OpenCover.Framework.Model.Module,OpenCover.Framework.Model.Class&gt;,OpenCover.Framework.Model.Method)</Name>
              <FileRef uid="5" />
              <SequencePoints>
                <SequencePoint vc="0" uspid="454" ordinal="0" offset="0" sl="57" sc="47" el="57" ec="53" />
              </SequencePoints>
              <BranchPoints />
              <MethodPoint vc="0" uspid="453" ordinal="0" offset="0" />
            </Method>
            <Method visited="false" cyclomaticComplexity="1" sequenceCoverage="0" branchCoverage="0">
              <MetadataToken>100663345</MetadataToken>
              <Name>System.Boolean OpenCover.Framework.Persistance.FilePersistance::&lt;Commit&gt;b__2a(OpenCover.Framework.Model.BranchPoint)</Name>
              <FileRef uid="5" />
              <SequencePoints>
                <SequencePoint vc="0" uspid="456" ordinal="0" offset="0" sl="63" sc="73" el="63" ec="91" />
              </SequencePoints>
              <BranchPoints />
              <MethodPoint vc="0" uspid="455" ordinal="0" offset="0" />
            </Method>
            <Method visited="false" cyclomaticComplexity="1" sequenceCoverage="0" branchCoverage="0">
              <MetadataToken>100663346</MetadataToken>
              <Name>System.Boolean OpenCover.Framework.Persistance.FilePersistance::&lt;Commit&gt;b__2b(OpenCover.Framework.Model.SequencePoint)</Name>
              <FileRef uid="5" />
              <SequencePoints>
                <SequencePoint vc="0" uspid="458" ordinal="0" offset="0" sl="65" sc="76" el="65" ec="94" />
              </SequencePoints>
              <BranchPoints />
              <MethodPoint vc="0" uspid="457" ordinal="0" offset="0" />
            </Method>
            <Method visited="true" cyclomaticComplexity="1" sequenceCoverage="100" branchCoverage="100">
              <MetadataToken>100663347</MetadataToken>
              <Name>System.Collections.Generic.IEnumerable`1&lt;OpenCover.Framework.Model.Class&gt; OpenCover.Framework.Persistance.FilePersistance::&lt;Commit&gt;b__2c(OpenCover.Framework.Model.Module)</Name>
              <FileRef uid="5" />
              <SequencePoints>
                <SequencePoint vc="1" uspid="460" ordinal="0" offset="0" sl="108" sc="40" el="108" ec="54" />
              </SequencePoints>
              <BranchPoints />
              <MethodPoint vc="1" uspid="459" ordinal="0" offset="0" />
            </Method>
            <Method visited="false" cyclomaticComplexity="1" sequenceCoverage="0" branchCoverage="0">
              <MetadataToken>100663348</MetadataToken>
              <Name>OpenCover.Framework.Model.Class OpenCover.Framework.Persistance.FilePersistance::&lt;Commit&gt;b__2d(OpenCover.Framework.Model.Module,OpenCover.Framework.Model.Class)</Name>
              <FileRef uid="5" />
              <SequencePoints>
                <SequencePoint vc="0" uspid="462" ordinal="0" offset="0" sl="109" sc="32" el="109" ec="38" />
              </SequencePoints>
              <BranchPoints />
              <MethodPoint vc="0" uspid="461" ordinal="0" offset="0" />
            </Method>
            <Method visited="false" cyclomaticComplexity="2" sequenceCoverage="0" branchCoverage="0">
              <MetadataToken>100663349</MetadataToken>
              <Name>System.Boolean OpenCover.Framework.Persistance.FilePersistance::&lt;Commit&gt;b__2e(OpenCover.Framework.Model.Method)</Name>
              <FileRef uid="5" />
              <SequencePoints>
                <SequencePoint vc="0" uspid="464" ordinal="0" offset="0" sl="111" sc="56" el="111" ec="107" />
              </SequencePoints>
              <BranchPoints>
                <BranchPoint vc="0" uspid="465" ordinal="0" offset="11" path="0" />
                <BranchPoint vc="0" uspid="466" ordinal="1" offset="11" path="1" />
              </BranchPoints>
              <MethodPoint vc="0" uspid="463" ordinal="0" offset="0" />
            </Method>
            <Method visited="false" cyclomaticComplexity="1" sequenceCoverage="0" branchCoverage="0">
              <MetadataToken>100663350</MetadataToken>
              <Name>System.Boolean OpenCover.Framework.Persistance.FilePersistance::&lt;Commit&gt;b__30(OpenCover.Framework.Model.Method)</Name>
              <FileRef uid="5" />
              <SequencePoints>
                <SequencePoint vc="0" uspid="468" ordinal="0" offset="0" sl="116" sc="61" el="116" ec="78" />
              </SequencePoints>
              <BranchPoints />
              <MethodPoint vc="0" uspid="467" ordinal="0" offset="0" />
            </Method>
            <Method visited="false" cyclomaticComplexity="1" sequenceCoverage="0" branchCoverage="0">
              <MetadataToken>100663351</MetadataToken>
              <Name>System.Boolean OpenCover.Framework.Persistance.FilePersistance::&lt;Commit&gt;b__31(OpenCover.Framework.Model.Method)</Name>
              <FileRef uid="5" />
              <SequencePoints>
                <SequencePoint vc="0" uspid="470" ordinal="0" offset="0" sl="122" sc="53" el="122" ec="62" />
              </SequencePoints>
              <BranchPoints />
              <MethodPoint vc="0" uspid="469" ordinal="0" offset="0" />
            </Method>
            <Method visited="false" cyclomaticComplexity="1" sequenceCoverage="0" branchCoverage="0">
              <MetadataToken>100663352</MetadataToken>
              <Name>System.Boolean OpenCover.Framework.Persistance.FilePersistance::&lt;Commit&gt;b__32(OpenCover.Framework.Model.SequencePoint)</Name>
              <FileRef uid="5" />
              <SequencePoints>
                <SequencePoint vc="0" uspid="472" ordinal="0" offset="0" sl="136" sc="67" el="136" ec="83" />
              </SequencePoints>
              <BranchPoints />
              <MethodPoint vc="0" uspid="471" ordinal="0" offset="0" />
            </Method>
            <Method visited="false" cyclomaticComplexity="1" sequenceCoverage="0" branchCoverage="0">
              <MetadataToken>100663353</MetadataToken>
              <Name>System.Boolean OpenCover.Framework.Persistance.FilePersistance::&lt;Commit&gt;b__33(OpenCover.Framework.Model.SequencePoint)</Name>
              <FileRef uid="5" />
              <SequencePoints>
                <SequencePoint vc="0" uspid="474" ordinal="0" offset="0" sl="154" sc="82" el="154" ec="100" />
              </SequencePoints>
              <BranchPoints />
              <MethodPoint vc="0" uspid="473" ordinal="0" offset="0" />
            </Method>
            <Method visited="false" cyclomaticComplexity="1" sequenceCoverage="0" branchCoverage="0">
              <MetadataToken>100663354</MetadataToken>
              <Name>System.Boolean OpenCover.Framework.Persistance.FilePersistance::&lt;Commit&gt;b__34(OpenCover.Framework.Model.BranchPoint)</Name>
              <FileRef uid="5" />
              <SequencePoints>
                <SequencePoint vc="0" uspid="476" ordinal="0" offset="0" sl="157" sc="79" el="157" ec="97" />
              </SequencePoints>
              <BranchPoints />
              <MethodPoint vc="0" uspid="475" ordinal="0" offset="0" />
            </Method>
            <Method visited="false" cyclomaticComplexity="1" sequenceCoverage="0" branchCoverage="0">
              <MetadataToken>100663355</MetadataToken>
              <Name>System.Boolean OpenCover.Framework.Persistance.FilePersistance::&lt;Commit&gt;b__2f(OpenCover.Framework.Model.SequencePoint)</Name>
              <FileRef uid="5" />
              <SequencePoints>
                <SequencePoint vc="0" uspid="478" ordinal="0" offset="0" sl="111" sc="84" el="111" ec="100" />
              </SequencePoints>
              <BranchPoints />
              <MethodPoint vc="0" uspid="477" ordinal="0" offset="0" />
            </Method>
          </Methods>
        </Class>
        <Class>
          <FullName>OpenCover.Framework.Communication.MSG_Type</FullName>
          <Methods />
        </Class>
        <Class>
          <FullName>OpenCover.Framework.Communication.MSG_TrackAssembly_Request</FullName>
          <Methods />
        </Class>
        <Class>
          <FullName>OpenCover.Framework.Communication.MSG_TrackAssembly_Response</FullName>
          <Methods />
        </Class>
        <Class>
          <FullName>OpenCover.Framework.Communication.MSG_GetSequencePoints_Request</FullName>
          <Methods />
        </Class>
        <Class>
          <FullName>OpenCover.Framework.Communication.MSG_SequencePoint</FullName>
          <Methods />
        </Class>
        <Class>
          <FullName>OpenCover.Framework.Communication.MSG_GetSequencePoints_Response</FullName>
          <Methods />
        </Class>
        <Class>
          <FullName>OpenCover.Framework.Communication.MSG_GetBranchPoints_Request</FullName>
          <Methods />
        </Class>
        <Class>
          <FullName>OpenCover.Framework.Communication.MSG_BranchPoint</FullName>
          <Methods />
        </Class>
        <Class>
          <FullName>OpenCover.Framework.Communication.MSG_GetBranchPoints_Response</FullName>
          <Methods />
        </Class>
        <Class>
          <FullName>OpenCover.Framework.CommandLineParserBase</FullName>
          <Methods>
            <Method visited="true" cyclomaticComplexity="1" sequenceCoverage="100" branchCoverage="100">
              <MetadataToken>100663356</MetadataToken>
              <Name>System.Void OpenCover.Framework.CommandLineParserBase::.ctor(System.String[])</Name>
              <FileRef uid="6" />
              <SequencePoints>
                <SequencePoint vc="22" uspid="480" ordinal="0" offset="0" sl="20" sc="9" el="20" ec="60" />
                <SequencePoint vc="22" uspid="481" ordinal="1" offset="7" sl="21" sc="9" el="21" ec="10" />
                <SequencePoint vc="22" uspid="482" ordinal="2" offset="8" sl="22" sc="13" el="22" ec="36" />
                <SequencePoint vc="22" uspid="483" ordinal="3" offset="15" sl="23" sc="13" el="23" ec="64" />
                <SequencePoint vc="22" uspid="484" ordinal="4" offset="27" sl="24" sc="13" el="24" ec="30" />
                <SequencePoint vc="22" uspid="485" ordinal="5" offset="34" sl="25" sc="9" el="25" ec="10" />
              </SequencePoints>
              <BranchPoints />
              <MethodPoint vc="22" uspid="479" ordinal="0" offset="0" />
            </Method>
            <Method visited="true" cyclomaticComplexity="1" sequenceCoverage="0" branchCoverage="0">
              <MetadataToken>100663357</MetadataToken>
              <Name>System.Collections.Generic.IDictionary`2&lt;System.String,System.String&gt; OpenCover.Framework.CommandLineParserBase::get_ParsedArguments()</Name>
              <SequencePoints />
              <BranchPoints />
              <MethodPoint vc="109" uspid="486" ordinal="0" offset="0" />
            </Method>
            <Method visited="true" cyclomaticComplexity="1" sequenceCoverage="0" branchCoverage="0">
              <MetadataToken>100663358</MetadataToken>
              <Name>System.Void OpenCover.Framework.CommandLineParserBase::set_ParsedArguments(System.Collections.Generic.IDictionary`2&lt;System.String,System.String&gt;)</Name>
              <SequencePoints />
              <BranchPoints />
[...]
                <BranchPoint vc="7" uspid="1846" ordinal="0" offset="15" path="0" />
                <BranchPoint vc="1" uspid="1847" ordinal="1" offset="15" path="1" />
                <BranchPoint vc="5" uspid="1848" ordinal="2" offset="45" path="0" />
                <BranchPoint vc="1" uspid="1849" ordinal="3" offset="45" path="1" />
                <BranchPoint vc="2" uspid="1850" ordinal="4" offset="45" path="2" />
                <BranchPoint vc="5" uspid="1851" ordinal="5" offset="319" path="0" />
                <BranchPoint vc="3" uspid="1852" ordinal="6" offset="319" path="1" />
              </BranchPoints>
              <MethodPoint vc="5" uspid="1812" ordinal="0" offset="0" />
            </Method>
            <Method visited="false" cyclomaticComplexity="1" sequenceCoverage="0" branchCoverage="0">
              <MetadataToken>100663584</MetadataToken>
              <Name>System.Void OpenCover.Framework.Manager.ProfilerManager::SendChunkAndWaitForConfirmation(System.Int32)</Name>
              <FileRef uid="31" />
              <SequencePoints>
                <SequencePoint vc="0" uspid="1854" ordinal="0" offset="0" sl="184" sc="9" el="184" ec="10" />
                <SequencePoint vc="0" uspid="1855" ordinal="1" offset="1" sl="185" sc="13" el="185" ec="60" />
                <SequencePoint vc="0" uspid="1856" ordinal="2" offset="16" sl="186" sc="13" el="186" ec="74" />
                <SequencePoint vc="0" uspid="1857" ordinal="3" offset="36" sl="188" sc="13" el="188" ec="39" />
                <SequencePoint vc="0" uspid="1858" ordinal="4" offset="48" sl="189" sc="13" el="189" ec="77" />
                <SequencePoint vc="0" uspid="1859" ordinal="5" offset="66" sl="190" sc="13" el="190" ec="40" />
                <SequencePoint vc="0" uspid="1860" ordinal="6" offset="78" sl="191" sc="9" el="191" ec="10" />
              </SequencePoints>
              <BranchPoints />
              <MethodPoint vc="0" uspid="1853" ordinal="0" offset="0" />
            </Method>
          </Methods>
        </Class>
        <Class>
          <FullName>OpenCover.Framework.Manager.ProfilerManager/&lt;&gt;c__DisplayClass6</FullName>
          <Methods>
            <Method visited="true" cyclomaticComplexity="1" sequenceCoverage="0" branchCoverage="0">
              <MetadataToken>100663644</MetadataToken>
              <Name>System.Void OpenCover.Framework.Manager.ProfilerManager/&lt;&gt;c__DisplayClass6::.ctor()</Name>
              <SequencePoints />
              <BranchPoints />
              <MethodPoint vc="5" uspid="1861" ordinal="0" offset="0" />
            </Method>
            <Method visited="true" cyclomaticComplexity="2" sequenceCoverage="100" branchCoverage="50">
              <MetadataToken>100663645</MetadataToken>
              <Name>System.Void OpenCover.Framework.Manager.ProfilerManager/&lt;&gt;c__DisplayClass6::&lt;RunProcess&gt;b__1(System.Object)</Name>
              <FileRef uid="31" />
              <SequencePoints>
                <SequencePoint vc="5" uspid="1863" ordinal="0" offset="2" sl="70" sc="17" el="70" ec="18" />
                <SequencePoint vc="5" uspid="1864" ordinal="1" offset="3" sl="72" sc="21" el="72" ec="22" />
                <SequencePoint vc="5" uspid="1865" ordinal="2" offset="4" sl="73" sc="25" el="80" ec="28" />
                <SequencePoint vc="5" uspid="1866" ordinal="3" offset="35" sl="81" sc="21" el="81" ec="22" />
                <SequencePoint vc="5" uspid="1867" ordinal="4" offset="38" sl="83" sc="21" el="83" ec="22" />
                <SequencePoint vc="5" uspid="1868" ordinal="5" offset="39" sl="84" sc="25" el="84" ec="43" />
                <SequencePoint vc="5" uspid="1869" ordinal="6" offset="51" sl="85" sc="21" el="85" ec="22" />
                <SequencePoint vc="5" uspid="1870" ordinal="7" offset="54" sl="86" sc="17" el="86" ec="18" />
              </SequencePoints>
              <BranchPoints>
                <BranchPoint vc="5" uspid="1871" ordinal="0" offset="11" path="0" />
                <BranchPoint vc="0" uspid="1872" ordinal="1" offset="11" path="1" />
              </BranchPoints>
              <MethodPoint vc="5" uspid="1862" ordinal="0" offset="0" />
            </Method>
            <Method visited="true" cyclomaticComplexity="3" sequenceCoverage="100" branchCoverage="100">
              <MetadataToken>100663646</MetadataToken>
              <Name>System.Void OpenCover.Framework.Manager.ProfilerManager/&lt;&gt;c__DisplayClass6::&lt;RunProcess&gt;b__3(System.Object)</Name>
              <FileRef uid="31" />
              <SequencePoints>
                <SequencePoint vc="5" uspid="1874" ordinal="0" offset="0" sl="89" sc="17" el="89" ec="18" />
                <SequencePoint vc="49682" uspid="1875" ordinal="1" offset="3" sl="91" sc="21" el="91" ec="22" />
                <SequencePoint vc="49682" uspid="1876" ordinal="2" offset="4" sl="93" sc="25" el="93" ec="64" />
                <SequencePoint vc="12" uspid="1877" ordinal="3" offset="29" sl="94" sc="25" el="94" ec="26" />
                <SequencePoint vc="12" uspid="1878" ordinal="4" offset="30" sl="95" sc="29" el="95" ec="50" />
                <SequencePoint vc="5" uspid="1879" ordinal="5" offset="43" sl="96" sc="29" el="96" ec="30" />
                <SequencePoint vc="5" uspid="1880" ordinal="6" offset="44" sl="97" sc="33" el="97" ec="60" />
                <SequencePoint vc="5" uspid="1881" ordinal="7" offset="61" sl="98" sc="33" el="98" ec="49" />
                <SequencePoint vc="5" uspid="1882" ordinal="8" offset="73" sl="99" sc="33" el="99" ec="40" />
                <SequencePoint vc="7" uspid="1883" ordinal="9" offset="75" sl="102" sc="29" el="102" ec="62" />
                <SequencePoint vc="7" uspid="1884" ordinal="10" offset="93" sl="103" sc="25" el="103" ec="26" />
                <SequencePoint vc="49670" uspid="1885" ordinal="11" offset="96" sl="105" sc="25" el="105" ec="26" />
                <SequencePoint vc="49670" uspid="1886" ordinal="12" offset="97" sl="106" sc="29" el="106" ec="44" />
                <SequencePoint vc="49670" uspid="1887" ordinal="13" offset="103" sl="107" sc="25" el="107" ec="26" />
                <SequencePoint vc="49677" uspid="1888" ordinal="14" offset="104" sl="108" sc="21" el="108" ec="22" />
                <SequencePoint vc="49682" uspid="1889" ordinal="15" offset="105" sl="90" sc="21" el="90" ec="33" />
              </SequencePoints>
              <BranchPoints>
                <BranchPoint vc="12" uspid="1890" ordinal="0" offset="27" path="0" />
                <BranchPoint vc="49670" uspid="1891" ordinal="1" offset="27" path="1" />
                <BranchPoint vc="5" uspid="1892" ordinal="2" offset="41" path="0" />
                <BranchPoint vc="7" uspid="1893" ordinal="3" offset="41" path="1" />
              </BranchPoints>
              <MethodPoint vc="5" uspid="1873" ordinal="0" offset="0" />
            </Method>
            <Method visited="true" cyclomaticComplexity="2" sequenceCoverage="85" branchCoverage="50">
              <MetadataToken>100663647</MetadataToken>
              <Name>System.Void OpenCover.Framework.Manager.ProfilerManager/&lt;&gt;c__DisplayClass6::&lt;RunProcess&gt;b__2(System.Collections.Specialized.StringDictionary)</Name>
              <FileRef uid="31" />
              <SequencePoints>
                <SequencePoint vc="5" uspid="1895" ordinal="0" offset="0" sl="74" sc="25" el="74" ec="26" />
                <SequencePoint vc="5" uspid="1896" ordinal="1" offset="1" sl="75" sc="29" el="75" ec="52" />
                <SequencePoint vc="0" uspid="1897" ordinal="2" offset="12" sl="75" sc="53" el="75" ec="60" />
                <SequencePoint vc="5" uspid="1898" ordinal="3" offset="14" sl="76" sc="29" el="76" ec="73" />
                <SequencePoint vc="5" uspid="1899" ordinal="4" offset="32" sl="77" sc="29" el="77" ec="99" />
                <SequencePoint vc="5" uspid="1900" ordinal="5" offset="49" sl="78" sc="29" el="78" ec="70" />
                <SequencePoint vc="5" uspid="1901" ordinal="6" offset="66" sl="79" sc="29" el="79" ec="54" />
              </SequencePoints>
              <BranchPoints>
                <BranchPoint vc="0" uspid="1902" ordinal="0" offset="10" path="0" />
                <BranchPoint vc="5" uspid="1903" ordinal="1" offset="10" path="1" />
              </BranchPoints>
              <MethodPoint vc="5" uspid="1894" ordinal="0" offset="0" />
            </Method>
          </Methods>
        </Class>
        <Class>
          <FullName>OpenCover.Framework.Communication.MarshalWrapper</FullName>
          <Methods>
            <Method visited="false" cyclomaticComplexity="1" sequenceCoverage="0" branchCoverage="0">
              <MetadataToken>100663589</MetadataToken>
              <Name>System.Void OpenCover.Framework.Communication.MarshalWrapper::.ctor()</Name>
              <SequencePoints />
              <BranchPoints />
              <MethodPoint vc="0" uspid="1904" ordinal="0" offset="0" />
            </Method>
            <Method visited="false" cyclomaticComplexity="1" sequenceCoverage="0" branchCoverage="0">
              <MetadataToken>100663587</MetadataToken>
              <Name>T OpenCover.Framework.Communication.MarshalWrapper::PtrToStructure(System.IntPtr)</Name>
              <FileRef uid="33" />
              <SequencePoints>
                <SequencePoint vc="0" uspid="1906" ordinal="0" offset="0" sl="23" sc="9" el="23" ec="10" />
                <SequencePoint vc="0" uspid="1907" ordinal="1" offset="1" sl="24" sc="13" el="24" ec="71" />
                <SequencePoint vc="0" uspid="1908" ordinal="2" offset="25" sl="25" sc="9" el="25" ec="10" />
              </SequencePoints>
              <BranchPoints />
              <MethodPoint vc="0" uspid="1905" ordinal="0" offset="0" />
            </Method>
            <Method visited="false" cyclomaticComplexity="1" sequenceCoverage="0" branchCoverage="0">
              <MetadataToken>100663588</MetadataToken>
              <Name>System.Void OpenCover.Framework.Communication.MarshalWrapper::StructureToPtr(T,System.IntPtr,System.Boolean)</Name>
              <FileRef uid="33" />
              <SequencePoints>
                <SequencePoint vc="0" uspid="1910" ordinal="0" offset="0" sl="28" sc="9" el="28" ec="10" />
                <SequencePoint vc="0" uspid="1911" ordinal="1" offset="1" sl="29" sc="13" el="29" ec="73" />
                <SequencePoint vc="0" uspid="1912" ordinal="2" offset="15" sl="30" sc="9" el="30" ec="10" />
              </SequencePoints>
              <BranchPoints />
              <MethodPoint vc="0" uspid="1909" ordinal="0" offset="0" />
            </Method>
          </Methods>
        </Class>
        <Class>
          <FullName>&lt;&gt;f__AnonymousType0`2</FullName>
          <Methods>
            <Method visited="false" cyclomaticComplexity="1" sequenceCoverage="0" branchCoverage="0">
              <MetadataToken>100663600</MetadataToken>
              <Name>System.Void &lt;&gt;f__AnonymousType0`2::.ctor(&lt;module&gt;j__TPar,&lt;class&gt;j__TPar)</Name>
              <SequencePoints />
              <BranchPoints />
              <MethodPoint vc="0" uspid="1913" ordinal="0" offset="0" />
            </Method>
            <Method visited="false" cyclomaticComplexity="1" sequenceCoverage="0" branchCoverage="0">
              <MetadataToken>100663601</MetadataToken>
              <Name>&lt;module&gt;j__TPar &lt;&gt;f__AnonymousType0`2::get_module()</Name>
              <SequencePoints />
              <BranchPoints />
              <MethodPoint vc="0" uspid="1914" ordinal="0" offset="0" />
            </Method>
            <Method visited="false" cyclomaticComplexity="1" sequenceCoverage="0" branchCoverage="0">
              <MetadataToken>100663602</MetadataToken>
              <Name>&lt;class&gt;j__TPar &lt;&gt;f__AnonymousType0`2::get_class()</Name>
              <SequencePoints />
              <BranchPoints />
              <MethodPoint vc="0" uspid="1915" ordinal="0" offset="0" />
            </Method>
            <Method visited="false" cyclomaticComplexity="1" sequenceCoverage="0" branchCoverage="0">
              <MetadataToken>100663603</MetadataToken>
              <Name>System.String &lt;&gt;f__AnonymousType0`2::ToString()</Name>
              <SequencePoints />
              <BranchPoints />
              <MethodPoint vc="0" uspid="1916" ordinal="0" offset="0" />
            </Method>
            <Method visited="false" cyclomaticComplexity="3" sequenceCoverage="0" branchCoverage="0">
              <MetadataToken>100663604</MetadataToken>
              <Name>System.Boolean &lt;&gt;f__AnonymousType0`2::Equals(System.Object)</Name>
              <SequencePoints />
              <BranchPoints>
                <BranchPoint vc="0" uspid="1918" ordinal="0" offset="8" path="0" />
                <BranchPoint vc="0" uspid="1919" ordinal="1" offset="8" path="1" />
                <BranchPoint vc="0" uspid="1920" ordinal="2" offset="32" path="0" />
                <BranchPoint vc="0" uspid="1921" ordinal="3" offset="32" path="1" />
              </BranchPoints>
              <MethodPoint vc="0" uspid="1917" ordinal="0" offset="0" />
            </Method>
            <Method visited="false" cyclomaticComplexity="1" sequenceCoverage="0" branchCoverage="0">
              <MetadataToken>100663605</MetadataToken>
              <Name>System.Int32 &lt;&gt;f__AnonymousType0`2::GetHashCode()</Name>
              <SequencePoints />
              <BranchPoints />
              <MethodPoint vc="0" uspid="1922" ordinal="0" offset="0" />
            </Method>
          </Methods>
        </Class>
        <Class>
          <FullName>&lt;&gt;f__AnonymousType1`2</FullName>
          <Methods>
            <Method visited="false" cyclomaticComplexity="1" sequenceCoverage="0" branchCoverage="0">
              <MetadataToken>100663606</MetadataToken>
              <Name>System.Void &lt;&gt;f__AnonymousType1`2::.ctor(&lt;&lt;&gt;h__TransparentIdentifier11&gt;j__TPar,&lt;method&gt;j__TPar)</Name>
              <SequencePoints />
              <BranchPoints />
              <MethodPoint vc="0" uspid="1923" ordinal="0" offset="0" />
            </Method>
            <Method visited="false" cyclomaticComplexity="1" sequenceCoverage="0" branchCoverage="0">
              <MetadataToken>100663607</MetadataToken>
              <Name>&lt;&lt;&gt;h__TransparentIdentifier11&gt;j__TPar &lt;&gt;f__AnonymousType1`2::get_&lt;&gt;h__TransparentIdentifier11()</Name>
              <SequencePoints />
              <BranchPoints />
              <MethodPoint vc="0" uspid="1924" ordinal="0" offset="0" />
            </Method>
            <Method visited="false" cyclomaticComplexity="1" sequenceCoverage="0" branchCoverage="0">
              <MetadataToken>100663608</MetadataToken>
              <Name>&lt;method&gt;j__TPar &lt;&gt;f__AnonymousType1`2::get_method()</Name>
              <SequencePoints />
              <BranchPoints />
              <MethodPoint vc="0" uspid="1925" ordinal="0" offset="0" />
            </Method>
            <Method visited="false" cyclomaticComplexity="1" sequenceCoverage="0" branchCoverage="0">
              <MetadataToken>100663609</MetadataToken>
              <Name>System.String &lt;&gt;f__AnonymousType1`2::ToString()</Name>
              <SequencePoints />
              <BranchPoints />
              <MethodPoint vc="0" uspid="1926" ordinal="0" offset="0" />
            </Method>
            <Method visited="false" cyclomaticComplexity="3" sequenceCoverage="0" branchCoverage="0">
              <MetadataToken>100663610</MetadataToken>
              <Name>System.Boolean &lt;&gt;f__AnonymousType1`2::Equals(System.Object)</Name>
              <SequencePoints />
              <BranchPoints>
                <BranchPoint vc="0" uspid="1928" ordinal="0" offset="8" path="0" />
                <BranchPoint vc="0" uspid="1929" ordinal="1" offset="8" path="1" />
                <BranchPoint vc="0" uspid="1930" ordinal="2" offset="32" path="0" />
                <BranchPoint vc="0" uspid="1931" ordinal="3" offset="32" path="1" />
              </BranchPoints>
              <MethodPoint vc="0" uspid="1927" ordinal="0" offset="0" />
            </Method>
            <Method visited="false" cyclomaticComplexity="1" sequenceCoverage="0" branchCoverage="0">
              <MetadataToken>100663611</MetadataToken>
              <Name>System.Int32 &lt;&gt;f__AnonymousType1`2::GetHashCode()</Name>
              <SequencePoints />
              <BranchPoints />
              <MethodPoint vc="0" uspid="1932" ordinal="0" offset="0" />
            </Method>
          </Methods>
        </Class>
        <Class>
          <FullName>&lt;&gt;f__AnonymousType2`2</FullName>
          <Methods>
            <Method visited="false" cyclomaticComplexity="1" sequenceCoverage="0" branchCoverage="0">
              <MetadataToken>100663612</MetadataToken>
              <Name>System.Void &lt;&gt;f__AnonymousType2`2::.ctor(&lt;&lt;&gt;h__TransparentIdentifier14&gt;j__TPar,&lt;method&gt;j__TPar)</Name>
              <SequencePoints />
              <BranchPoints />
              <MethodPoint vc="0" uspid="1933" ordinal="0" offset="0" />
            </Method>
            <Method visited="false" cyclomaticComplexity="1" sequenceCoverage="0" branchCoverage="0">
              <MetadataToken>100663613</MetadataToken>
              <Name>&lt;&lt;&gt;h__TransparentIdentifier14&gt;j__TPar &lt;&gt;f__AnonymousType2`2::get_&lt;&gt;h__TransparentIdentifier14()</Name>
              <SequencePoints />
              <BranchPoints />
              <MethodPoint vc="0" uspid="1934" ordinal="0" offset="0" />
            </Method>
            <Method visited="false" cyclomaticComplexity="1" sequenceCoverage="0" branchCoverage="0">
              <MetadataToken>100663614</MetadataToken>
              <Name>&lt;method&gt;j__TPar &lt;&gt;f__AnonymousType2`2::get_method()</Name>
              <SequencePoints />
              <BranchPoints />
              <MethodPoint vc="0" uspid="1935" ordinal="0" offset="0" />
            </Method>
            <Method visited="false" cyclomaticComplexity="1" sequenceCoverage="0" branchCoverage="0">
              <MetadataToken>100663615</MetadataToken>
              <Name>System.String &lt;&gt;f__AnonymousType2`2::ToString()</Name>
              <SequencePoints />
              <BranchPoints />
              <MethodPoint vc="0" uspid="1936" ordinal="0" offset="0" />
            </Method>
            <Method visited="false" cyclomaticComplexity="3" sequenceCoverage="0" branchCoverage="0">
              <MetadataToken>100663616</MetadataToken>
              <Name>System.Boolean &lt;&gt;f__AnonymousType2`2::Equals(System.Object)</Name>
              <SequencePoints />
              <BranchPoints>
                <BranchPoint vc="0" uspid="1938" ordinal="0" offset="8" path="0" />
                <BranchPoint vc="0" uspid="1939" ordinal="1" offset="8" path="1" />
                <BranchPoint vc="0" uspid="1940" ordinal="2" offset="32" path="0" />
                <BranchPoint vc="0" uspid="1941" ordinal="3" offset="32" path="1" />
              </BranchPoints>
              <MethodPoint vc="0" uspid="1937" ordinal="0" offset="0" />
            </Method>
            <Method visited="false" cyclomaticComplexity="1" sequenceCoverage="0" branchCoverage="0">
              <MetadataToken>100663617</MetadataToken>
              <Name>System.Int32 &lt;&gt;f__AnonymousType2`2::GetHashCode()</Name>
              <SequencePoints />
              <BranchPoints />
              <MethodPoint vc="0" uspid="1942" ordinal="0" offset="0" />
            </Method>
          </Methods>
        </Class>
        <Class>
          <FullName>&lt;PrivateImplementationDetails&gt;{5DDE2D7D-92D1-4964-9F5D-4724FA27A800}</FullName>
          <Methods />
        </Class>
      </Classes>
    </Module>
  </Modules>
  <VisitPoints />
</CoverageSession>